<?xml version="1.0" encoding="UTF-8"?>
<!-- Generated by org.testng.reporters.JUnitXMLReporter -->
<testsuite ignored="6" hostname="DESKTOP-33C0BU9" failures="0" tests="6" name="Default test" time="25.852" errors="0" timestamp="2024-09-03T20:32:27 IST">
  <testcase classname="api.tests.datadriven.users.postTests" name="PostUserTestMethod1" time="7.889"/>
  <testcase classname="api.tests.datadriven.users.postTests" name="PostUserTestMethod1" time="4.187"/>
  <testcase classname="api.tests.datadriven.users.postTests" name="PostUserTestMethod1" time="2.553"/>
  <testcase classname="api.tests.datadriven.users.postTests" name="PostUserTestMethod1" time="2.929"/>
  <testcase classname="api.tests.datadriven.users.postTests" name="PostUserTestMethod1" time="2.132"/>
  <testcase classname="api.tests.datadriven.users.postTests" name="PostUserTestMethod1" time="3.745"/>
  <testcase classname="api.tests.datadriven.users.postTests" name="PostUserTestMethod5" time="0.0">
    <ignored/>
  </testcase> <!-- PostUserTestMethod5 -->
  <testcase classname="api.tests.datadriven.users.postTests" name="PostUserTestMethod4" time="0.0">
    <ignored/>
  </testcase> <!-- PostUserTestMethod4 -->
  <testcase classname="api.tests.datadriven.users.postTests" name="PostUserTestMethod3" time="0.0">
    <ignored/>
  </testcase> <!-- PostUserTestMethod3 -->
  <testcase classname="api.tests.datadriven.users.postTests" name="PostUserTestMethod2" time="0.0">
    <ignored/>
  </testcase> <!-- PostUserTestMethod2 -->
  <testcase classname="api.tests.datadriven.users.postTests" name="PostUserTestMethod7" time="0.0">
    <ignored/>
  </testcase> <!-- PostUserTestMethod7 -->
  <testcase classname="api.tests.datadriven.users.postTests" name="PostUserTestMethod6" time="0.0">
    <ignored/>
  </testcase> <!-- PostUserTestMethod6 -->
</testsuite> <!-- Default test -->
