<?xml version="1.0" encoding="UTF-8"?>
<testsuite xmlns:xsi="http://www.w3.org/2001/XMLSchema-instance" xsi:noNamespaceSchemaLocation="https://maven.apache.org/surefire/maven-surefire-plugin/xsd/surefire-test-report.xsd" version="3.0.2" name="TestSuite" time="537.206" tests="168" errors="0" skipped="0" failures="12">
  <properties>
[...]
</properties>
  <testcase name="PostUserTestMethod1[1010, testuser1, test1, user1, test1.user1@gmail.com, user1Pass1, 8978454678, 0](1)" classname="api.tests.datadriven.users.postTests" time="4.961">
    <system-out><![CDATA[POST URL :https://petstore.swagger.io/v2/user
Response : {
    "code": 200,
    "type": "unknown",
    "message": "1010"
} username :testuser1
]]></system-out>
    <system-err><![CDATA[SLF4J: Failed to load class "org.slf4j.impl.StaticLoggerBinder".
SLF4J: Defaulting to no-operation (NOP) logger implementation
SLF4J: See http://www.slf4j.org/codes.html#StaticLoggerBinder for further details.
ERROR StatusLogger Log4j2 could not find a logging implementation. Please add log4j-core to the classpath. Using SimpleLogger to log to the console...
]]></system-err>
  </testcase>
  <testcase name="PostUserTestMethod1[1011, testuser2, test2, user2, test2.user2@gmail.com, user1Pass2, 8978454679, 0](2)" classname="api.tests.datadriven.users.postTests" time="1.69">
    <system-out><![CDATA[POST URL :https://petstore.swagger.io/v2/user
Response : {
    "code": 200,
    "type": "unknown",
    "message": "1011"
} username :testuser2
]]></system-out>
  </testcase>
  <testcase name="PostUserTestMethod1[1012, testuser3, test3, user3, test3.user3@gmail.com, user1Pass3, 8978454680, 0](3)" classname="api.tests.datadriven.users.postTests" time="1.597">
    <system-out><![CDATA[POST URL :https://petstore.swagger.io/v2/user
Response : {
    "code": 200,
    "type": "unknown",
    "message": "1012"
} username :testuser3
]]></system-out>
  </testcase>
  <testcase name="PostUserTestMethod1[1013, testuser4, test4, user4, test4.user4@gmail.com, user1Pass4, 8978454681, 0](4)" classname="api.tests.datadriven.users.postTests" time="1.995">
    <system-out><![CDATA[POST URL :https://petstore.swagger.io/v2/user
Response : {
    "code": 200,
    "type": "unknown",
    "message": "1013"
} username :testuser4
]]></system-out>
  </testcase>
  <testcase name="PostUserTestMethod1[1014, testuser5, test5, user5, test5.user5@gmail.com, user1Pass5, 8978454682, 0](5)" classname="api.tests.datadriven.users.postTests" time="1.687">
    <system-out><![CDATA[POST URL :https://petstore.swagger.io/v2/user
Response : {
    "code": 200,
    "type": "unknown",
    "message": "1014"
} username :testuser5
]]></system-out>
  </testcase>
  <testcase name="PostUserTestMethod1[1015, testuser6, test6, user6, test6.user6@gmail.com, user1Pass6, 8978454683, 0](6)" classname="api.tests.datadriven.users.postTests" time="2.051">
    <system-out><![CDATA[POST URL :https://petstore.swagger.io/v2/user
Response : {
    "code": 200,
    "type": "unknown",
    "message": "1015"
} username :testuser6
]]></system-out>
  </testcase>
  <testcase name="PostUserTestMethod2[1010, testuser1, test1, user1, test1.user1@gmail.com, user1Pass1, 8978454678, 0](1)" classname="api.tests.datadriven.users.postTests" time="2.044">
    <system-out><![CDATA[POST URL :https://petstore.swagger.io/v2/user
]]></system-out>
  </testcase>
  <testcase name="PostUserTestMethod2[1011, testuser2, test2, user2, test2.user2@gmail.com, user1Pass2, 8978454679, 0](2)" classname="api.tests.datadriven.users.postTests" time="1.835">
    <system-out><![CDATA[POST URL :https://petstore.swagger.io/v2/user
]]></system-out>
  </testcase>
  <testcase name="PostUserTestMethod2[1012, testuser3, test3, user3, test3.user3@gmail.com, user1Pass3, 8978454680, 0](3)" classname="api.tests.datadriven.users.postTests" time="2.048">
    <system-out><![CDATA[POST URL :https://petstore.swagger.io/v2/user
]]></system-out>
  </testcase>
  <testcase name="PostUserTestMethod2[1013, testuser4, test4, user4, test4.user4@gmail.com, user1Pass4, 8978454681, 0](4)" classname="api.tests.datadriven.users.postTests" time="1.536">
    <system-out><![CDATA[POST URL :https://petstore.swagger.io/v2/user
]]></system-out>
  </testcase>
  <testcase name="PostUserTestMethod2[1014, testuser5, test5, user5, test5.user5@gmail.com, user1Pass5, 8978454682, 0](5)" classname="api.tests.datadriven.users.postTests" time="1.944">
    <system-out><![CDATA[POST URL :https://petstore.swagger.io/v2/user
]]></system-out>
  </testcase>
  <testcase name="PostUserTestMethod2[1015, testuser6, test6, user6, test6.user6@gmail.com, user1Pass6, 8978454683, 0](6)" classname="api.tests.datadriven.users.postTests" time="2.044">
    <system-out><![CDATA[POST URL :https://petstore.swagger.io/v2/user
]]></system-out>
  </testcase>
  <testcase name="PostUserTestMethod3[1010, testuser1, test1, user1, test1.user1@gmail.com, user1Pass1, 8978454678, 0](1)" classname="api.tests.datadriven.users.postTests" time="1.683">
    <system-out><![CDATA[POST URL :https://petstore.swagger.io/v2/user
]]></system-out>
  </testcase>
  <testcase name="PostUserTestMethod3[1011, testuser2, test2, user2, test2.user2@gmail.com, user1Pass2, 8978454679, 0](2)" classname="api.tests.datadriven.users.postTests" time="1.839">
    <system-out><![CDATA[POST URL :https://petstore.swagger.io/v2/user
]]></system-out>
  </testcase>
  <testcase name="PostUserTestMethod3[1012, testuser3, test3, user3, test3.user3@gmail.com, user1Pass3, 8978454680, 0](3)" classname="api.tests.datadriven.users.postTests" time="1.84">
    <system-out><![CDATA[POST URL :https://petstore.swagger.io/v2/user
]]></system-out>
  </testcase>
  <testcase name="PostUserTestMethod3[1013, testuser4, test4, user4, test4.user4@gmail.com, user1Pass4, 8978454681, 0](4)" classname="api.tests.datadriven.users.postTests" time="1.84">
    <system-out><![CDATA[POST URL :https://petstore.swagger.io/v2/user
]]></system-out>
  </testcase>
  <testcase name="PostUserTestMethod3[1014, testuser5, test5, user5, test5.user5@gmail.com, user1Pass5, 8978454682, 0](5)" classname="api.tests.datadriven.users.postTests" time="1.643">
    <system-out><![CDATA[POST URL :https://petstore.swagger.io/v2/user
]]></system-out>
  </testcase>
  <testcase name="PostUserTestMethod3[1015, testuser6, test6, user6, test6.user6@gmail.com, user1Pass6, 8978454683, 0](6)" classname="api.tests.datadriven.users.postTests" time="1.82">
    <system-out><![CDATA[POST URL :https://petstore.swagger.io/v2/user
]]></system-out>
  </testcase>
  <testcase name="PostUserTestMethod4[1010, testuser1, test1, user1, test1.user1@gmail.com, user1Pass1, 8978454678, 0](1)" classname="api.tests.datadriven.users.postTests" time="1.97">
    <system-out><![CDATA[POST URL :https://petstore.swagger.io/v2/user
]]></system-out>
  </testcase>
  <testcase name="PostUserTestMethod4[1011, testuser2, test2, user2, test2.user2@gmail.com, user1Pass2, 8978454679, 0](2)" classname="api.tests.datadriven.users.postTests" time="1.637">
    <system-out><![CDATA[POST URL :https://petstore.swagger.io/v2/user
]]></system-out>
  </testcase>
  <testcase name="PostUserTestMethod4[1012, testuser3, test3, user3, test3.user3@gmail.com, user1Pass3, 8978454680, 0](3)" classname="api.tests.datadriven.users.postTests" time="1.663">
    <system-out><![CDATA[POST URL :https://petstore.swagger.io/v2/user
]]></system-out>
  </testcase>
  <testcase name="PostUserTestMethod4[1013, testuser4, test4, user4, test4.user4@gmail.com, user1Pass4, 8978454681, 0](4)" classname="api.tests.datadriven.users.postTests" time="1.611">
    <system-out><![CDATA[POST URL :https://petstore.swagger.io/v2/user
]]></system-out>
  </testcase>
  <testcase name="PostUserTestMethod4[1014, testuser5, test5, user5, test5.user5@gmail.com, user1Pass5, 8978454682, 0](5)" classname="api.tests.datadriven.users.postTests" time="2.049">
    <system-out><![CDATA[POST URL :https://petstore.swagger.io/v2/user
]]></system-out>
  </testcase>
  <testcase name="PostUserTestMethod4[1015, testuser6, test6, user6, test6.user6@gmail.com, user1Pass6, 8978454683, 0](6)" classname="api.tests.datadriven.users.postTests" time="1.637">
    <system-out><![CDATA[POST URL :https://petstore.swagger.io/v2/user
]]></system-out>
  </testcase>
  <testcase name="PostUserTestMethod5[1010, testuser1, test1, user1, test1.user1@gmail.com, user1Pass1, 8978454678, 0](1)" classname="api.tests.datadriven.users.postTests" time="2.287">
    <system-out><![CDATA[POST URL :https://petstore.swagger.io/v2/user
{
    "code": 200,
    "type": "unknown",
    "message": "1010"
}
]]></system-out>
  </testcase>
  <testcase name="PostUserTestMethod5[1011, testuser2, test2, user2, test2.user2@gmail.com, user1Pass2, 8978454679, 0](2)" classname="api.tests.datadriven.users.postTests" time="1.211">
    <system-out><![CDATA[POST URL :https://petstore.swagger.io/v2/user
{
    "code": 200,
    "type": "unknown",
    "message": "1011"
}
]]></system-out>
  </testcase>
  <testcase name="PostUserTestMethod5[1012, testuser3, test3, user3, test3.user3@gmail.com, user1Pass3, 8978454680, 0](3)" classname="api.tests.datadriven.users.postTests" time="1.557">
    <system-out><![CDATA[POST URL :https://petstore.swagger.io/v2/user
{
    "code": 200,
    "type": "unknown",
    "message": "1012"
}
]]></system-out>
  </testcase>
  <testcase name="PostUserTestMethod5[1013, testuser4, test4, user4, test4.user4@gmail.com, user1Pass4, 8978454681, 0](4)" classname="api.tests.datadriven.users.postTests" time="1.843">
    <system-out><![CDATA[POST URL :https://petstore.swagger.io/v2/user
{
    "code": 200,
    "type": "unknown",
    "message": "1013"
}
]]></system-out>
  </testcase>
  <testcase name="PostUserTestMethod5[1014, testuser5, test5, user5, test5.user5@gmail.com, user1Pass5, 8978454682, 0](5)" classname="api.tests.datadriven.users.postTests" time="1.559">
    <system-out><![CDATA[POST URL :https://petstore.swagger.io/v2/user
{
    "code": 200,
    "type": "unknown",
    "message": "1014"
}
]]></system-out>
  </testcase>
  <testcase name="PostUserTestMethod5[1015, testuser6, test6, user6, test6.user6@gmail.com, user1Pass6, 8978454683, 0](6)" classname="api.tests.datadriven.users.postTests" time="2.126">
    <system-out><![CDATA[POST URL :https://petstore.swagger.io/v2/user
{
    "code": 200,
    "type": "unknown",
    "message": "1015"
}
]]></system-out>
  </testcase>
  <testcase name="PostUserTestMethod6[1010, testuser1, test1, user1, test1.user1@gmail.com, user1Pass1, 8978454678, 0](1)" classname="api.tests.datadriven.users.postTests" time="2.588">
    <failure message="&#10;Expected: is a value greater than &lt;6&gt;&#10;     but: &lt;4&gt; was less than &lt;6&gt;" type="java.lang.AssertionError"><![CDATA[java.lang.AssertionError: 

Expected: is a value greater than <6>
     but: <4> was less than <6>
	at org.hamcrest.MatcherAssert.assertThat(MatcherAssert.java:20)
	at org.hamcrest.MatcherAssert.assertThat(MatcherAssert.java:6)
	at api.tests.datadriven.users.postTests.PostUserTestMethod6(postTests.java:184)
	at java.base/jdk.internal.reflect.DirectMethodHandleAccessor.invoke(DirectMethodHandleAccessor.java:103)
	at java.base/java.lang.reflect.Method.invoke(Method.java:580)
	at org.testng.internal.invokers.MethodInvocationHelper.invokeMethod(MethodInvocationHelper.java:141)
	at org.testng.internal.invokers.TestInvoker.invokeMethod(TestInvoker.java:686)
	at org.testng.internal.invokers.TestInvoker.invokeTestMethod(TestInvoker.java:230)
	at org.testng.internal.invokers.MethodRunner.runInSequence(MethodRunner.java:63)
	at org.testng.internal.invokers.TestInvoker$MethodInvocationAgent.invoke(TestInvoker.java:992)
	at org.testng.internal.invokers.TestInvoker.invokeTestMethods(TestInvoker.java:203)
	at org.testng.internal.invokers.TestMethodWorker.invokeTestMethods(TestMethodWorker.java:154)
	at org.testng.internal.invokers.TestMethodWorker.run(TestMethodWorker.java:134)
	at java.base/java.util.ArrayList.forEach(ArrayList.java:1596)
	at org.testng.TestRunner.privateRun(TestRunner.java:739)
	at org.testng.TestRunner.run(TestRunner.java:614)
	at org.testng.SuiteRunner.runTest(SuiteRunner.java:421)
	at org.testng.SuiteRunner.runSequentially(SuiteRunner.java:413)
	at org.testng.SuiteRunner.privateRun(SuiteRunner.java:373)
	at org.testng.SuiteRunner.run(SuiteRunner.java:312)
	at org.testng.SuiteRunnerWorker.runSuite(SuiteRunnerWorker.java:52)
	at org.testng.SuiteRunnerWorker.run(SuiteRunnerWorker.java:95)
	at org.testng.TestNG.runSuitesSequentially(TestNG.java:1274)
	at org.testng.TestNG.runSuitesLocally(TestNG.java:1208)
	at org.testng.TestNG.runSuites(TestNG.java:1112)
	at org.testng.TestNG.run(TestNG.java:1079)
	at org.apache.maven.surefire.testng.TestNGExecutor.run(TestNGExecutor.java:308)
	at org.apache.maven.surefire.testng.TestNGXmlTestSuite.execute(TestNGXmlTestSuite.java:71)
	at org.apache.maven.surefire.testng.TestNGProvider.invoke(TestNGProvider.java:113)
	at org.apache.maven.surefire.booter.ForkedBooter.runSuitesInProcess(ForkedBooter.java:385)
	at org.apache.maven.surefire.booter.ForkedBooter.execute(ForkedBooter.java:162)
	at org.apache.maven.surefire.booter.ForkedBooter.run(ForkedBooter.java:507)
	at org.apache.maven.surefire.booter.ForkedBooter.main(ForkedBooter.java:495)
]]></failure>
    <system-out><![CDATA[POST URL :https://petstore.swagger.io/v2/user
]]></system-out>
  </testcase>
  <testcase name="PostUserTestMethod6[1011, testuser2, test2, user2, test2.user2@gmail.com, user1Pass2, 8978454679, 0](2)" classname="api.tests.datadriven.users.postTests" time="1.812">
    <failure message="&#10;Expected: is a value greater than &lt;6&gt;&#10;     but: &lt;4&gt; was less than &lt;6&gt;" type="java.lang.AssertionError"><![CDATA[java.lang.AssertionError: 

Expected: is a value greater than <6>
     but: <4> was less than <6>
	at org.hamcrest.MatcherAssert.assertThat(MatcherAssert.java:20)
	at org.hamcrest.MatcherAssert.assertThat(MatcherAssert.java:6)
	at api.tests.datadriven.users.postTests.PostUserTestMethod6(postTests.java:184)
	at java.base/jdk.internal.reflect.DirectMethodHandleAccessor.invoke(DirectMethodHandleAccessor.java:103)
	at java.base/java.lang.reflect.Method.invoke(Method.java:580)
	at org.testng.internal.invokers.MethodInvocationHelper.invokeMethod(MethodInvocationHelper.java:141)
	at org.testng.internal.invokers.TestInvoker.invokeMethod(TestInvoker.java:686)
	at org.testng.internal.invokers.TestInvoker.invokeTestMethod(TestInvoker.java:230)
	at org.testng.internal.invokers.MethodRunner.runInSequence(MethodRunner.java:63)
	at org.testng.internal.invokers.TestInvoker$MethodInvocationAgent.invoke(TestInvoker.java:992)
	at org.testng.internal.invokers.TestInvoker.invokeTestMethods(TestInvoker.java:203)
	at org.testng.internal.invokers.TestMethodWorker.invokeTestMethods(TestMethodWorker.java:154)
	at org.testng.internal.invokers.TestMethodWorker.run(TestMethodWorker.java:134)
	at java.base/java.util.ArrayList.forEach(ArrayList.java:1596)
	at org.testng.TestRunner.privateRun(TestRunner.java:739)
	at org.testng.TestRunner.run(TestRunner.java:614)
	at org.testng.SuiteRunner.runTest(SuiteRunner.java:421)
	at org.testng.SuiteRunner.runSequentially(SuiteRunner.java:413)
	at org.testng.SuiteRunner.privateRun(SuiteRunner.java:373)
	at org.testng.SuiteRunner.run(SuiteRunner.java:312)
	at org.testng.SuiteRunnerWorker.runSuite(SuiteRunnerWorker.java:52)
	at org.testng.SuiteRunnerWorker.run(SuiteRunnerWorker.java:95)
	at org.testng.TestNG.runSuitesSequentially(TestNG.java:1274)
	at org.testng.TestNG.runSuitesLocally(TestNG.java:1208)
	at org.testng.TestNG.runSuites(TestNG.java:1112)
	at org.testng.TestNG.run(TestNG.java:1079)
	at org.apache.maven.surefire.testng.TestNGExecutor.run(TestNGExecutor.java:308)
	at org.apache.maven.surefire.testng.TestNGXmlTestSuite.execute(TestNGXmlTestSuite.java:71)
	at org.apache.maven.surefire.testng.TestNGProvider.invoke(TestNGProvider.java:113)
	at org.apache.maven.surefire.booter.ForkedBooter.runSuitesInProcess(ForkedBooter.java:385)
	at org.apache.maven.surefire.booter.ForkedBooter.execute(ForkedBooter.java:162)
	at org.apache.maven.surefire.booter.ForkedBooter.run(ForkedBooter.java:507)
	at org.apache.maven.surefire.booter.ForkedBooter.main(ForkedBooter.java:495)
]]></failure>
    <system-out><![CDATA[POST URL :https://petstore.swagger.io/v2/user
]]></system-out>
  </testcase>
  <testcase name="PostUserTestMethod6[1012, testuser3, test3, user3, test3.user3@gmail.com, user1Pass3, 8978454680, 0](3)" classname="api.tests.datadriven.users.postTests" time="1.635">
    <failure message="&#10;Expected: is a value greater than &lt;6&gt;&#10;     but: &lt;4&gt; was less than &lt;6&gt;" type="java.lang.AssertionError"><![CDATA[java.lang.AssertionError: 

Expected: is a value greater than <6>
     but: <4> was less than <6>
	at org.hamcrest.MatcherAssert.assertThat(MatcherAssert.java:20)
	at org.hamcrest.MatcherAssert.assertThat(MatcherAssert.java:6)
	at api.tests.datadriven.users.postTests.PostUserTestMethod6(postTests.java:184)
	at java.base/jdk.internal.reflect.DirectMethodHandleAccessor.invoke(DirectMethodHandleAccessor.java:103)
	at java.base/java.lang.reflect.Method.invoke(Method.java:580)
	at org.testng.internal.invokers.MethodInvocationHelper.invokeMethod(MethodInvocationHelper.java:141)
	at org.testng.internal.invokers.TestInvoker.invokeMethod(TestInvoker.java:686)
	at org.testng.internal.invokers.TestInvoker.invokeTestMethod(TestInvoker.java:230)
	at org.testng.internal.invokers.MethodRunner.runInSequence(MethodRunner.java:63)
	at org.testng.internal.invokers.TestInvoker$MethodInvocationAgent.invoke(TestInvoker.java:992)
	at org.testng.internal.invokers.TestInvoker.invokeTestMethods(TestInvoker.java:203)
	at org.testng.internal.invokers.TestMethodWorker.invokeTestMethods(TestMethodWorker.java:154)
	at org.testng.internal.invokers.TestMethodWorker.run(TestMethodWorker.java:134)
	at java.base/java.util.ArrayList.forEach(ArrayList.java:1596)
	at org.testng.TestRunner.privateRun(TestRunner.java:739)
	at org.testng.TestRunner.run(TestRunner.java:614)
	at org.testng.SuiteRunner.runTest(SuiteRunner.java:421)
	at org.testng.SuiteRunner.runSequentially(SuiteRunner.java:413)
	at org.testng.SuiteRunner.privateRun(SuiteRunner.java:373)
	at org.testng.SuiteRunner.run(SuiteRunner.java:312)
	at org.testng.SuiteRunnerWorker.runSuite(SuiteRunnerWorker.java:52)
	at org.testng.SuiteRunnerWorker.run(SuiteRunnerWorker.java:95)
	at org.testng.TestNG.runSuitesSequentially(TestNG.java:1274)
	at org.testng.TestNG.runSuitesLocally(TestNG.java:1208)
	at org.testng.TestNG.runSuites(TestNG.java:1112)
	at org.testng.TestNG.run(TestNG.java:1079)
	at org.apache.maven.surefire.testng.TestNGExecutor.run(TestNGExecutor.java:308)
	at org.apache.maven.surefire.testng.TestNGXmlTestSuite.execute(TestNGXmlTestSuite.java:71)
	at org.apache.maven.surefire.testng.TestNGProvider.invoke(TestNGProvider.java:113)
	at org.apache.maven.surefire.booter.ForkedBooter.runSuitesInProcess(ForkedBooter.java:385)
	at org.apache.maven.surefire.booter.ForkedBooter.execute(ForkedBooter.java:162)
	at org.apache.maven.surefire.booter.ForkedBooter.run(ForkedBooter.java:507)
	at org.apache.maven.surefire.booter.ForkedBooter.main(ForkedBooter.java:495)
]]></failure>
    <system-out><![CDATA[POST URL :https://petstore.swagger.io/v2/user
]]></system-out>
  </testcase>
  <testcase name="PostUserTestMethod6[1013, testuser4, test4, user4, test4.user4@gmail.com, user1Pass4, 8978454681, 0](4)" classname="api.tests.datadriven.users.postTests" time="2.057">
    <failure message="&#10;Expected: is a value greater than &lt;6&gt;&#10;     but: &lt;4&gt; was less than &lt;6&gt;" type="java.lang.AssertionError"><![CDATA[java.lang.AssertionError: 

Expected: is a value greater than <6>
     but: <4> was less than <6>
	at org.hamcrest.MatcherAssert.assertThat(MatcherAssert.java:20)
	at org.hamcrest.MatcherAssert.assertThat(MatcherAssert.java:6)
	at api.tests.datadriven.users.postTests.PostUserTestMethod6(postTests.java:184)
	at java.base/jdk.internal.reflect.DirectMethodHandleAccessor.invoke(DirectMethodHandleAccessor.java:103)
	at java.base/java.lang.reflect.Method.invoke(Method.java:580)
	at org.testng.internal.invokers.MethodInvocationHelper.invokeMethod(MethodInvocationHelper.java:141)
	at org.testng.internal.invokers.TestInvoker.invokeMethod(TestInvoker.java:686)
	at org.testng.internal.invokers.TestInvoker.invokeTestMethod(TestInvoker.java:230)
	at org.testng.internal.invokers.MethodRunner.runInSequence(MethodRunner.java:63)
	at org.testng.internal.invokers.TestInvoker$MethodInvocationAgent.invoke(TestInvoker.java:992)
	at org.testng.internal.invokers.TestInvoker.invokeTestMethods(TestInvoker.java:203)
	at org.testng.internal.invokers.TestMethodWorker.invokeTestMethods(TestMethodWorker.java:154)
	at org.testng.internal.invokers.TestMethodWorker.run(TestMethodWorker.java:134)
	at java.base/java.util.ArrayList.forEach(ArrayList.java:1596)
	at org.testng.TestRunner.privateRun(TestRunner.java:739)
	at org.testng.TestRunner.run(TestRunner.java:614)
	at org.testng.SuiteRunner.runTest(SuiteRunner.java:421)
	at org.testng.SuiteRunner.runSequentially(SuiteRunner.java:413)
	at org.testng.SuiteRunner.privateRun(SuiteRunner.java:373)
	at org.testng.SuiteRunner.run(SuiteRunner.java:312)
	at org.testng.SuiteRunnerWorker.runSuite(SuiteRunnerWorker.java:52)
	at org.testng.SuiteRunnerWorker.run(SuiteRunnerWorker.java:95)
	at org.testng.TestNG.runSuitesSequentially(TestNG.java:1274)
	at org.testng.TestNG.runSuitesLocally(TestNG.java:1208)
	at org.testng.TestNG.runSuites(TestNG.java:1112)
	at org.testng.TestNG.run(TestNG.java:1079)
	at org.apache.maven.surefire.testng.TestNGExecutor.run(TestNGExecutor.java:308)
	at org.apache.maven.surefire.testng.TestNGXmlTestSuite.execute(TestNGXmlTestSuite.java:71)
	at org.apache.maven.surefire.testng.TestNGProvider.invoke(TestNGProvider.java:113)
	at org.apache.maven.surefire.booter.ForkedBooter.runSuitesInProcess(ForkedBooter.java:385)
	at org.apache.maven.surefire.booter.ForkedBooter.execute(ForkedBooter.java:162)
	at org.apache.maven.surefire.booter.ForkedBooter.run(ForkedBooter.java:507)
	at org.apache.maven.surefire.booter.ForkedBooter.main(ForkedBooter.java:495)
]]></failure>
    <system-out><![CDATA[POST URL :https://petstore.swagger.io/v2/user
]]></system-out>
  </testcase>
  <testcase name="PostUserTestMethod6[1014, testuser5, test5, user5, test5.user5@gmail.com, user1Pass5, 8978454682, 0](5)" classname="api.tests.datadriven.users.postTests" time="1.844">
    <failure message="&#10;Expected: is a value greater than &lt;6&gt;&#10;     but: &lt;4&gt; was less than &lt;6&gt;" type="java.lang.AssertionError"><![CDATA[java.lang.AssertionError: 

Expected: is a value greater than <6>
     but: <4> was less than <6>
	at org.hamcrest.MatcherAssert.assertThat(MatcherAssert.java:20)
	at org.hamcrest.MatcherAssert.assertThat(MatcherAssert.java:6)
	at api.tests.datadriven.users.postTests.PostUserTestMethod6(postTests.java:184)
	at java.base/jdk.internal.reflect.DirectMethodHandleAccessor.invoke(DirectMethodHandleAccessor.java:103)
	at java.base/java.lang.reflect.Method.invoke(Method.java:580)
	at org.testng.internal.invokers.MethodInvocationHelper.invokeMethod(MethodInvocationHelper.java:141)
	at org.testng.internal.invokers.TestInvoker.invokeMethod(TestInvoker.java:686)
	at org.testng.internal.invokers.TestInvoker.invokeTestMethod(TestInvoker.java:230)
	at org.testng.internal.invokers.MethodRunner.runInSequence(MethodRunner.java:63)
	at org.testng.internal.invokers.TestInvoker$MethodInvocationAgent.invoke(TestInvoker.java:992)
	at org.testng.internal.invokers.TestInvoker.invokeTestMethods(TestInvoker.java:203)
	at org.testng.internal.invokers.TestMethodWorker.invokeTestMethods(TestMethodWorker.java:154)
	at org.testng.internal.invokers.TestMethodWorker.run(TestMethodWorker.java:134)
	at java.base/java.util.ArrayList.forEach(ArrayList.java:1596)
	at org.testng.TestRunner.privateRun(TestRunner.java:739)
	at org.testng.TestRunner.run(TestRunner.java:614)
	at org.testng.SuiteRunner.runTest(SuiteRunner.java:421)
	at org.testng.SuiteRunner.runSequentially(SuiteRunner.java:413)
	at org.testng.SuiteRunner.privateRun(SuiteRunner.java:373)
	at org.testng.SuiteRunner.run(SuiteRunner.java:312)
	at org.testng.SuiteRunnerWorker.runSuite(SuiteRunnerWorker.java:52)
	at org.testng.SuiteRunnerWorker.run(SuiteRunnerWorker.java:95)
	at org.testng.TestNG.runSuitesSequentially(TestNG.java:1274)
	at org.testng.TestNG.runSuitesLocally(TestNG.java:1208)
	at org.testng.TestNG.runSuites(TestNG.java:1112)
	at org.testng.TestNG.run(TestNG.java:1079)
	at org.apache.maven.surefire.testng.TestNGExecutor.run(TestNGExecutor.java:308)
	at org.apache.maven.surefire.testng.TestNGXmlTestSuite.execute(TestNGXmlTestSuite.java:71)
	at org.apache.maven.surefire.testng.TestNGProvider.invoke(TestNGProvider.java:113)
	at org.apache.maven.surefire.booter.ForkedBooter.runSuitesInProcess(ForkedBooter.java:385)
	at org.apache.maven.surefire.booter.ForkedBooter.execute(ForkedBooter.java:162)
	at org.apache.maven.surefire.booter.ForkedBooter.run(ForkedBooter.java:507)
	at org.apache.maven.surefire.booter.ForkedBooter.main(ForkedBooter.java:495)
]]></failure>
    <system-out><![CDATA[POST URL :https://petstore.swagger.io/v2/user
]]></system-out>
  </testcase>
  <testcase name="PostUserTestMethod6[1015, testuser6, test6, user6, test6.user6@gmail.com, user1Pass6, 8978454683, 0](6)" classname="api.tests.datadriven.users.postTests" time="2.03">
    <failure message="&#10;Expected: is a value greater than &lt;6&gt;&#10;     but: &lt;4&gt; was less than &lt;6&gt;" type="java.lang.AssertionError"><![CDATA[java.lang.AssertionError: 

Expected: is a value greater than <6>
     but: <4> was less than <6>
	at org.hamcrest.MatcherAssert.assertThat(MatcherAssert.java:20)
	at org.hamcrest.MatcherAssert.assertThat(MatcherAssert.java:6)
	at api.tests.datadriven.users.postTests.PostUserTestMethod6(postTests.java:184)
	at java.base/jdk.internal.reflect.DirectMethodHandleAccessor.invoke(DirectMethodHandleAccessor.java:103)
	at java.base/java.lang.reflect.Method.invoke(Method.java:580)
	at org.testng.internal.invokers.MethodInvocationHelper.invokeMethod(MethodInvocationHelper.java:141)
	at org.testng.internal.invokers.TestInvoker.invokeMethod(TestInvoker.java:686)
	at org.testng.internal.invokers.TestInvoker.invokeTestMethod(TestInvoker.java:230)
	at org.testng.internal.invokers.MethodRunner.runInSequence(MethodRunner.java:63)
	at org.testng.internal.invokers.TestInvoker$MethodInvocationAgent.invoke(TestInvoker.java:992)
	at org.testng.internal.invokers.TestInvoker.invokeTestMethods(TestInvoker.java:203)
	at org.testng.internal.invokers.TestMethodWorker.invokeTestMethods(TestMethodWorker.java:154)
	at org.testng.internal.invokers.TestMethodWorker.run(TestMethodWorker.java:134)
	at java.base/java.util.ArrayList.forEach(ArrayList.java:1596)
	at org.testng.TestRunner.privateRun(TestRunner.java:739)
	at org.testng.TestRunner.run(TestRunner.java:614)
	at org.testng.SuiteRunner.runTest(SuiteRunner.java:421)
	at org.testng.SuiteRunner.runSequentially(SuiteRunner.java:413)
	at org.testng.SuiteRunner.privateRun(SuiteRunner.java:373)
	at org.testng.SuiteRunner.run(SuiteRunner.java:312)
	at org.testng.SuiteRunnerWorker.runSuite(SuiteRunnerWorker.java:52)
	at org.testng.SuiteRunnerWorker.run(SuiteRunnerWorker.java:95)
	at org.testng.TestNG.runSuitesSequentially(TestNG.java:1274)
	at org.testng.TestNG.runSuitesLocally(TestNG.java:1208)
	at org.testng.TestNG.runSuites(TestNG.java:1112)
	at org.testng.TestNG.run(TestNG.java:1079)
	at org.apache.maven.surefire.testng.TestNGExecutor.run(TestNGExecutor.java:308)
	at org.apache.maven.surefire.testng.TestNGXmlTestSuite.execute(TestNGXmlTestSuite.java:71)
	at org.apache.maven.surefire.testng.TestNGProvider.invoke(TestNGProvider.java:113)
	at org.apache.maven.surefire.booter.ForkedBooter.runSuitesInProcess(ForkedBooter.java:385)
	at org.apache.maven.surefire.booter.ForkedBooter.execute(ForkedBooter.java:162)
	at org.apache.maven.surefire.booter.ForkedBooter.run(ForkedBooter.java:507)
	at org.apache.maven.surefire.booter.ForkedBooter.main(ForkedBooter.java:495)
]]></failure>
    <system-out><![CDATA[POST URL :https://petstore.swagger.io/v2/user
]]></system-out>
  </testcase>
  <testcase name="PostUserTestMethod7[1010, testuser1, test1, user1, test1.user1@gmail.com, user1Pass1, 8978454678, 0](1)" classname="api.tests.datadriven.users.postTests" time="1.924">
    <system-out><![CDATA[POST URL :https://petstore.swagger.io/v2/user
]]></system-out>
  </testcase>
  <testcase name="PostUserTestMethod7[1011, testuser2, test2, user2, test2.user2@gmail.com, user1Pass2, 8978454679, 0](2)" classname="api.tests.datadriven.users.postTests" time="1.973">
    <system-out><![CDATA[POST URL :https://petstore.swagger.io/v2/user
]]></system-out>
  </testcase>
  <testcase name="PostUserTestMethod7[1012, testuser3, test3, user3, test3.user3@gmail.com, user1Pass3, 8978454680, 0](3)" classname="api.tests.datadriven.users.postTests" time="1.712">
    <system-out><![CDATA[POST URL :https://petstore.swagger.io/v2/user
]]></system-out>
  </testcase>
  <testcase name="PostUserTestMethod7[1013, testuser4, test4, user4, test4.user4@gmail.com, user1Pass4, 8978454681, 0](4)" classname="api.tests.datadriven.users.postTests" time="2.048">
    <system-out><![CDATA[POST URL :https://petstore.swagger.io/v2/user
]]></system-out>
  </testcase>
  <testcase name="PostUserTestMethod7[1014, testuser5, test5, user5, test5.user5@gmail.com, user1Pass5, 8978454682, 0](5)" classname="api.tests.datadriven.users.postTests" time="2.05">
    <system-out><![CDATA[POST URL :https://petstore.swagger.io/v2/user
]]></system-out>
  </testcase>
  <testcase name="PostUserTestMethod7[1015, testuser6, test6, user6, test6.user6@gmail.com, user1Pass6, 8978454683, 0](6)" classname="api.tests.datadriven.users.postTests" time="1.86">
    <system-out><![CDATA[POST URL :https://petstore.swagger.io/v2/user
]]></system-out>
  </testcase>
  <testcase name="GetUserTestMethod1[1010, testuser1, test1, user1, test1.user1@gmail.com, user1Pass1, 8978454678, 0](1)" classname="api.tests.datadriven.users.getTests" time="3.02">
    <system-out><![CDATA[POST URL :https://petstore.swagger.io/v2/user
GET URL :https://petstore.swagger.io/v2/user/{username}
Username : testuser1
]]></system-out>
  </testcase>
  <testcase name="GetUserTestMethod1[1011, testuser2, test2, user2, test2.user2@gmail.com, user1Pass2, 8978454679, 0](2)" classname="api.tests.datadriven.users.getTests" time="3.64">
    <system-out><![CDATA[POST URL :https://petstore.swagger.io/v2/user
GET URL :https://petstore.swagger.io/v2/user/{username}
Username : testuser2
]]></system-out>
  </testcase>
  <testcase name="GetUserTestMethod1[1012, testuser3, test3, user3, test3.user3@gmail.com, user1Pass3, 8978454680, 0](3)" classname="api.tests.datadriven.users.getTests" time="3.676">
    <system-out><![CDATA[POST URL :https://petstore.swagger.io/v2/user
GET URL :https://petstore.swagger.io/v2/user/{username}
Username : testuser3
]]></system-out>
  </testcase>
  <testcase name="GetUserTestMethod1[1013, testuser4, test4, user4, test4.user4@gmail.com, user1Pass4, 8978454681, 0](4)" classname="api.tests.datadriven.users.getTests" time="3.68">
    <system-out><![CDATA[POST URL :https://petstore.swagger.io/v2/user
GET URL :https://petstore.swagger.io/v2/user/{username}
Username : testuser4
]]></system-out>
  </testcase>
  <testcase name="GetUserTestMethod1[1014, testuser5, test5, user5, test5.user5@gmail.com, user1Pass5, 8978454682, 0](5)" classname="api.tests.datadriven.users.getTests" time="3.686">
    <system-out><![CDATA[POST URL :https://petstore.swagger.io/v2/user
GET URL :https://petstore.swagger.io/v2/user/{username}
Username : testuser5
]]></system-out>
  </testcase>
  <testcase name="GetUserTestMethod1[1015, testuser6, test6, user6, test6.user6@gmail.com, user1Pass6, 8978454683, 0](6)" classname="api.tests.datadriven.users.getTests" time="3.89">
    <system-out><![CDATA[POST URL :https://petstore.swagger.io/v2/user
GET URL :https://petstore.swagger.io/v2/user/{username}
Username : testuser6
]]></system-out>
  </testcase>
  <testcase name="GetUserTestMethod2[1010, testuser1, test1, user1, test1.user1@gmail.com, user1Pass1, 8978454678, 0](1)" classname="api.tests.datadriven.users.getTests" time="3.666">
    <system-out><![CDATA[POST URL :https://petstore.swagger.io/v2/user
GET URL :https://petstore.swagger.io/v2/user/{username}
]]></system-out>
  </testcase>
  <testcase name="GetUserTestMethod2[1011, testuser2, test2, user2, test2.user2@gmail.com, user1Pass2, 8978454679, 0](2)" classname="api.tests.datadriven.users.getTests" time="3.833">
    <system-out><![CDATA[POST URL :https://petstore.swagger.io/v2/user
GET URL :https://petstore.swagger.io/v2/user/{username}
]]></system-out>
  </testcase>
  <testcase name="GetUserTestMethod2[1012, testuser3, test3, user3, test3.user3@gmail.com, user1Pass3, 8978454680, 0](3)" classname="api.tests.datadriven.users.getTests" time="3.85">
    <system-out><![CDATA[POST URL :https://petstore.swagger.io/v2/user
GET URL :https://petstore.swagger.io/v2/user/{username}
]]></system-out>
  </testcase>
  <testcase name="GetUserTestMethod2[1013, testuser4, test4, user4, test4.user4@gmail.com, user1Pass4, 8978454681, 0](4)" classname="api.tests.datadriven.users.getTests" time="3.73">
    <system-out><![CDATA[POST URL :https://petstore.swagger.io/v2/user
GET URL :https://petstore.swagger.io/v2/user/{username}
]]></system-out>
  </testcase>
  <testcase name="GetUserTestMethod2[1014, testuser5, test5, user5, test5.user5@gmail.com, user1Pass5, 8978454682, 0](5)" classname="api.tests.datadriven.users.getTests" time="3.479">
    <system-out><![CDATA[POST URL :https://petstore.swagger.io/v2/user
GET URL :https://petstore.swagger.io/v2/user/{username}
]]></system-out>
  </testcase>
  <testcase name="GetUserTestMethod2[1015, testuser6, test6, user6, test6.user6@gmail.com, user1Pass6, 8978454683, 0](6)" classname="api.tests.datadriven.users.getTests" time="3.575">
    <system-out><![CDATA[POST URL :https://petstore.swagger.io/v2/user
GET URL :https://petstore.swagger.io/v2/user/{username}
]]></system-out>
  </testcase>
  <testcase name="GetUserTestMethod3[1010, testuser1, test1, user1, test1.user1@gmail.com, user1Pass1, 8978454678, 0](1)" classname="api.tests.datadriven.users.getTests" time="3.73">
    <system-out><![CDATA[POST URL :https://petstore.swagger.io/v2/user
GET URL :https://petstore.swagger.io/v2/user/{username}
]]></system-out>
  </testcase>
  <testcase name="GetUserTestMethod3[1011, testuser2, test2, user2, test2.user2@gmail.com, user1Pass2, 8978454679, 0](2)" classname="api.tests.datadriven.users.getTests" time="3.684">
    <system-out><![CDATA[POST URL :https://petstore.swagger.io/v2/user
GET URL :https://petstore.swagger.io/v2/user/{username}
]]></system-out>
  </testcase>
  <testcase name="GetUserTestMethod3[1012, testuser3, test3, user3, test3.user3@gmail.com, user1Pass3, 8978454680, 0](3)" classname="api.tests.datadriven.users.getTests" time="3.486">
    <system-out><![CDATA[POST URL :https://petstore.swagger.io/v2/user
GET URL :https://petstore.swagger.io/v2/user/{username}
]]></system-out>
  </testcase>
  <testcase name="GetUserTestMethod3[1013, testuser4, test4, user4, test4.user4@gmail.com, user1Pass4, 8978454681, 0](4)" classname="api.tests.datadriven.users.getTests" time="3.685">
    <system-out><![CDATA[POST URL :https://petstore.swagger.io/v2/user
GET URL :https://petstore.swagger.io/v2/user/{username}
]]></system-out>
  </testcase>
  <testcase name="GetUserTestMethod3[1014, testuser5, test5, user5, test5.user5@gmail.com, user1Pass5, 8978454682, 0](5)" classname="api.tests.datadriven.users.getTests" time="3.274">
    <system-out><![CDATA[POST URL :https://petstore.swagger.io/v2/user
GET URL :https://petstore.swagger.io/v2/user/{username}
]]></system-out>
  </testcase>
  <testcase name="GetUserTestMethod3[1015, testuser6, test6, user6, test6.user6@gmail.com, user1Pass6, 8978454683, 0](6)" classname="api.tests.datadriven.users.getTests" time="3.893">
    <system-out><![CDATA[POST URL :https://petstore.swagger.io/v2/user
GET URL :https://petstore.swagger.io/v2/user/{username}
]]></system-out>
  </testcase>
  <testcase name="GetUserTestMethod4[1010, testuser1, test1, user1, test1.user1@gmail.com, user1Pass1, 8978454678, 0](1)" classname="api.tests.datadriven.users.getTests" time="3.513">
    <system-out><![CDATA[POST URL :https://petstore.swagger.io/v2/user
GET URL :https://petstore.swagger.io/v2/user/{username}
]]></system-out>
  </testcase>
  <testcase name="GetUserTestMethod4[1011, testuser2, test2, user2, test2.user2@gmail.com, user1Pass2, 8978454679, 0](2)" classname="api.tests.datadriven.users.getTests" time="3.689">
    <system-out><![CDATA[POST URL :https://petstore.swagger.io/v2/user
GET URL :https://petstore.swagger.io/v2/user/{username}
]]></system-out>
  </testcase>
  <testcase name="GetUserTestMethod4[1012, testuser3, test3, user3, test3.user3@gmail.com, user1Pass3, 8978454680, 0](3)" classname="api.tests.datadriven.users.getTests" time="4.089">
    <system-out><![CDATA[POST URL :https://petstore.swagger.io/v2/user
GET URL :https://petstore.swagger.io/v2/user/{username}
]]></system-out>
  </testcase>
  <testcase name="GetUserTestMethod4[1013, testuser4, test4, user4, test4.user4@gmail.com, user1Pass4, 8978454681, 0](4)" classname="api.tests.datadriven.users.getTests" time="3.432">
    <system-out><![CDATA[POST URL :https://petstore.swagger.io/v2/user
GET URL :https://petstore.swagger.io/v2/user/{username}
]]></system-out>
  </testcase>
  <testcase name="GetUserTestMethod4[1014, testuser5, test5, user5, test5.user5@gmail.com, user1Pass5, 8978454682, 0](5)" classname="api.tests.datadriven.users.getTests" time="3.535">
    <system-out><![CDATA[POST URL :https://petstore.swagger.io/v2/user
GET URL :https://petstore.swagger.io/v2/user/{username}
]]></system-out>
  </testcase>
  <testcase name="GetUserTestMethod4[1015, testuser6, test6, user6, test6.user6@gmail.com, user1Pass6, 8978454683, 0](6)" classname="api.tests.datadriven.users.getTests" time="3.48">
    <system-out><![CDATA[POST URL :https://petstore.swagger.io/v2/user
GET URL :https://petstore.swagger.io/v2/user/{username}
]]></system-out>
  </testcase>
  <testcase name="GetUserTestMethod5[1010, testuser1, test1, user1, test1.user1@gmail.com, user1Pass1, 8978454678, 0](1)" classname="api.tests.datadriven.users.getTests" time="3.763">
    <system-out><![CDATA[POST URL :https://petstore.swagger.io/v2/user
GET URL :https://petstore.swagger.io/v2/user/{username}
{
    "id": 1010,
    "username": "testuser1",
    "firstName": "test1",
    "lastName": "user1",
    "email": "test1.user1@gmail.com",
    "password": "user1Pass1",
    "phone": "8978454678",
    "userStatus": 0
}
]]></system-out>
  </testcase>
  <testcase name="GetUserTestMethod5[1011, testuser2, test2, user2, test2.user2@gmail.com, user1Pass2, 8978454679, 0](2)" classname="api.tests.datadriven.users.getTests" time="3.888">
    <system-out><![CDATA[POST URL :https://petstore.swagger.io/v2/user
GET URL :https://petstore.swagger.io/v2/user/{username}
{
    "id": 1011,
    "username": "testuser2",
    "firstName": "test2",
    "lastName": "user2",
    "email": "test2.user2@gmail.com",
    "password": "user1Pass2",
    "phone": "8978454679",
    "userStatus": 0
}
]]></system-out>
  </testcase>
  <testcase name="GetUserTestMethod5[1012, testuser3, test3, user3, test3.user3@gmail.com, user1Pass3, 8978454680, 0](3)" classname="api.tests.datadriven.users.getTests" time="3.689">
    <system-out><![CDATA[POST URL :https://petstore.swagger.io/v2/user
GET URL :https://petstore.swagger.io/v2/user/{username}
{
    "id": 1012,
    "username": "testuser3",
    "firstName": "test3",
    "lastName": "user3",
    "email": "test3.user3@gmail.com",
    "password": "user1Pass3",
    "phone": "8978454680",
    "userStatus": 0
}
]]></system-out>
  </testcase>
  <testcase name="GetUserTestMethod5[1013, testuser4, test4, user4, test4.user4@gmail.com, user1Pass4, 8978454681, 0](4)" classname="api.tests.datadriven.users.getTests" time="3.683">
    <system-out><![CDATA[POST URL :https://petstore.swagger.io/v2/user
GET URL :https://petstore.swagger.io/v2/user/{username}
{
    "id": 1013,
    "username": "testuser4",
    "firstName": "test4",
    "lastName": "user4",
    "email": "test4.user4@gmail.com",
    "password": "user1Pass4",
    "phone": "8978454681",
    "userStatus": 0
}
]]></system-out>
  </testcase>
  <testcase name="GetUserTestMethod5[1014, testuser5, test5, user5, test5.user5@gmail.com, user1Pass5, 8978454682, 0](5)" classname="api.tests.datadriven.users.getTests" time="3.511">
    <system-out><![CDATA[POST URL :https://petstore.swagger.io/v2/user
GET URL :https://petstore.swagger.io/v2/user/{username}
{
    "id": 1014,
    "username": "testuser5",
    "firstName": "test5",
    "lastName": "user5",
    "email": "test5.user5@gmail.com",
    "password": "user1Pass5",
    "phone": "8978454682",
    "userStatus": 0
}
]]></system-out>
  </testcase>
  <testcase name="GetUserTestMethod5[1015, testuser6, test6, user6, test6.user6@gmail.com, user1Pass6, 8978454683, 0](6)" classname="api.tests.datadriven.users.getTests" time="3.655">
    <system-out><![CDATA[POST URL :https://petstore.swagger.io/v2/user
GET URL :https://petstore.swagger.io/v2/user/{username}
{
    "id": 1015,
    "username": "testuser6",
    "firstName": "test6",
    "lastName": "user6",
    "email": "test6.user6@gmail.com",
    "password": "user1Pass6",
    "phone": "8978454683",
    "userStatus": 0
}
]]></system-out>
  </testcase>
  <testcase name="GetUserTestMethod6[1010, testuser1, test1, user1, test1.user1@gmail.com, user1Pass1, 8978454678, 0](1)" classname="api.tests.datadriven.users.getTests" time="3.685">
    <system-out><![CDATA[POST URL :https://petstore.swagger.io/v2/user
GET URL :https://petstore.swagger.io/v2/user/{username}
]]></system-out>
  </testcase>
  <testcase name="GetUserTestMethod6[1011, testuser2, test2, user2, test2.user2@gmail.com, user1Pass2, 8978454679, 0](2)" classname="api.tests.datadriven.users.getTests" time="3.071">
    <system-out><![CDATA[POST URL :https://petstore.swagger.io/v2/user
GET URL :https://petstore.swagger.io/v2/user/{username}
]]></system-out>
  </testcase>
  <testcase name="GetUserTestMethod6[1012, testuser3, test3, user3, test3.user3@gmail.com, user1Pass3, 8978454680, 0](3)" classname="api.tests.datadriven.users.getTests" time="3.618">
    <system-out><![CDATA[POST URL :https://petstore.swagger.io/v2/user
GET URL :https://petstore.swagger.io/v2/user/{username}
]]></system-out>
  </testcase>
  <testcase name="GetUserTestMethod6[1013, testuser4, test4, user4, test4.user4@gmail.com, user1Pass4, 8978454681, 0](4)" classname="api.tests.datadriven.users.getTests" time="3.304">
    <system-out><![CDATA[POST URL :https://petstore.swagger.io/v2/user
GET URL :https://petstore.swagger.io/v2/user/{username}
]]></system-out>
  </testcase>
  <testcase name="GetUserTestMethod6[1014, testuser5, test5, user5, test5.user5@gmail.com, user1Pass5, 8978454682, 0](5)" classname="api.tests.datadriven.users.getTests" time="3.696">
    <system-out><![CDATA[POST URL :https://petstore.swagger.io/v2/user
GET URL :https://petstore.swagger.io/v2/user/{username}
]]></system-out>
  </testcase>
  <testcase name="GetUserTestMethod6[1015, testuser6, test6, user6, test6.user6@gmail.com, user1Pass6, 8978454683, 0](6)" classname="api.tests.datadriven.users.getTests" time="4.099">
    <system-out><![CDATA[POST URL :https://petstore.swagger.io/v2/user
GET URL :https://petstore.swagger.io/v2/user/{username}
]]></system-out>
  </testcase>
  <testcase name="GetUserTestMethod7[1010, testuser1, test1, user1, test1.user1@gmail.com, user1Pass1, 8978454678, 0](1)" classname="api.tests.datadriven.users.getTests" time="3.29">
    <system-out><![CDATA[POST URL :https://petstore.swagger.io/v2/user
GET URL :https://petstore.swagger.io/v2/user/{username}
]]></system-out>
  </testcase>
  <testcase name="GetUserTestMethod7[1011, testuser2, test2, user2, test2.user2@gmail.com, user1Pass2, 8978454679, 0](2)" classname="api.tests.datadriven.users.getTests" time="3.638">
    <system-out><![CDATA[POST URL :https://petstore.swagger.io/v2/user
GET URL :https://petstore.swagger.io/v2/user/{username}
]]></system-out>
  </testcase>
  <testcase name="GetUserTestMethod7[1012, testuser3, test3, user3, test3.user3@gmail.com, user1Pass3, 8978454680, 0](3)" classname="api.tests.datadriven.users.getTests" time="3.483">
    <system-out><![CDATA[POST URL :https://petstore.swagger.io/v2/user
GET URL :https://petstore.swagger.io/v2/user/{username}
]]></system-out>
  </testcase>
  <testcase name="GetUserTestMethod7[1013, testuser4, test4, user4, test4.user4@gmail.com, user1Pass4, 8978454681, 0](4)" classname="api.tests.datadriven.users.getTests" time="3.89">
    <system-out><![CDATA[POST URL :https://petstore.swagger.io/v2/user
GET URL :https://petstore.swagger.io/v2/user/{username}
]]></system-out>
  </testcase>
  <testcase name="GetUserTestMethod7[1014, testuser5, test5, user5, test5.user5@gmail.com, user1Pass5, 8978454682, 0](5)" classname="api.tests.datadriven.users.getTests" time="3.688">
    <system-out><![CDATA[POST URL :https://petstore.swagger.io/v2/user
GET URL :https://petstore.swagger.io/v2/user/{username}
]]></system-out>
  </testcase>
  <testcase name="GetUserTestMethod7[1015, testuser6, test6, user6, test6.user6@gmail.com, user1Pass6, 8978454683, 0](6)" classname="api.tests.datadriven.users.getTests" time="3.89">
    <system-out><![CDATA[POST URL :https://petstore.swagger.io/v2/user
GET URL :https://petstore.swagger.io/v2/user/{username}
]]></system-out>
  </testcase>
  <testcase name="PutUserTestMethod1[1010, testuser1, test1, user1, test1.user1@gmail.com, user1Pass1, 8978454678, 0](1)" classname="api.tests.datadriven.users.putTests" time="3.518">
    <system-out><![CDATA[POST URL :https://petstore.swagger.io/v2/user
]]></system-out>
  </testcase>
  <testcase name="PutUserTestMethod1[1011, testuser2, test2, user2, test2.user2@gmail.com, user1Pass2, 8978454679, 0](2)" classname="api.tests.datadriven.users.putTests" time="3.709">
    <system-out><![CDATA[POST URL :https://petstore.swagger.io/v2/user
]]></system-out>
  </testcase>
  <testcase name="PutUserTestMethod1[1012, testuser3, test3, user3, test3.user3@gmail.com, user1Pass3, 8978454680, 0](3)" classname="api.tests.datadriven.users.putTests" time="3.826">
    <system-out><![CDATA[POST URL :https://petstore.swagger.io/v2/user
]]></system-out>
  </testcase>
  <testcase name="PutUserTestMethod1[1013, testuser4, test4, user4, test4.user4@gmail.com, user1Pass4, 8978454681, 0](4)" classname="api.tests.datadriven.users.putTests" time="3.72">
    <system-out><![CDATA[POST URL :https://petstore.swagger.io/v2/user
]]></system-out>
  </testcase>
  <testcase name="PutUserTestMethod1[1014, testuser5, test5, user5, test5.user5@gmail.com, user1Pass5, 8978454682, 0](5)" classname="api.tests.datadriven.users.putTests" time="3.653">
    <system-out><![CDATA[POST URL :https://petstore.swagger.io/v2/user
]]></system-out>
  </testcase>
  <testcase name="PutUserTestMethod1[1015, testuser6, test6, user6, test6.user6@gmail.com, user1Pass6, 8978454683, 0](6)" classname="api.tests.datadriven.users.putTests" time="3.727">
    <system-out><![CDATA[POST URL :https://petstore.swagger.io/v2/user
]]></system-out>
  </testcase>
  <testcase name="PutUserTestMethod2[1010, testuser1, test1, user1, test1.user1@gmail.com, user1Pass1, 8978454678, 0](1)" classname="api.tests.datadriven.users.putTests" time="3.472">
    <system-out><![CDATA[POST URL :https://petstore.swagger.io/v2/user
]]></system-out>
  </testcase>
  <testcase name="PutUserTestMethod2[1011, testuser2, test2, user2, test2.user2@gmail.com, user1Pass2, 8978454679, 0](2)" classname="api.tests.datadriven.users.putTests" time="3.449">
    <system-out><![CDATA[POST URL :https://petstore.swagger.io/v2/user
]]></system-out>
  </testcase>
  <testcase name="PutUserTestMethod2[1012, testuser3, test3, user3, test3.user3@gmail.com, user1Pass3, 8978454680, 0](3)" classname="api.tests.datadriven.users.putTests" time="3.688">
    <system-out><![CDATA[POST URL :https://petstore.swagger.io/v2/user
]]></system-out>
  </testcase>
  <testcase name="PutUserTestMethod2[1013, testuser4, test4, user4, test4.user4@gmail.com, user1Pass4, 8978454681, 0](4)" classname="api.tests.datadriven.users.putTests" time="3.273">
    <system-out><![CDATA[POST URL :https://petstore.swagger.io/v2/user
]]></system-out>
  </testcase>
  <testcase name="PutUserTestMethod2[1014, testuser5, test5, user5, test5.user5@gmail.com, user1Pass5, 8978454682, 0](5)" classname="api.tests.datadriven.users.putTests" time="3.687">
    <system-out><![CDATA[POST URL :https://petstore.swagger.io/v2/user
]]></system-out>
  </testcase>
  <testcase name="PutUserTestMethod2[1015, testuser6, test6, user6, test6.user6@gmail.com, user1Pass6, 8978454683, 0](6)" classname="api.tests.datadriven.users.putTests" time="3.17">
    <system-out><![CDATA[POST URL :https://petstore.swagger.io/v2/user
]]></system-out>
  </testcase>
  <testcase name="PutUserTestMethod3[1010, testuser1, test1, user1, test1.user1@gmail.com, user1Pass1, 8978454678, 0](1)" classname="api.tests.datadriven.users.putTests" time="3.242">
    <system-out><![CDATA[POST URL :https://petstore.swagger.io/v2/user
]]></system-out>
  </testcase>
  <testcase name="PutUserTestMethod3[1011, testuser2, test2, user2, test2.user2@gmail.com, user1Pass2, 8978454679, 0](2)" classname="api.tests.datadriven.users.putTests" time="3.629">
    <system-out><![CDATA[POST URL :https://petstore.swagger.io/v2/user
]]></system-out>
  </testcase>
  <testcase name="PutUserTestMethod3[1012, testuser3, test3, user3, test3.user3@gmail.com, user1Pass3, 8978454680, 0](3)" classname="api.tests.datadriven.users.putTests" time="3.28">
    <system-out><![CDATA[POST URL :https://petstore.swagger.io/v2/user
]]></system-out>
  </testcase>
  <testcase name="PutUserTestMethod3[1013, testuser4, test4, user4, test4.user4@gmail.com, user1Pass4, 8978454681, 0](4)" classname="api.tests.datadriven.users.putTests" time="3.585">
    <system-out><![CDATA[POST URL :https://petstore.swagger.io/v2/user
]]></system-out>
  </testcase>
  <testcase name="PutUserTestMethod3[1014, testuser5, test5, user5, test5.user5@gmail.com, user1Pass5, 8978454682, 0](5)" classname="api.tests.datadriven.users.putTests" time="3.583">
    <system-out><![CDATA[POST URL :https://petstore.swagger.io/v2/user
]]></system-out>
  </testcase>
  <testcase name="PutUserTestMethod3[1015, testuser6, test6, user6, test6.user6@gmail.com, user1Pass6, 8978454683, 0](6)" classname="api.tests.datadriven.users.putTests" time="3.48">
    <system-out><![CDATA[POST URL :https://petstore.swagger.io/v2/user
]]></system-out>
  </testcase>
  <testcase name="PutUserTestMethod4[1010, testuser1, test1, user1, test1.user1@gmail.com, user1Pass1, 8978454678, 0](1)" classname="api.tests.datadriven.users.putTests" time="3.332">
    <system-out><![CDATA[POST URL :https://petstore.swagger.io/v2/user
]]></system-out>
  </testcase>
  <testcase name="PutUserTestMethod4[1011, testuser2, test2, user2, test2.user2@gmail.com, user1Pass2, 8978454679, 0](2)" classname="api.tests.datadriven.users.putTests" time="3.887">
    <system-out><![CDATA[POST URL :https://petstore.swagger.io/v2/user
]]></system-out>
  </testcase>
  <testcase name="PutUserTestMethod4[1012, testuser3, test3, user3, test3.user3@gmail.com, user1Pass3, 8978454680, 0](3)" classname="api.tests.datadriven.users.putTests" time="3.502">
    <system-out><![CDATA[POST URL :https://petstore.swagger.io/v2/user
]]></system-out>
  </testcase>
  <testcase name="PutUserTestMethod4[1013, testuser4, test4, user4, test4.user4@gmail.com, user1Pass4, 8978454681, 0](4)" classname="api.tests.datadriven.users.putTests" time="2.957">
    <system-out><![CDATA[POST URL :https://petstore.swagger.io/v2/user
]]></system-out>
  </testcase>
  <testcase name="PutUserTestMethod4[1014, testuser5, test5, user5, test5.user5@gmail.com, user1Pass5, 8978454682, 0](5)" classname="api.tests.datadriven.users.putTests" time="3.78">
    <system-out><![CDATA[POST URL :https://petstore.swagger.io/v2/user
]]></system-out>
  </testcase>
  <testcase name="PutUserTestMethod4[1015, testuser6, test6, user6, test6.user6@gmail.com, user1Pass6, 8978454683, 0](6)" classname="api.tests.datadriven.users.putTests" time="3.071">
    <system-out><![CDATA[POST URL :https://petstore.swagger.io/v2/user
]]></system-out>
  </testcase>
  <testcase name="PutUserTestMethod5[1010, testuser1, test1, user1, test1.user1@gmail.com, user1Pass1, 8978454678, 0](1)" classname="api.tests.datadriven.users.putTests" time="3.016">
    <system-out><![CDATA[POST URL :https://petstore.swagger.io/v2/user
{
    "code": 200,
    "type": "unknown",
    "message": "1010"
}
]]></system-out>
  </testcase>
  <testcase name="PutUserTestMethod5[1011, testuser2, test2, user2, test2.user2@gmail.com, user1Pass2, 8978454679, 0](2)" classname="api.tests.datadriven.users.putTests" time="3.231">
    <system-out><![CDATA[POST URL :https://petstore.swagger.io/v2/user
{
    "code": 200,
    "type": "unknown",
    "message": "1011"
}
]]></system-out>
  </testcase>
  <testcase name="PutUserTestMethod5[1012, testuser3, test3, user3, test3.user3@gmail.com, user1Pass3, 8978454680, 0](3)" classname="api.tests.datadriven.users.putTests" time="3.922">
    <system-out><![CDATA[POST URL :https://petstore.swagger.io/v2/user
{
    "code": 200,
    "type": "unknown",
    "message": "1012"
}
]]></system-out>
  </testcase>
  <testcase name="PutUserTestMethod5[1013, testuser4, test4, user4, test4.user4@gmail.com, user1Pass4, 8978454681, 0](4)" classname="api.tests.datadriven.users.putTests" time="3.144">
    <system-out><![CDATA[POST URL :https://petstore.swagger.io/v2/user
{
    "code": 200,
    "type": "unknown",
    "message": "1013"
}
]]></system-out>
  </testcase>
  <testcase name="PutUserTestMethod5[1014, testuser5, test5, user5, test5.user5@gmail.com, user1Pass5, 8978454682, 0](5)" classname="api.tests.datadriven.users.putTests" time="2.705">
    <system-out><![CDATA[POST URL :https://petstore.swagger.io/v2/user
{
    "code": 200,
    "type": "unknown",
    "message": "1014"
}
]]></system-out>
  </testcase>
  <testcase name="PutUserTestMethod5[1015, testuser6, test6, user6, test6.user6@gmail.com, user1Pass6, 8978454683, 0](6)" classname="api.tests.datadriven.users.putTests" time="2.974">
    <system-out><![CDATA[POST URL :https://petstore.swagger.io/v2/user
{
    "code": 200,
    "type": "unknown",
    "message": "1015"
}
]]></system-out>
  </testcase>
  <testcase name="PutUserTestMethod6[1010, testuser1, test1, user1, test1.user1@gmail.com, user1Pass1, 8978454678, 0](1)" classname="api.tests.datadriven.users.putTests" time="3.18">
    <failure message="&#10;Expected: is a value equal to or greater than &lt;6&gt;&#10;     but: &lt;4&gt; was less than &lt;6&gt;" type="java.lang.AssertionError"><![CDATA[java.lang.AssertionError: 

Expected: is a value equal to or greater than <6>
     but: <4> was less than <6>
	at org.hamcrest.MatcherAssert.assertThat(MatcherAssert.java:20)
	at org.hamcrest.MatcherAssert.assertThat(MatcherAssert.java:6)
	at api.tests.datadriven.users.putTests.PutUserTestMethod6(putTests.java:228)
	at java.base/jdk.internal.reflect.DirectMethodHandleAccessor.invoke(DirectMethodHandleAccessor.java:103)
	at java.base/java.lang.reflect.Method.invoke(Method.java:580)
	at org.testng.internal.invokers.MethodInvocationHelper.invokeMethod(MethodInvocationHelper.java:141)
	at org.testng.internal.invokers.TestInvoker.invokeMethod(TestInvoker.java:686)
	at org.testng.internal.invokers.TestInvoker.invokeTestMethod(TestInvoker.java:230)
	at org.testng.internal.invokers.MethodRunner.runInSequence(MethodRunner.java:63)
	at org.testng.internal.invokers.TestInvoker$MethodInvocationAgent.invoke(TestInvoker.java:992)
	at org.testng.internal.invokers.TestInvoker.invokeTestMethods(TestInvoker.java:203)
	at org.testng.internal.invokers.TestMethodWorker.invokeTestMethods(TestMethodWorker.java:154)
	at org.testng.internal.invokers.TestMethodWorker.run(TestMethodWorker.java:134)
	at java.base/java.util.ArrayList.forEach(ArrayList.java:1596)
	at org.testng.TestRunner.privateRun(TestRunner.java:739)
	at org.testng.TestRunner.run(TestRunner.java:614)
	at org.testng.SuiteRunner.runTest(SuiteRunner.java:421)
	at org.testng.SuiteRunner.runSequentially(SuiteRunner.java:413)
	at org.testng.SuiteRunner.privateRun(SuiteRunner.java:373)
	at org.testng.SuiteRunner.run(SuiteRunner.java:312)
	at org.testng.SuiteRunnerWorker.runSuite(SuiteRunnerWorker.java:52)
	at org.testng.SuiteRunnerWorker.run(SuiteRunnerWorker.java:95)
	at org.testng.TestNG.runSuitesSequentially(TestNG.java:1274)
	at org.testng.TestNG.runSuitesLocally(TestNG.java:1208)
	at org.testng.TestNG.runSuites(TestNG.java:1112)
	at org.testng.TestNG.run(TestNG.java:1079)
	at org.apache.maven.surefire.testng.TestNGExecutor.run(TestNGExecutor.java:308)
	at org.apache.maven.surefire.testng.TestNGXmlTestSuite.execute(TestNGXmlTestSuite.java:71)
	at org.apache.maven.surefire.testng.TestNGProvider.invoke(TestNGProvider.java:113)
	at org.apache.maven.surefire.booter.ForkedBooter.runSuitesInProcess(ForkedBooter.java:385)
	at org.apache.maven.surefire.booter.ForkedBooter.execute(ForkedBooter.java:162)
	at org.apache.maven.surefire.booter.ForkedBooter.run(ForkedBooter.java:507)
	at org.apache.maven.surefire.booter.ForkedBooter.main(ForkedBooter.java:495)
]]></failure>
    <system-out><![CDATA[POST URL :https://petstore.swagger.io/v2/user
]]></system-out>
  </testcase>
  <testcase name="PutUserTestMethod6[1011, testuser2, test2, user2, test2.user2@gmail.com, user1Pass2, 8978454679, 0](2)" classname="api.tests.datadriven.users.putTests" time="3.71">
    <failure message="&#10;Expected: is a value equal to or greater than &lt;6&gt;&#10;     but: &lt;4&gt; was less than &lt;6&gt;" type="java.lang.AssertionError"><![CDATA[java.lang.AssertionError: 

Expected: is a value equal to or greater than <6>
     but: <4> was less than <6>
	at org.hamcrest.MatcherAssert.assertThat(MatcherAssert.java:20)
	at org.hamcrest.MatcherAssert.assertThat(MatcherAssert.java:6)
	at api.tests.datadriven.users.putTests.PutUserTestMethod6(putTests.java:228)
	at java.base/jdk.internal.reflect.DirectMethodHandleAccessor.invoke(DirectMethodHandleAccessor.java:103)
	at java.base/java.lang.reflect.Method.invoke(Method.java:580)
	at org.testng.internal.invokers.MethodInvocationHelper.invokeMethod(MethodInvocationHelper.java:141)
	at org.testng.internal.invokers.TestInvoker.invokeMethod(TestInvoker.java:686)
	at org.testng.internal.invokers.TestInvoker.invokeTestMethod(TestInvoker.java:230)
	at org.testng.internal.invokers.MethodRunner.runInSequence(MethodRunner.java:63)
	at org.testng.internal.invokers.TestInvoker$MethodInvocationAgent.invoke(TestInvoker.java:992)
	at org.testng.internal.invokers.TestInvoker.invokeTestMethods(TestInvoker.java:203)
	at org.testng.internal.invokers.TestMethodWorker.invokeTestMethods(TestMethodWorker.java:154)
	at org.testng.internal.invokers.TestMethodWorker.run(TestMethodWorker.java:134)
	at java.base/java.util.ArrayList.forEach(ArrayList.java:1596)
	at org.testng.TestRunner.privateRun(TestRunner.java:739)
	at org.testng.TestRunner.run(TestRunner.java:614)
	at org.testng.SuiteRunner.runTest(SuiteRunner.java:421)
	at org.testng.SuiteRunner.runSequentially(SuiteRunner.java:413)
	at org.testng.SuiteRunner.privateRun(SuiteRunner.java:373)
	at org.testng.SuiteRunner.run(SuiteRunner.java:312)
	at org.testng.SuiteRunnerWorker.runSuite(SuiteRunnerWorker.java:52)
	at org.testng.SuiteRunnerWorker.run(SuiteRunnerWorker.java:95)
	at org.testng.TestNG.runSuitesSequentially(TestNG.java:1274)
	at org.testng.TestNG.runSuitesLocally(TestNG.java:1208)
	at org.testng.TestNG.runSuites(TestNG.java:1112)
	at org.testng.TestNG.run(TestNG.java:1079)
	at org.apache.maven.surefire.testng.TestNGExecutor.run(TestNGExecutor.java:308)
	at org.apache.maven.surefire.testng.TestNGXmlTestSuite.execute(TestNGXmlTestSuite.java:71)
	at org.apache.maven.surefire.testng.TestNGProvider.invoke(TestNGProvider.java:113)
	at org.apache.maven.surefire.booter.ForkedBooter.runSuitesInProcess(ForkedBooter.java:385)
	at org.apache.maven.surefire.booter.ForkedBooter.execute(ForkedBooter.java:162)
	at org.apache.maven.surefire.booter.ForkedBooter.run(ForkedBooter.java:507)
	at org.apache.maven.surefire.booter.ForkedBooter.main(ForkedBooter.java:495)
]]></failure>
    <system-out><![CDATA[POST URL :https://petstore.swagger.io/v2/user
]]></system-out>
  </testcase>
  <testcase name="PutUserTestMethod6[1012, testuser3, test3, user3, test3.user3@gmail.com, user1Pass3, 8978454680, 0](3)" classname="api.tests.datadriven.users.putTests" time="3.666">
    <failure message="&#10;Expected: is a value equal to or greater than &lt;6&gt;&#10;     but: &lt;4&gt; was less than &lt;6&gt;" type="java.lang.AssertionError"><![CDATA[java.lang.AssertionError: 

Expected: is a value equal to or greater than <6>
     but: <4> was less than <6>
	at org.hamcrest.MatcherAssert.assertThat(MatcherAssert.java:20)
	at org.hamcrest.MatcherAssert.assertThat(MatcherAssert.java:6)
	at api.tests.datadriven.users.putTests.PutUserTestMethod6(putTests.java:228)
	at java.base/jdk.internal.reflect.DirectMethodHandleAccessor.invoke(DirectMethodHandleAccessor.java:103)
	at java.base/java.lang.reflect.Method.invoke(Method.java:580)
	at org.testng.internal.invokers.MethodInvocationHelper.invokeMethod(MethodInvocationHelper.java:141)
	at org.testng.internal.invokers.TestInvoker.invokeMethod(TestInvoker.java:686)
	at org.testng.internal.invokers.TestInvoker.invokeTestMethod(TestInvoker.java:230)
	at org.testng.internal.invokers.MethodRunner.runInSequence(MethodRunner.java:63)
	at org.testng.internal.invokers.TestInvoker$MethodInvocationAgent.invoke(TestInvoker.java:992)
	at org.testng.internal.invokers.TestInvoker.invokeTestMethods(TestInvoker.java:203)
	at org.testng.internal.invokers.TestMethodWorker.invokeTestMethods(TestMethodWorker.java:154)
	at org.testng.internal.invokers.TestMethodWorker.run(TestMethodWorker.java:134)
	at java.base/java.util.ArrayList.forEach(ArrayList.java:1596)
	at org.testng.TestRunner.privateRun(TestRunner.java:739)
	at org.testng.TestRunner.run(TestRunner.java:614)
	at org.testng.SuiteRunner.runTest(SuiteRunner.java:421)
	at org.testng.SuiteRunner.runSequentially(SuiteRunner.java:413)
	at org.testng.SuiteRunner.privateRun(SuiteRunner.java:373)
	at org.testng.SuiteRunner.run(SuiteRunner.java:312)
	at org.testng.SuiteRunnerWorker.runSuite(SuiteRunnerWorker.java:52)
	at org.testng.SuiteRunnerWorker.run(SuiteRunnerWorker.java:95)
	at org.testng.TestNG.runSuitesSequentially(TestNG.java:1274)
	at org.testng.TestNG.runSuitesLocally(TestNG.java:1208)
	at org.testng.TestNG.runSuites(TestNG.java:1112)
	at org.testng.TestNG.run(TestNG.java:1079)
	at org.apache.maven.surefire.testng.TestNGExecutor.run(TestNGExecutor.java:308)
	at org.apache.maven.surefire.testng.TestNGXmlTestSuite.execute(TestNGXmlTestSuite.java:71)
	at org.apache.maven.surefire.testng.TestNGProvider.invoke(TestNGProvider.java:113)
	at org.apache.maven.surefire.booter.ForkedBooter.runSuitesInProcess(ForkedBooter.java:385)
	at org.apache.maven.surefire.booter.ForkedBooter.execute(ForkedBooter.java:162)
	at org.apache.maven.surefire.booter.ForkedBooter.run(ForkedBooter.java:507)
	at org.apache.maven.surefire.booter.ForkedBooter.main(ForkedBooter.java:495)
]]></failure>
    <system-out><![CDATA[POST URL :https://petstore.swagger.io/v2/user
]]></system-out>
  </testcase>
  <testcase name="PutUserTestMethod6[1013, testuser4, test4, user4, test4.user4@gmail.com, user1Pass4, 8978454681, 0](4)" classname="api.tests.datadriven.users.putTests" time="3.689">
    <failure message="&#10;Expected: is a value equal to or greater than &lt;6&gt;&#10;     but: &lt;4&gt; was less than &lt;6&gt;" type="java.lang.AssertionError"><![CDATA[java.lang.AssertionError: 

Expected: is a value equal to or greater than <6>
     but: <4> was less than <6>
	at org.hamcrest.MatcherAssert.assertThat(MatcherAssert.java:20)
	at org.hamcrest.MatcherAssert.assertThat(MatcherAssert.java:6)
	at api.tests.datadriven.users.putTests.PutUserTestMethod6(putTests.java:228)
	at java.base/jdk.internal.reflect.DirectMethodHandleAccessor.invoke(DirectMethodHandleAccessor.java:103)
	at java.base/java.lang.reflect.Method.invoke(Method.java:580)
	at org.testng.internal.invokers.MethodInvocationHelper.invokeMethod(MethodInvocationHelper.java:141)
	at org.testng.internal.invokers.TestInvoker.invokeMethod(TestInvoker.java:686)
	at org.testng.internal.invokers.TestInvoker.invokeTestMethod(TestInvoker.java:230)
	at org.testng.internal.invokers.MethodRunner.runInSequence(MethodRunner.java:63)
	at org.testng.internal.invokers.TestInvoker$MethodInvocationAgent.invoke(TestInvoker.java:992)
	at org.testng.internal.invokers.TestInvoker.invokeTestMethods(TestInvoker.java:203)
	at org.testng.internal.invokers.TestMethodWorker.invokeTestMethods(TestMethodWorker.java:154)
	at org.testng.internal.invokers.TestMethodWorker.run(TestMethodWorker.java:134)
	at java.base/java.util.ArrayList.forEach(ArrayList.java:1596)
	at org.testng.TestRunner.privateRun(TestRunner.java:739)
	at org.testng.TestRunner.run(TestRunner.java:614)
	at org.testng.SuiteRunner.runTest(SuiteRunner.java:421)
	at org.testng.SuiteRunner.runSequentially(SuiteRunner.java:413)
	at org.testng.SuiteRunner.privateRun(SuiteRunner.java:373)
	at org.testng.SuiteRunner.run(SuiteRunner.java:312)
	at org.testng.SuiteRunnerWorker.runSuite(SuiteRunnerWorker.java:52)
	at org.testng.SuiteRunnerWorker.run(SuiteRunnerWorker.java:95)
	at org.testng.TestNG.runSuitesSequentially(TestNG.java:1274)
	at org.testng.TestNG.runSuitesLocally(TestNG.java:1208)
	at org.testng.TestNG.runSuites(TestNG.java:1112)
	at org.testng.TestNG.run(TestNG.java:1079)
	at org.apache.maven.surefire.testng.TestNGExecutor.run(TestNGExecutor.java:308)
	at org.apache.maven.surefire.testng.TestNGXmlTestSuite.execute(TestNGXmlTestSuite.java:71)
	at org.apache.maven.surefire.testng.TestNGProvider.invoke(TestNGProvider.java:113)
	at org.apache.maven.surefire.booter.ForkedBooter.runSuitesInProcess(ForkedBooter.java:385)
	at org.apache.maven.surefire.booter.ForkedBooter.execute(ForkedBooter.java:162)
	at org.apache.maven.surefire.booter.ForkedBooter.run(ForkedBooter.java:507)
	at org.apache.maven.surefire.booter.ForkedBooter.main(ForkedBooter.java:495)
]]></failure>
    <system-out><![CDATA[POST URL :https://petstore.swagger.io/v2/user
]]></system-out>
  </testcase>
  <testcase name="PutUserTestMethod6[1014, testuser5, test5, user5, test5.user5@gmail.com, user1Pass5, 8978454682, 0](5)" classname="api.tests.datadriven.users.putTests" time="3.472">
    <failure message="&#10;Expected: is a value equal to or greater than &lt;6&gt;&#10;     but: &lt;4&gt; was less than &lt;6&gt;" type="java.lang.AssertionError"><![CDATA[java.lang.AssertionError: 

Expected: is a value equal to or greater than <6>
     but: <4> was less than <6>
	at org.hamcrest.MatcherAssert.assertThat(MatcherAssert.java:20)
	at org.hamcrest.MatcherAssert.assertThat(MatcherAssert.java:6)
	at api.tests.datadriven.users.putTests.PutUserTestMethod6(putTests.java:228)
	at java.base/jdk.internal.reflect.DirectMethodHandleAccessor.invoke(DirectMethodHandleAccessor.java:103)
	at java.base/java.lang.reflect.Method.invoke(Method.java:580)
	at org.testng.internal.invokers.MethodInvocationHelper.invokeMethod(MethodInvocationHelper.java:141)
	at org.testng.internal.invokers.TestInvoker.invokeMethod(TestInvoker.java:686)
	at org.testng.internal.invokers.TestInvoker.invokeTestMethod(TestInvoker.java:230)
	at org.testng.internal.invokers.MethodRunner.runInSequence(MethodRunner.java:63)
	at org.testng.internal.invokers.TestInvoker$MethodInvocationAgent.invoke(TestInvoker.java:992)
	at org.testng.internal.invokers.TestInvoker.invokeTestMethods(TestInvoker.java:203)
	at org.testng.internal.invokers.TestMethodWorker.invokeTestMethods(TestMethodWorker.java:154)
	at org.testng.internal.invokers.TestMethodWorker.run(TestMethodWorker.java:134)
	at java.base/java.util.ArrayList.forEach(ArrayList.java:1596)
	at org.testng.TestRunner.privateRun(TestRunner.java:739)
	at org.testng.TestRunner.run(TestRunner.java:614)
	at org.testng.SuiteRunner.runTest(SuiteRunner.java:421)
	at org.testng.SuiteRunner.runSequentially(SuiteRunner.java:413)
	at org.testng.SuiteRunner.privateRun(SuiteRunner.java:373)
	at org.testng.SuiteRunner.run(SuiteRunner.java:312)
	at org.testng.SuiteRunnerWorker.runSuite(SuiteRunnerWorker.java:52)
	at org.testng.SuiteRunnerWorker.run(SuiteRunnerWorker.java:95)
	at org.testng.TestNG.runSuitesSequentially(TestNG.java:1274)
	at org.testng.TestNG.runSuitesLocally(TestNG.java:1208)
	at org.testng.TestNG.runSuites(TestNG.java:1112)
	at org.testng.TestNG.run(TestNG.java:1079)
	at org.apache.maven.surefire.testng.TestNGExecutor.run(TestNGExecutor.java:308)
	at org.apache.maven.surefire.testng.TestNGXmlTestSuite.execute(TestNGXmlTestSuite.java:71)
	at org.apache.maven.surefire.testng.TestNGProvider.invoke(TestNGProvider.java:113)
	at org.apache.maven.surefire.booter.ForkedBooter.runSuitesInProcess(ForkedBooter.java:385)
	at org.apache.maven.surefire.booter.ForkedBooter.execute(ForkedBooter.java:162)
	at org.apache.maven.surefire.booter.ForkedBooter.run(ForkedBooter.java:507)
	at org.apache.maven.surefire.booter.ForkedBooter.main(ForkedBooter.java:495)
]]></failure>
    <system-out><![CDATA[POST URL :https://petstore.swagger.io/v2/user
]]></system-out>
  </testcase>
  <testcase name="PutUserTestMethod6[1015, testuser6, test6, user6, test6.user6@gmail.com, user1Pass6, 8978454683, 0](6)" classname="api.tests.datadriven.users.putTests" time="3.723">
    <failure message="&#10;Expected: is a value equal to or greater than &lt;6&gt;&#10;     but: &lt;4&gt; was less than &lt;6&gt;" type="java.lang.AssertionError"><![CDATA[java.lang.AssertionError: 

Expected: is a value equal to or greater than <6>
     but: <4> was less than <6>
	at org.hamcrest.MatcherAssert.assertThat(MatcherAssert.java:20)
	at org.hamcrest.MatcherAssert.assertThat(MatcherAssert.java:6)
	at api.tests.datadriven.users.putTests.PutUserTestMethod6(putTests.java:228)
	at java.base/jdk.internal.reflect.DirectMethodHandleAccessor.invoke(DirectMethodHandleAccessor.java:103)
	at java.base/java.lang.reflect.Method.invoke(Method.java:580)
	at org.testng.internal.invokers.MethodInvocationHelper.invokeMethod(MethodInvocationHelper.java:141)
	at org.testng.internal.invokers.TestInvoker.invokeMethod(TestInvoker.java:686)
	at org.testng.internal.invokers.TestInvoker.invokeTestMethod(TestInvoker.java:230)
	at org.testng.internal.invokers.MethodRunner.runInSequence(MethodRunner.java:63)
	at org.testng.internal.invokers.TestInvoker$MethodInvocationAgent.invoke(TestInvoker.java:992)
	at org.testng.internal.invokers.TestInvoker.invokeTestMethods(TestInvoker.java:203)
	at org.testng.internal.invokers.TestMethodWorker.invokeTestMethods(TestMethodWorker.java:154)
	at org.testng.internal.invokers.TestMethodWorker.run(TestMethodWorker.java:134)
	at java.base/java.util.ArrayList.forEach(ArrayList.java:1596)
	at org.testng.TestRunner.privateRun(TestRunner.java:739)
	at org.testng.TestRunner.run(TestRunner.java:614)
	at org.testng.SuiteRunner.runTest(SuiteRunner.java:421)
	at org.testng.SuiteRunner.runSequentially(SuiteRunner.java:413)
	at org.testng.SuiteRunner.privateRun(SuiteRunner.java:373)
	at org.testng.SuiteRunner.run(SuiteRunner.java:312)
	at org.testng.SuiteRunnerWorker.runSuite(SuiteRunnerWorker.java:52)
	at org.testng.SuiteRunnerWorker.run(SuiteRunnerWorker.java:95)
	at org.testng.TestNG.runSuitesSequentially(TestNG.java:1274)
	at org.testng.TestNG.runSuitesLocally(TestNG.java:1208)
	at org.testng.TestNG.runSuites(TestNG.java:1112)
	at org.testng.TestNG.run(TestNG.java:1079)
	at org.apache.maven.surefire.testng.TestNGExecutor.run(TestNGExecutor.java:308)
	at org.apache.maven.surefire.testng.TestNGXmlTestSuite.execute(TestNGXmlTestSuite.java:71)
	at org.apache.maven.surefire.testng.TestNGProvider.invoke(TestNGProvider.java:113)
	at org.apache.maven.surefire.booter.ForkedBooter.runSuitesInProcess(ForkedBooter.java:385)
	at org.apache.maven.surefire.booter.ForkedBooter.execute(ForkedBooter.java:162)
	at org.apache.maven.surefire.booter.ForkedBooter.run(ForkedBooter.java:507)
	at org.apache.maven.surefire.booter.ForkedBooter.main(ForkedBooter.java:495)
]]></failure>
    <system-out><![CDATA[POST URL :https://petstore.swagger.io/v2/user
]]></system-out>
  </testcase>
  <testcase name="PutUserTestMethod7[1010, testuser1, test1, user1, test1.user1@gmail.com, user1Pass1, 8978454678, 0](1)" classname="api.tests.datadriven.users.putTests" time="3.662">
    <system-out><![CDATA[POST URL :https://petstore.swagger.io/v2/user
]]></system-out>
  </testcase>
  <testcase name="PutUserTestMethod7[1011, testuser2, test2, user2, test2.user2@gmail.com, user1Pass2, 8978454679, 0](2)" classname="api.tests.datadriven.users.putTests" time="2.947">
    <system-out><![CDATA[POST URL :https://petstore.swagger.io/v2/user
]]></system-out>
  </testcase>
  <testcase name="PutUserTestMethod7[1012, testuser3, test3, user3, test3.user3@gmail.com, user1Pass3, 8978454680, 0](3)" classname="api.tests.datadriven.users.putTests" time="3.423">
    <system-out><![CDATA[POST URL :https://petstore.swagger.io/v2/user
]]></system-out>
  </testcase>
  <testcase name="PutUserTestMethod7[1013, testuser4, test4, user4, test4.user4@gmail.com, user1Pass4, 8978454681, 0](4)" classname="api.tests.datadriven.users.putTests" time="3.654">
    <system-out><![CDATA[POST URL :https://petstore.swagger.io/v2/user
]]></system-out>
  </testcase>
  <testcase name="PutUserTestMethod7[1014, testuser5, test5, user5, test5.user5@gmail.com, user1Pass5, 8978454682, 0](5)" classname="api.tests.datadriven.users.putTests" time="3.071">
    <system-out><![CDATA[POST URL :https://petstore.swagger.io/v2/user
]]></system-out>
  </testcase>
  <testcase name="PutUserTestMethod7[1015, testuser6, test6, user6, test6.user6@gmail.com, user1Pass6, 8978454683, 0](6)" classname="api.tests.datadriven.users.putTests" time="3.279">
    <system-out><![CDATA[POST URL :https://petstore.swagger.io/v2/user
]]></system-out>
  </testcase>
  <testcase name="DeleteUserTestMethod1[1010, testuser1, test1, user1, test1.user1@gmail.com, user1Pass1, 8978454678, 0](1)" classname="api.tests.datadriven.users.deleteTests" time="3.761"/>
  <testcase name="DeleteUserTestMethod1[1011, testuser2, test2, user2, test2.user2@gmail.com, user1Pass2, 8978454679, 0](2)" classname="api.tests.datadriven.users.deleteTests" time="3.892"/>
  <testcase name="DeleteUserTestMethod1[1012, testuser3, test3, user3, test3.user3@gmail.com, user1Pass3, 8978454680, 0](3)" classname="api.tests.datadriven.users.deleteTests" time="3.684"/>
  <testcase name="DeleteUserTestMethod1[1013, testuser4, test4, user4, test4.user4@gmail.com, user1Pass4, 8978454681, 0](4)" classname="api.tests.datadriven.users.deleteTests" time="3.482"/>
  <testcase name="DeleteUserTestMethod1[1014, testuser5, test5, user5, test5.user5@gmail.com, user1Pass5, 8978454682, 0](5)" classname="api.tests.datadriven.users.deleteTests" time="2.688"/>
  <testcase name="DeleteUserTestMethod1[1015, testuser6, test6, user6, test6.user6@gmail.com, user1Pass6, 8978454683, 0](6)" classname="api.tests.datadriven.users.deleteTests" time="3.104"/>
  <testcase name="DeleteUserTestMethod2[1010, testuser1, test1, user1, test1.user1@gmail.com, user1Pass1, 8978454678, 0](1)" classname="api.tests.datadriven.users.deleteTests" time="2.868"/>
  <testcase name="DeleteUserTestMethod2[1011, testuser2, test2, user2, test2.user2@gmail.com, user1Pass2, 8978454679, 0](2)" classname="api.tests.datadriven.users.deleteTests" time="3.47"/>
  <testcase name="DeleteUserTestMethod2[1012, testuser3, test3, user3, test3.user3@gmail.com, user1Pass3, 8978454680, 0](3)" classname="api.tests.datadriven.users.deleteTests" time="3.703"/>
  <testcase name="DeleteUserTestMethod2[1013, testuser4, test4, user4, test4.user4@gmail.com, user1Pass4, 8978454681, 0](4)" classname="api.tests.datadriven.users.deleteTests" time="3.971"/>
  <testcase name="DeleteUserTestMethod2[1014, testuser5, test5, user5, test5.user5@gmail.com, user1Pass5, 8978454682, 0](5)" classname="api.tests.datadriven.users.deleteTests" time="3.147"/>
  <testcase name="DeleteUserTestMethod2[1015, testuser6, test6, user6, test6.user6@gmail.com, user1Pass6, 8978454683, 0](6)" classname="api.tests.datadriven.users.deleteTests" time="3.939"/>
  <testcase name="DeleteUserTestMethod3[1010, testuser1, test1, user1, test1.user1@gmail.com, user1Pass1, 8978454678, 0](1)" classname="api.tests.datadriven.users.deleteTests" time="3.952"/>
  <testcase name="DeleteUserTestMethod3[1011, testuser2, test2, user2, test2.user2@gmail.com, user1Pass2, 8978454679, 0](2)" classname="api.tests.datadriven.users.deleteTests" time="3.449"/>
  <testcase name="DeleteUserTestMethod3[1012, testuser3, test3, user3, test3.user3@gmail.com, user1Pass3, 8978454680, 0](3)" classname="api.tests.datadriven.users.deleteTests" time="4.13"/>
  <testcase name="DeleteUserTestMethod3[1013, testuser4, test4, user4, test4.user4@gmail.com, user1Pass4, 8978454681, 0](4)" classname="api.tests.datadriven.users.deleteTests" time="3.38"/>
  <testcase name="DeleteUserTestMethod3[1014, testuser5, test5, user5, test5.user5@gmail.com, user1Pass5, 8978454682, 0](5)" classname="api.tests.datadriven.users.deleteTests" time="3.209"/>
  <testcase name="DeleteUserTestMethod3[1015, testuser6, test6, user6, test6.user6@gmail.com, user1Pass6, 8978454683, 0](6)" classname="api.tests.datadriven.users.deleteTests" time="3.24"/>
  <testcase name="DeleteUserTestMethod4[1010, testuser1, test1, user1, test1.user1@gmail.com, user1Pass1, 8978454678, 0](1)" classname="api.tests.datadriven.users.deleteTests" time="2.999"/>
  <testcase name="DeleteUserTestMethod4[1011, testuser2, test2, user2, test2.user2@gmail.com, user1Pass2, 8978454679, 0](2)" classname="api.tests.datadriven.users.deleteTests" time="3.544"/>
  <testcase name="DeleteUserTestMethod4[1012, testuser3, test3, user3, test3.user3@gmail.com, user1Pass3, 8978454680, 0](3)" classname="api.tests.datadriven.users.deleteTests" time="3.891"/>
  <testcase name="DeleteUserTestMethod4[1013, testuser4, test4, user4, test4.user4@gmail.com, user1Pass4, 8978454681, 0](4)" classname="api.tests.datadriven.users.deleteTests" time="3.787"/>
  <testcase name="DeleteUserTestMethod4[1014, testuser5, test5, user5, test5.user5@gmail.com, user1Pass5, 8978454682, 0](5)" classname="api.tests.datadriven.users.deleteTests" time="3.589"/>
  <testcase name="DeleteUserTestMethod4[1015, testuser6, test6, user6, test6.user6@gmail.com, user1Pass6, 8978454683, 0](6)" classname="api.tests.datadriven.users.deleteTests" time="3.89"/>
  <testcase name="DeleteUserTestMethod5[1010, testuser1, test1, user1, test1.user1@gmail.com, user1Pass1, 8978454678, 0](1)" classname="api.tests.datadriven.users.deleteTests" time="3.649">
    <system-out><![CDATA[{
    "code": 200,
    "type": "unknown",
    "message": "testuser1"
}
]]></system-out>
  </testcase>
  <testcase name="DeleteUserTestMethod5[1011, testuser2, test2, user2, test2.user2@gmail.com, user1Pass2, 8978454679, 0](2)" classname="api.tests.datadriven.users.deleteTests" time="4.001">
    <system-out><![CDATA[{
    "code": 200,
    "type": "unknown",
    "message": "testuser2"
}
]]></system-out>
  </testcase>
  <testcase name="DeleteUserTestMethod5[1012, testuser3, test3, user3, test3.user3@gmail.com, user1Pass3, 8978454680, 0](3)" classname="api.tests.datadriven.users.deleteTests" time="3.688">
    <system-out><![CDATA[{
    "code": 200,
    "type": "unknown",
    "message": "testuser3"
}
]]></system-out>
  </testcase>
  <testcase name="DeleteUserTestMethod5[1013, testuser4, test4, user4, test4.user4@gmail.com, user1Pass4, 8978454681, 0](4)" classname="api.tests.datadriven.users.deleteTests" time="3.881">
    <system-out><![CDATA[{
    "code": 200,
    "type": "unknown",
    "message": "testuser4"
}
]]></system-out>
  </testcase>
  <testcase name="DeleteUserTestMethod5[1014, testuser5, test5, user5, test5.user5@gmail.com, user1Pass5, 8978454682, 0](5)" classname="api.tests.datadriven.users.deleteTests" time="3.388">
    <system-out><![CDATA[{
    "code": 200,
    "type": "unknown",
    "message": "testuser5"
}
]]></system-out>
  </testcase>
  <testcase name="DeleteUserTestMethod5[1015, testuser6, test6, user6, test6.user6@gmail.com, user1Pass6, 8978454683, 0](6)" classname="api.tests.datadriven.users.deleteTests" time="3.79">
    <system-out><![CDATA[{
    "code": 200,
    "type": "unknown",
    "message": "testuser6"
}
]]></system-out>
  </testcase>
  <testcase name="DeleteUserTestMethod6[1010, testuser1, test1, user1, test1.user1@gmail.com, user1Pass1, 8978454678, 0](1)" classname="api.tests.datadriven.users.deleteTests" time="3.761"/>
  <testcase name="DeleteUserTestMethod6[1011, testuser2, test2, user2, test2.user2@gmail.com, user1Pass2, 8978454679, 0](2)" classname="api.tests.datadriven.users.deleteTests" time="3.08"/>
  <testcase name="DeleteUserTestMethod6[1012, testuser3, test3, user3, test3.user3@gmail.com, user1Pass3, 8978454680, 0](3)" classname="api.tests.datadriven.users.deleteTests" time="3.295"/>
  <testcase name="DeleteUserTestMethod6[1013, testuser4, test4, user4, test4.user4@gmail.com, user1Pass4, 8978454681, 0](4)" classname="api.tests.datadriven.users.deleteTests" time="2.647"/>
  <testcase name="DeleteUserTestMethod6[1014, testuser5, test5, user5, test5.user5@gmail.com, user1Pass5, 8978454682, 0](5)" classname="api.tests.datadriven.users.deleteTests" time="3.111"/>
  <testcase name="DeleteUserTestMethod6[1015, testuser6, test6, user6, test6.user6@gmail.com, user1Pass6, 8978454683, 0](6)" classname="api.tests.datadriven.users.deleteTests" time="3.627"/>
  <testcase name="DeleteUserTestMethod7[1010, testuser1, test1, user1, test1.user1@gmail.com, user1Pass1, 8978454678, 0](1)" classname="api.tests.datadriven.users.deleteTests" time="2.46"/>
  <testcase name="DeleteUserTestMethod7[1011, testuser2, test2, user2, test2.user2@gmail.com, user1Pass2, 8978454679, 0](2)" classname="api.tests.datadriven.users.deleteTests" time="2.402"/>
  <testcase name="DeleteUserTestMethod7[1012, testuser3, test3, user3, test3.user3@gmail.com, user1Pass3, 8978454680, 0](3)" classname="api.tests.datadriven.users.deleteTests" time="2.868"/>
  <testcase name="DeleteUserTestMethod7[1013, testuser4, test4, user4, test4.user4@gmail.com, user1Pass4, 8978454681, 0](4)" classname="api.tests.datadriven.users.deleteTests" time="3.443"/>
  <testcase name="DeleteUserTestMethod7[1014, testuser5, test5, user5, test5.user5@gmail.com, user1Pass5, 8978454682, 0](5)" classname="api.tests.datadriven.users.deleteTests" time="2.457"/>
  <testcase name="DeleteUserTestMethod7[1015, testuser6, test6, user6, test6.user6@gmail.com, user1Pass6, 8978454683, 0](6)" classname="api.tests.datadriven.users.deleteTests" time="2.871"/>
</testsuite>