<?xml version="1.0" encoding="UTF-8"?>
<testng-results ignored="0" total="168" passed="156" failed="12" skipped="0">
  <reporter-output>
  </reporter-output>
  <suite started-at="2024-09-08T21:13:10 IST" name="DataDRIVEN_Suite" finished-at="2024-09-08T21:22:06 IST" duration-ms="535476">
    <groups>
      <group name="GET API">
        <method signature="getTests.GetUserTestMethod1(java.lang.String,java.lang.String,java.lang.String,java.lang.String,java.lang.String,java.lang.String,java.lang.String,java.lang.String)[pri:1, instance:api.tests.datadriven.users.getTests@5ffead27]" name="GetUserTestMethod1" class="api.tests.datadriven.users.getTests"/>
        <method signature="getTests.GetUserTestMethod2(java.lang.String,java.lang.String,java.lang.String,java.lang.String,java.lang.String,java.lang.String,java.lang.String,java.lang.String)[pri:2, instance:api.tests.datadriven.users.getTests@5ffead27]" name="GetUserTestMethod2" class="api.tests.datadriven.users.getTests"/>
        <method signature="getTests.GetUserTestMethod3(java.lang.String,java.lang.String,java.lang.String,java.lang.String,java.lang.String,java.lang.String,java.lang.String,java.lang.String)[pri:3, instance:api.tests.datadriven.users.getTests@5ffead27]" name="GetUserTestMethod3" class="api.tests.datadriven.users.getTests"/>
        <method signature="getTests.GetUserTestMethod4(java.lang.String,java.lang.String,java.lang.String,java.lang.String,java.lang.String,java.lang.String,java.lang.String,java.lang.String)[pri:4, instance:api.tests.datadriven.users.getTests@5ffead27]" name="GetUserTestMethod4" class="api.tests.datadriven.users.getTests"/>
        <method signature="getTests.GetUserTestMethod5(java.lang.String,java.lang.String,java.lang.String,java.lang.String,java.lang.String,java.lang.String,java.lang.String,java.lang.String)[pri:5, instance:api.tests.datadriven.users.getTests@5ffead27]" name="GetUserTestMethod5" class="api.tests.datadriven.users.getTests"/>
        <method signature="getTests.GetUserTestMethod6(java.lang.String,java.lang.String,java.lang.String,java.lang.String,java.lang.String,java.lang.String,java.lang.String,java.lang.String)[pri:6, instance:api.tests.datadriven.users.getTests@5ffead27]" name="GetUserTestMethod6" class="api.tests.datadriven.users.getTests"/>
        <method signature="getTests.GetUserTestMethod7(java.lang.String,java.lang.String,java.lang.String,java.lang.String,java.lang.String,java.lang.String,java.lang.String,java.lang.String)[pri:7, instance:api.tests.datadriven.users.getTests@5ffead27]" name="GetUserTestMethod7" class="api.tests.datadriven.users.getTests"/>
      </group> <!-- GET API -->
    </groups>
    <test started-at="2024-09-08T21:13:10 IST" name="Test" finished-at="2024-09-08T21:22:06 IST" duration-ms="535476">
      <class name="api.tests.datadriven.users.putTests">
        <test-method signature="PutUserTestMethod1(java.lang.String,java.lang.String,java.lang.String,java.lang.String,java.lang.String,java.lang.String,java.lang.String,java.lang.String)[pri:1, instance:api.tests.datadriven.users.putTests@6356695f]" started-at="2024-09-08T21:17:13 IST" name="PutUserTestMethod1" description="Validate that API should return API status code within 2XX series" data-provider="alldata" finished-at="2024-09-08T21:17:17 IST" duration-ms="3518" status="PASS">
          <params>
            <param index="0">
              <value>
                <![CDATA[1010]]>
              </value>
            </param>
            <param index="1">
              <value>
                <![CDATA[testuser1]]>
              </value>
            </param>
            <param index="2">
              <value>
                <![CDATA[test1]]>
              </value>
            </param>
            <param index="3">
              <value>
                <![CDATA[user1]]>
              </value>
            </param>
            <param index="4">
              <value>
                <![CDATA[test1.user1@gmail.com]]>
              </value>
            </param>
            <param index="5">
              <value>
                <![CDATA[user1Pass1]]>
              </value>
            </param>
            <param index="6">
              <value>
                <![CDATA[8978454678]]>
              </value>
            </param>
            <param index="7">
              <value>
                <![CDATA[0]]>
              </value>
            </param>
          </params>
          <reporter-output>
          </reporter-output>
        </test-method> <!-- PutUserTestMethod1 -->
        <test-method signature="PutUserTestMethod1(java.lang.String,java.lang.String,java.lang.String,java.lang.String,java.lang.String,java.lang.String,java.lang.String,java.lang.String)[pri:1, instance:api.tests.datadriven.users.putTests@6356695f]" started-at="2024-09-08T21:17:17 IST" name="PutUserTestMethod1" description="Validate that API should return API status code within 2XX series" data-provider="alldata" finished-at="2024-09-08T21:17:20 IST" duration-ms="3711" status="PASS">
          <params>
            <param index="0">
              <value>
                <![CDATA[1011]]>
              </value>
            </param>
            <param index="1">
              <value>
                <![CDATA[testuser2]]>
              </value>
            </param>
            <param index="2">
              <value>
                <![CDATA[test2]]>
              </value>
            </param>
            <param index="3">
              <value>
                <![CDATA[user2]]>
              </value>
            </param>
            <param index="4">
              <value>
                <![CDATA[test2.user2@gmail.com]]>
              </value>
            </param>
            <param index="5">
              <value>
                <![CDATA[user1Pass2]]>
              </value>
            </param>
            <param index="6">
              <value>
                <![CDATA[8978454679]]>
              </value>
            </param>
            <param index="7">
              <value>
                <![CDATA[0]]>
              </value>
            </param>
          </params>
          <reporter-output>
          </reporter-output>
        </test-method> <!-- PutUserTestMethod1 -->
        <test-method signature="PutUserTestMethod1(java.lang.String,java.lang.String,java.lang.String,java.lang.String,java.lang.String,java.lang.String,java.lang.String,java.lang.String)[pri:1, instance:api.tests.datadriven.users.putTests@6356695f]" started-at="2024-09-08T21:17:20 IST" name="PutUserTestMethod1" description="Validate that API should return API status code within 2XX series" data-provider="alldata" finished-at="2024-09-08T21:17:24 IST" duration-ms="3822" status="PASS">
          <params>
            <param index="0">
              <value>
                <![CDATA[1012]]>
              </value>
            </param>
            <param index="1">
              <value>
                <![CDATA[testuser3]]>
              </value>
            </param>
            <param index="2">
              <value>
                <![CDATA[test3]]>
              </value>
            </param>
            <param index="3">
              <value>
                <![CDATA[user3]]>
              </value>
            </param>
            <param index="4">
              <value>
                <![CDATA[test3.user3@gmail.com]]>
              </value>
            </param>
            <param index="5">
              <value>
                <![CDATA[user1Pass3]]>
              </value>
            </param>
            <param index="6">
              <value>
                <![CDATA[8978454680]]>
              </value>
            </param>
            <param index="7">
              <value>
                <![CDATA[0]]>
              </value>
            </param>
          </params>
          <reporter-output>
          </reporter-output>
        </test-method> <!-- PutUserTestMethod1 -->
        <test-method signature="PutUserTestMethod1(java.lang.String,java.lang.String,java.lang.String,java.lang.String,java.lang.String,java.lang.String,java.lang.String,java.lang.String)[pri:1, instance:api.tests.datadriven.users.putTests@6356695f]" started-at="2024-09-08T21:17:24 IST" name="PutUserTestMethod1" description="Validate that API should return API status code within 2XX series" data-provider="alldata" finished-at="2024-09-08T21:17:28 IST" duration-ms="3711" status="PASS">
          <params>
            <param index="0">
              <value>
                <![CDATA[1013]]>
              </value>
            </param>
            <param index="1">
              <value>
                <![CDATA[testuser4]]>
              </value>
            </param>
            <param index="2">
              <value>
                <![CDATA[test4]]>
              </value>
            </param>
            <param index="3">
              <value>
                <![CDATA[user4]]>
              </value>
            </param>
            <param index="4">
              <value>
                <![CDATA[test4.user4@gmail.com]]>
              </value>
            </param>
            <param index="5">
              <value>
                <![CDATA[user1Pass4]]>
              </value>
            </param>
            <param index="6">
              <value>
                <![CDATA[8978454681]]>
              </value>
            </param>
            <param index="7">
              <value>
                <![CDATA[0]]>
              </value>
            </param>
          </params>
          <reporter-output>
          </reporter-output>
        </test-method> <!-- PutUserTestMethod1 -->
        <test-method signature="PutUserTestMethod1(java.lang.String,java.lang.String,java.lang.String,java.lang.String,java.lang.String,java.lang.String,java.lang.String,java.lang.String)[pri:1, instance:api.tests.datadriven.users.putTests@6356695f]" started-at="2024-09-08T21:17:28 IST" name="PutUserTestMethod1" description="Validate that API should return API status code within 2XX series" data-provider="alldata" finished-at="2024-09-08T21:17:32 IST" duration-ms="3653" status="PASS">
          <params>
            <param index="0">
              <value>
                <![CDATA[1014]]>
              </value>
            </param>
            <param index="1">
              <value>
                <![CDATA[testuser5]]>
              </value>
            </param>
            <param index="2">
              <value>
                <![CDATA[test5]]>
              </value>
            </param>
            <param index="3">
              <value>
                <![CDATA[user5]]>
              </value>
            </param>
            <param index="4">
              <value>
                <![CDATA[test5.user5@gmail.com]]>
              </value>
            </param>
            <param index="5">
              <value>
                <![CDATA[user1Pass5]]>
              </value>
            </param>
            <param index="6">
              <value>
                <![CDATA[8978454682]]>
              </value>
            </param>
            <param index="7">
              <value>
                <![CDATA[0]]>
              </value>
            </param>
          </params>
          <reporter-output>
          </reporter-output>
        </test-method> <!-- PutUserTestMethod1 -->
        <test-method signature="PutUserTestMethod1(java.lang.String,java.lang.String,java.lang.String,java.lang.String,java.lang.String,java.lang.String,java.lang.String,java.lang.String)[pri:1, instance:api.tests.datadriven.users.putTests@6356695f]" started-at="2024-09-08T21:17:32 IST" name="PutUserTestMethod1" description="Validate that API should return API status code within 2XX series" data-provider="alldata" finished-at="2024-09-08T21:17:35 IST" duration-ms="3723" status="PASS">
          <params>
            <param index="0">
              <value>
                <![CDATA[1015]]>
              </value>
            </param>
            <param index="1">
              <value>
                <![CDATA[testuser6]]>
              </value>
            </param>
            <param index="2">
              <value>
                <![CDATA[test6]]>
              </value>
            </param>
            <param index="3">
              <value>
                <![CDATA[user6]]>
              </value>
            </param>
            <param index="4">
              <value>
                <![CDATA[test6.user6@gmail.com]]>
              </value>
            </param>
            <param index="5">
              <value>
                <![CDATA[user1Pass6]]>
              </value>
            </param>
            <param index="6">
              <value>
                <![CDATA[8978454683]]>
              </value>
            </param>
            <param index="7">
              <value>
                <![CDATA[0]]>
              </value>
            </param>
          </params>
          <reporter-output>
          </reporter-output>
        </test-method> <!-- PutUserTestMethod1 -->
        <test-method signature="PutUserTestMethod2(java.lang.String,java.lang.String,java.lang.String,java.lang.String,java.lang.String,java.lang.String,java.lang.String,java.lang.String)[pri:1, instance:api.tests.datadriven.users.putTests@6356695f]" started-at="2024-09-08T21:17:36 IST" name="PutUserTestMethod2" description="Validate that API should return API status code as 200" data-provider="alldata" finished-at="2024-09-08T21:17:39 IST" duration-ms="3473" status="PASS">
          <params>
            <param index="0">
              <value>
                <![CDATA[1010]]>
              </value>
            </param>
            <param index="1">
              <value>
                <![CDATA[testuser1]]>
              </value>
            </param>
            <param index="2">
              <value>
                <![CDATA[test1]]>
              </value>
            </param>
            <param index="3">
              <value>
                <![CDATA[user1]]>
              </value>
            </param>
            <param index="4">
              <value>
                <![CDATA[test1.user1@gmail.com]]>
              </value>
            </param>
            <param index="5">
              <value>
                <![CDATA[user1Pass1]]>
              </value>
            </param>
            <param index="6">
              <value>
                <![CDATA[8978454678]]>
              </value>
            </param>
            <param index="7">
              <value>
                <![CDATA[0]]>
              </value>
            </param>
          </params>
          <reporter-output>
          </reporter-output>
        </test-method> <!-- PutUserTestMethod2 -->
        <test-method signature="PutUserTestMethod2(java.lang.String,java.lang.String,java.lang.String,java.lang.String,java.lang.String,java.lang.String,java.lang.String,java.lang.String)[pri:1, instance:api.tests.datadriven.users.putTests@6356695f]" started-at="2024-09-08T21:17:39 IST" name="PutUserTestMethod2" description="Validate that API should return API status code as 200" data-provider="alldata" finished-at="2024-09-08T21:17:43 IST" duration-ms="3451" status="PASS">
          <params>
            <param index="0">
              <value>
                <![CDATA[1011]]>
              </value>
            </param>
            <param index="1">
              <value>
                <![CDATA[testuser2]]>
              </value>
            </param>
            <param index="2">
              <value>
                <![CDATA[test2]]>
              </value>
            </param>
            <param index="3">
              <value>
                <![CDATA[user2]]>
              </value>
            </param>
            <param index="4">
              <value>
                <![CDATA[test2.user2@gmail.com]]>
              </value>
            </param>
            <param index="5">
              <value>
                <![CDATA[user1Pass2]]>
              </value>
            </param>
            <param index="6">
              <value>
                <![CDATA[8978454679]]>
              </value>
            </param>
            <param index="7">
              <value>
                <![CDATA[0]]>
              </value>
            </param>
          </params>
          <reporter-output>
          </reporter-output>
        </test-method> <!-- PutUserTestMethod2 -->
        <test-method signature="PutUserTestMethod2(java.lang.String,java.lang.String,java.lang.String,java.lang.String,java.lang.String,java.lang.String,java.lang.String,java.lang.String)[pri:1, instance:api.tests.datadriven.users.putTests@6356695f]" started-at="2024-09-08T21:17:43 IST" name="PutUserTestMethod2" description="Validate that API should return API status code as 200" data-provider="alldata" finished-at="2024-09-08T21:17:46 IST" duration-ms="3687" status="PASS">
          <params>
            <param index="0">
              <value>
                <![CDATA[1012]]>
              </value>
            </param>
            <param index="1">
              <value>
                <![CDATA[testuser3]]>
              </value>
            </param>
            <param index="2">
              <value>
                <![CDATA[test3]]>
              </value>
            </param>
            <param index="3">
              <value>
                <![CDATA[user3]]>
              </value>
            </param>
            <param index="4">
              <value>
                <![CDATA[test3.user3@gmail.com]]>
              </value>
            </param>
            <param index="5">
              <value>
                <![CDATA[user1Pass3]]>
              </value>
            </param>
            <param index="6">
              <value>
                <![CDATA[8978454680]]>
              </value>
            </param>
            <param index="7">
              <value>
                <![CDATA[0]]>
              </value>
            </param>
          </params>
          <reporter-output>
          </reporter-output>
        </test-method> <!-- PutUserTestMethod2 -->
        <test-method signature="PutUserTestMethod2(java.lang.String,java.lang.String,java.lang.String,java.lang.String,java.lang.String,java.lang.String,java.lang.String,java.lang.String)[pri:1, instance:api.tests.datadriven.users.putTests@6356695f]" started-at="2024-09-08T21:17:46 IST" name="PutUserTestMethod2" description="Validate that API should return API status code as 200" data-provider="alldata" finished-at="2024-09-08T21:17:50 IST" duration-ms="3273" status="PASS">
          <params>
            <param index="0">
              <value>
                <![CDATA[1013]]>
              </value>
            </param>
            <param index="1">
              <value>
                <![CDATA[testuser4]]>
              </value>
            </param>
            <param index="2">
              <value>
                <![CDATA[test4]]>
              </value>
            </param>
            <param index="3">
              <value>
                <![CDATA[user4]]>
              </value>
            </param>
            <param index="4">
              <value>
                <![CDATA[test4.user4@gmail.com]]>
              </value>
            </param>
            <param index="5">
              <value>
                <![CDATA[user1Pass4]]>
              </value>
            </param>
            <param index="6">
              <value>
                <![CDATA[8978454681]]>
              </value>
            </param>
            <param index="7">
              <value>
                <![CDATA[0]]>
              </value>
            </param>
          </params>
          <reporter-output>
          </reporter-output>
        </test-method> <!-- PutUserTestMethod2 -->
        <test-method signature="PutUserTestMethod2(java.lang.String,java.lang.String,java.lang.String,java.lang.String,java.lang.String,java.lang.String,java.lang.String,java.lang.String)[pri:1, instance:api.tests.datadriven.users.putTests@6356695f]" started-at="2024-09-08T21:17:50 IST" name="PutUserTestMethod2" description="Validate that API should return API status code as 200" data-provider="alldata" finished-at="2024-09-08T21:17:53 IST" duration-ms="3687" status="PASS">
          <params>
            <param index="0">
              <value>
                <![CDATA[1014]]>
              </value>
            </param>
            <param index="1">
              <value>
                <![CDATA[testuser5]]>
              </value>
            </param>
            <param index="2">
              <value>
                <![CDATA[test5]]>
              </value>
            </param>
            <param index="3">
              <value>
                <![CDATA[user5]]>
              </value>
            </param>
            <param index="4">
              <value>
                <![CDATA[test5.user5@gmail.com]]>
              </value>
            </param>
            <param index="5">
              <value>
                <![CDATA[user1Pass5]]>
              </value>
            </param>
            <param index="6">
              <value>
                <![CDATA[8978454682]]>
              </value>
            </param>
            <param index="7">
              <value>
                <![CDATA[0]]>
              </value>
            </param>
          </params>
          <reporter-output>
          </reporter-output>
        </test-method> <!-- PutUserTestMethod2 -->
        <test-method signature="PutUserTestMethod2(java.lang.String,java.lang.String,java.lang.String,java.lang.String,java.lang.String,java.lang.String,java.lang.String,java.lang.String)[pri:1, instance:api.tests.datadriven.users.putTests@6356695f]" started-at="2024-09-08T21:17:53 IST" name="PutUserTestMethod2" description="Validate that API should return API status code as 200" data-provider="alldata" finished-at="2024-09-08T21:17:56 IST" duration-ms="3170" status="PASS">
          <params>
            <param index="0">
              <value>
                <![CDATA[1015]]>
              </value>
            </param>
            <param index="1">
              <value>
                <![CDATA[testuser6]]>
              </value>
            </param>
            <param index="2">
              <value>
                <![CDATA[test6]]>
              </value>
            </param>
            <param index="3">
              <value>
                <![CDATA[user6]]>
              </value>
            </param>
            <param index="4">
              <value>
                <![CDATA[test6.user6@gmail.com]]>
              </value>
            </param>
            <param index="5">
              <value>
                <![CDATA[user1Pass6]]>
              </value>
            </param>
            <param index="6">
              <value>
                <![CDATA[8978454683]]>
              </value>
            </param>
            <param index="7">
              <value>
                <![CDATA[0]]>
              </value>
            </param>
          </params>
          <reporter-output>
          </reporter-output>
        </test-method> <!-- PutUserTestMethod2 -->
        <test-method signature="PutUserTestMethod3(java.lang.String,java.lang.String,java.lang.String,java.lang.String,java.lang.String,java.lang.String,java.lang.String,java.lang.String)[pri:1, instance:api.tests.datadriven.users.putTests@6356695f]" started-at="2024-09-08T21:17:57 IST" name="PutUserTestMethod3" description="Validate that API should return a response payload ie. Non-empty response body and response header" data-provider="alldata" finished-at="2024-09-08T21:18:00 IST" duration-ms="3242" status="PASS">
          <params>
            <param index="0">
              <value>
                <![CDATA[1010]]>
              </value>
            </param>
            <param index="1">
              <value>
                <![CDATA[testuser1]]>
              </value>
            </param>
            <param index="2">
              <value>
                <![CDATA[test1]]>
              </value>
            </param>
            <param index="3">
              <value>
                <![CDATA[user1]]>
              </value>
            </param>
            <param index="4">
              <value>
                <![CDATA[test1.user1@gmail.com]]>
              </value>
            </param>
            <param index="5">
              <value>
                <![CDATA[user1Pass1]]>
              </value>
            </param>
            <param index="6">
              <value>
                <![CDATA[8978454678]]>
              </value>
            </param>
            <param index="7">
              <value>
                <![CDATA[0]]>
              </value>
            </param>
          </params>
          <reporter-output>
          </reporter-output>
        </test-method> <!-- PutUserTestMethod3 -->
        <test-method signature="PutUserTestMethod3(java.lang.String,java.lang.String,java.lang.String,java.lang.String,java.lang.String,java.lang.String,java.lang.String,java.lang.String)[pri:1, instance:api.tests.datadriven.users.putTests@6356695f]" started-at="2024-09-08T21:18:00 IST" name="PutUserTestMethod3" description="Validate that API should return a response payload ie. Non-empty response body and response header" data-provider="alldata" finished-at="2024-09-08T21:18:04 IST" duration-ms="3629" status="PASS">
          <params>
            <param index="0">
              <value>
                <![CDATA[1011]]>
              </value>
            </param>
            <param index="1">
              <value>
                <![CDATA[testuser2]]>
              </value>
            </param>
            <param index="2">
              <value>
                <![CDATA[test2]]>
              </value>
            </param>
            <param index="3">
              <value>
                <![CDATA[user2]]>
              </value>
            </param>
            <param index="4">
              <value>
                <![CDATA[test2.user2@gmail.com]]>
              </value>
            </param>
            <param index="5">
              <value>
                <![CDATA[user1Pass2]]>
              </value>
            </param>
            <param index="6">
              <value>
                <![CDATA[8978454679]]>
              </value>
            </param>
            <param index="7">
              <value>
                <![CDATA[0]]>
              </value>
            </param>
          </params>
          <reporter-output>
          </reporter-output>
        </test-method> <!-- PutUserTestMethod3 -->
        <test-method signature="PutUserTestMethod3(java.lang.String,java.lang.String,java.lang.String,java.lang.String,java.lang.String,java.lang.String,java.lang.String,java.lang.String)[pri:1, instance:api.tests.datadriven.users.putTests@6356695f]" started-at="2024-09-08T21:18:04 IST" name="PutUserTestMethod3" description="Validate that API should return a response payload ie. Non-empty response body and response header" data-provider="alldata" finished-at="2024-09-08T21:18:07 IST" duration-ms="3280" status="PASS">
          <params>
            <param index="0">
              <value>
                <![CDATA[1012]]>
              </value>
            </param>
            <param index="1">
              <value>
                <![CDATA[testuser3]]>
              </value>
            </param>
            <param index="2">
              <value>
                <![CDATA[test3]]>
              </value>
            </param>
            <param index="3">
              <value>
                <![CDATA[user3]]>
              </value>
            </param>
            <param index="4">
              <value>
                <![CDATA[test3.user3@gmail.com]]>
              </value>
            </param>
            <param index="5">
              <value>
                <![CDATA[user1Pass3]]>
              </value>
            </param>
            <param index="6">
              <value>
                <![CDATA[8978454680]]>
              </value>
            </param>
            <param index="7">
              <value>
                <![CDATA[0]]>
              </value>
            </param>
          </params>
          <reporter-output>
          </reporter-output>
        </test-method> <!-- PutUserTestMethod3 -->
        <test-method signature="PutUserTestMethod3(java.lang.String,java.lang.String,java.lang.String,java.lang.String,java.lang.String,java.lang.String,java.lang.String,java.lang.String)[pri:1, instance:api.tests.datadriven.users.putTests@6356695f]" started-at="2024-09-08T21:18:07 IST" name="PutUserTestMethod3" description="Validate that API should return a response payload ie. Non-empty response body and response header" data-provider="alldata" finished-at="2024-09-08T21:18:11 IST" duration-ms="3577" status="PASS">
          <params>
            <param index="0">
              <value>
                <![CDATA[1013]]>
              </value>
            </param>
            <param index="1">
              <value>
                <![CDATA[testuser4]]>
              </value>
            </param>
            <param index="2">
              <value>
                <![CDATA[test4]]>
              </value>
            </param>
            <param index="3">
              <value>
                <![CDATA[user4]]>
              </value>
            </param>
            <param index="4">
              <value>
                <![CDATA[test4.user4@gmail.com]]>
              </value>
            </param>
            <param index="5">
              <value>
                <![CDATA[user1Pass4]]>
              </value>
            </param>
            <param index="6">
              <value>
                <![CDATA[8978454681]]>
              </value>
            </param>
            <param index="7">
              <value>
                <![CDATA[0]]>
              </value>
            </param>
          </params>
          <reporter-output>
          </reporter-output>
        </test-method> <!-- PutUserTestMethod3 -->
        <test-method signature="PutUserTestMethod3(java.lang.String,java.lang.String,java.lang.String,java.lang.String,java.lang.String,java.lang.String,java.lang.String,java.lang.String)[pri:1, instance:api.tests.datadriven.users.putTests@6356695f]" started-at="2024-09-08T21:18:11 IST" name="PutUserTestMethod3" description="Validate that API should return a response payload ie. Non-empty response body and response header" data-provider="alldata" finished-at="2024-09-08T21:18:14 IST" duration-ms="3582" status="PASS">
          <params>
            <param index="0">
              <value>
                <![CDATA[1014]]>
              </value>
            </param>
            <param index="1">
              <value>
                <![CDATA[testuser5]]>
              </value>
            </param>
            <param index="2">
              <value>
                <![CDATA[test5]]>
              </value>
            </param>
            <param index="3">
              <value>
                <![CDATA[user5]]>
              </value>
            </param>
            <param index="4">
              <value>
                <![CDATA[test5.user5@gmail.com]]>
              </value>
            </param>
            <param index="5">
              <value>
                <![CDATA[user1Pass5]]>
              </value>
            </param>
            <param index="6">
              <value>
                <![CDATA[8978454682]]>
              </value>
            </param>
            <param index="7">
              <value>
                <![CDATA[0]]>
              </value>
            </param>
          </params>
          <reporter-output>
          </reporter-output>
        </test-method> <!-- PutUserTestMethod3 -->
        <test-method signature="PutUserTestMethod3(java.lang.String,java.lang.String,java.lang.String,java.lang.String,java.lang.String,java.lang.String,java.lang.String,java.lang.String)[pri:1, instance:api.tests.datadriven.users.putTests@6356695f]" started-at="2024-09-08T21:18:14 IST" name="PutUserTestMethod3" description="Validate that API should return a response payload ie. Non-empty response body and response header" data-provider="alldata" finished-at="2024-09-08T21:18:18 IST" duration-ms="3479" status="PASS">
          <params>
            <param index="0">
              <value>
                <![CDATA[1015]]>
              </value>
            </param>
            <param index="1">
              <value>
                <![CDATA[testuser6]]>
              </value>
            </param>
            <param index="2">
              <value>
                <![CDATA[test6]]>
              </value>
            </param>
            <param index="3">
              <value>
                <![CDATA[user6]]>
              </value>
            </param>
            <param index="4">
              <value>
                <![CDATA[test6.user6@gmail.com]]>
              </value>
            </param>
            <param index="5">
              <value>
                <![CDATA[user1Pass6]]>
              </value>
            </param>
            <param index="6">
              <value>
                <![CDATA[8978454683]]>
              </value>
            </param>
            <param index="7">
              <value>
                <![CDATA[0]]>
              </value>
            </param>
          </params>
          <reporter-output>
          </reporter-output>
        </test-method> <!-- PutUserTestMethod3 -->
        <test-method signature="PutUserTestMethod4(java.lang.String,java.lang.String,java.lang.String,java.lang.String,java.lang.String,java.lang.String,java.lang.String,java.lang.String)[pri:1, instance:api.tests.datadriven.users.putTests@6356695f]" started-at="2024-09-08T21:18:18 IST" name="PutUserTestMethod4" description="Validate that API should return response of type = JSON" data-provider="alldata" finished-at="2024-09-08T21:18:21 IST" duration-ms="3331" status="PASS">
          <params>
            <param index="0">
              <value>
                <![CDATA[1010]]>
              </value>
            </param>
            <param index="1">
              <value>
                <![CDATA[testuser1]]>
              </value>
            </param>
            <param index="2">
              <value>
                <![CDATA[test1]]>
              </value>
            </param>
            <param index="3">
              <value>
                <![CDATA[user1]]>
              </value>
            </param>
            <param index="4">
              <value>
                <![CDATA[test1.user1@gmail.com]]>
              </value>
            </param>
            <param index="5">
              <value>
                <![CDATA[user1Pass1]]>
              </value>
            </param>
            <param index="6">
              <value>
                <![CDATA[8978454678]]>
              </value>
            </param>
            <param index="7">
              <value>
                <![CDATA[0]]>
              </value>
            </param>
          </params>
          <reporter-output>
          </reporter-output>
        </test-method> <!-- PutUserTestMethod4 -->
        <test-method signature="PutUserTestMethod4(java.lang.String,java.lang.String,java.lang.String,java.lang.String,java.lang.String,java.lang.String,java.lang.String,java.lang.String)[pri:1, instance:api.tests.datadriven.users.putTests@6356695f]" started-at="2024-09-08T21:18:21 IST" name="PutUserTestMethod4" description="Validate that API should return response of type = JSON" data-provider="alldata" finished-at="2024-09-08T21:18:25 IST" duration-ms="3888" status="PASS">
          <params>
            <param index="0">
              <value>
                <![CDATA[1011]]>
              </value>
            </param>
            <param index="1">
              <value>
                <![CDATA[testuser2]]>
              </value>
            </param>
            <param index="2">
              <value>
                <![CDATA[test2]]>
              </value>
            </param>
            <param index="3">
              <value>
                <![CDATA[user2]]>
              </value>
            </param>
            <param index="4">
              <value>
                <![CDATA[test2.user2@gmail.com]]>
              </value>
            </param>
            <param index="5">
              <value>
                <![CDATA[user1Pass2]]>
              </value>
            </param>
            <param index="6">
              <value>
                <![CDATA[8978454679]]>
              </value>
            </param>
            <param index="7">
              <value>
                <![CDATA[0]]>
              </value>
            </param>
          </params>
          <reporter-output>
          </reporter-output>
        </test-method> <!-- PutUserTestMethod4 -->
        <test-method signature="PutUserTestMethod4(java.lang.String,java.lang.String,java.lang.String,java.lang.String,java.lang.String,java.lang.String,java.lang.String,java.lang.String)[pri:1, instance:api.tests.datadriven.users.putTests@6356695f]" started-at="2024-09-08T21:18:25 IST" name="PutUserTestMethod4" description="Validate that API should return response of type = JSON" data-provider="alldata" finished-at="2024-09-08T21:18:29 IST" duration-ms="3502" status="PASS">
          <params>
            <param index="0">
              <value>
                <![CDATA[1012]]>
              </value>
            </param>
            <param index="1">
              <value>
                <![CDATA[testuser3]]>
              </value>
            </param>
            <param index="2">
              <value>
                <![CDATA[test3]]>
              </value>
            </param>
            <param index="3">
              <value>
                <![CDATA[user3]]>
              </value>
            </param>
            <param index="4">
              <value>
                <![CDATA[test3.user3@gmail.com]]>
              </value>
            </param>
            <param index="5">
              <value>
                <![CDATA[user1Pass3]]>
              </value>
            </param>
            <param index="6">
              <value>
                <![CDATA[8978454680]]>
              </value>
            </param>
            <param index="7">
              <value>
                <![CDATA[0]]>
              </value>
            </param>
          </params>
          <reporter-output>
          </reporter-output>
        </test-method> <!-- PutUserTestMethod4 -->
        <test-method signature="PutUserTestMethod4(java.lang.String,java.lang.String,java.lang.String,java.lang.String,java.lang.String,java.lang.String,java.lang.String,java.lang.String)[pri:1, instance:api.tests.datadriven.users.putTests@6356695f]" started-at="2024-09-08T21:18:29 IST" name="PutUserTestMethod4" description="Validate that API should return response of type = JSON" data-provider="alldata" finished-at="2024-09-08T21:18:32 IST" duration-ms="2948" status="PASS">
          <params>
            <param index="0">
              <value>
                <![CDATA[1013]]>
              </value>
            </param>
            <param index="1">
              <value>
                <![CDATA[testuser4]]>
              </value>
            </param>
            <param index="2">
              <value>
                <![CDATA[test4]]>
              </value>
            </param>
            <param index="3">
              <value>
                <![CDATA[user4]]>
              </value>
            </param>
            <param index="4">
              <value>
                <![CDATA[test4.user4@gmail.com]]>
              </value>
            </param>
            <param index="5">
              <value>
                <![CDATA[user1Pass4]]>
              </value>
            </param>
            <param index="6">
              <value>
                <![CDATA[8978454681]]>
              </value>
            </param>
            <param index="7">
              <value>
                <![CDATA[0]]>
              </value>
            </param>
          </params>
          <reporter-output>
          </reporter-output>
        </test-method> <!-- PutUserTestMethod4 -->
        <test-method signature="PutUserTestMethod4(java.lang.String,java.lang.String,java.lang.String,java.lang.String,java.lang.String,java.lang.String,java.lang.String,java.lang.String)[pri:1, instance:api.tests.datadriven.users.putTests@6356695f]" started-at="2024-09-08T21:18:32 IST" name="PutUserTestMethod4" description="Validate that API should return response of type = JSON" data-provider="alldata" finished-at="2024-09-08T21:18:35 IST" duration-ms="3781" status="PASS">
          <params>
            <param index="0">
              <value>
                <![CDATA[1014]]>
              </value>
            </param>
            <param index="1">
              <value>
                <![CDATA[testuser5]]>
              </value>
            </param>
            <param index="2">
              <value>
                <![CDATA[test5]]>
              </value>
            </param>
            <param index="3">
              <value>
                <![CDATA[user5]]>
              </value>
            </param>
            <param index="4">
              <value>
                <![CDATA[test5.user5@gmail.com]]>
              </value>
            </param>
            <param index="5">
              <value>
                <![CDATA[user1Pass5]]>
              </value>
            </param>
            <param index="6">
              <value>
                <![CDATA[8978454682]]>
              </value>
            </param>
            <param index="7">
              <value>
                <![CDATA[0]]>
              </value>
            </param>
          </params>
          <reporter-output>
          </reporter-output>
        </test-method> <!-- PutUserTestMethod4 -->
        <test-method signature="PutUserTestMethod4(java.lang.String,java.lang.String,java.lang.String,java.lang.String,java.lang.String,java.lang.String,java.lang.String,java.lang.String)[pri:1, instance:api.tests.datadriven.users.putTests@6356695f]" started-at="2024-09-08T21:18:35 IST" name="PutUserTestMethod4" description="Validate that API should return response of type = JSON" data-provider="alldata" finished-at="2024-09-08T21:18:39 IST" duration-ms="3071" status="PASS">
          <params>
            <param index="0">
              <value>
                <![CDATA[1015]]>
              </value>
            </param>
            <param index="1">
              <value>
                <![CDATA[testuser6]]>
              </value>
            </param>
            <param index="2">
              <value>
                <![CDATA[test6]]>
              </value>
            </param>
            <param index="3">
              <value>
                <![CDATA[user6]]>
              </value>
            </param>
            <param index="4">
              <value>
                <![CDATA[test6.user6@gmail.com]]>
              </value>
            </param>
            <param index="5">
              <value>
                <![CDATA[user1Pass6]]>
              </value>
            </param>
            <param index="6">
              <value>
                <![CDATA[8978454683]]>
              </value>
            </param>
            <param index="7">
              <value>
                <![CDATA[0]]>
              </value>
            </param>
          </params>
          <reporter-output>
          </reporter-output>
        </test-method> <!-- PutUserTestMethod4 -->
        <test-method signature="PutUserTestMethod5(java.lang.String,java.lang.String,java.lang.String,java.lang.String,java.lang.String,java.lang.String,java.lang.String,java.lang.String)[pri:1, instance:api.tests.datadriven.users.putTests@6356695f]" started-at="2024-09-08T21:18:39 IST" name="PutUserTestMethod5" description="Validate that API should should adhere to Response structure as per data model mentioned in API Spec or API Doc.- JSON SCHEMA VALIDATION" data-provider="alldata" finished-at="2024-09-08T21:18:42 IST" duration-ms="3013" status="PASS">
          <params>
            <param index="0">
              <value>
                <![CDATA[1010]]>
              </value>
            </param>
            <param index="1">
              <value>
                <![CDATA[testuser1]]>
              </value>
            </param>
            <param index="2">
              <value>
                <![CDATA[test1]]>
              </value>
            </param>
            <param index="3">
              <value>
                <![CDATA[user1]]>
              </value>
            </param>
            <param index="4">
              <value>
                <![CDATA[test1.user1@gmail.com]]>
              </value>
            </param>
            <param index="5">
              <value>
                <![CDATA[user1Pass1]]>
              </value>
            </param>
            <param index="6">
              <value>
                <![CDATA[8978454678]]>
              </value>
            </param>
            <param index="7">
              <value>
                <![CDATA[0]]>
              </value>
            </param>
          </params>
          <reporter-output>
          </reporter-output>
        </test-method> <!-- PutUserTestMethod5 -->
        <test-method signature="PutUserTestMethod5(java.lang.String,java.lang.String,java.lang.String,java.lang.String,java.lang.String,java.lang.String,java.lang.String,java.lang.String)[pri:1, instance:api.tests.datadriven.users.putTests@6356695f]" started-at="2024-09-08T21:18:42 IST" name="PutUserTestMethod5" description="Validate that API should should adhere to Response structure as per data model mentioned in API Spec or API Doc.- JSON SCHEMA VALIDATION" data-provider="alldata" finished-at="2024-09-08T21:18:45 IST" duration-ms="3231" status="PASS">
          <params>
            <param index="0">
              <value>
                <![CDATA[1011]]>
              </value>
            </param>
            <param index="1">
              <value>
                <![CDATA[testuser2]]>
              </value>
            </param>
            <param index="2">
              <value>
                <![CDATA[test2]]>
              </value>
            </param>
            <param index="3">
              <value>
                <![CDATA[user2]]>
              </value>
            </param>
            <param index="4">
              <value>
                <![CDATA[test2.user2@gmail.com]]>
              </value>
            </param>
            <param index="5">
              <value>
                <![CDATA[user1Pass2]]>
              </value>
            </param>
            <param index="6">
              <value>
                <![CDATA[8978454679]]>
              </value>
            </param>
            <param index="7">
              <value>
                <![CDATA[0]]>
              </value>
            </param>
          </params>
          <reporter-output>
          </reporter-output>
        </test-method> <!-- PutUserTestMethod5 -->
        <test-method signature="PutUserTestMethod5(java.lang.String,java.lang.String,java.lang.String,java.lang.String,java.lang.String,java.lang.String,java.lang.String,java.lang.String)[pri:1, instance:api.tests.datadriven.users.putTests@6356695f]" started-at="2024-09-08T21:18:45 IST" name="PutUserTestMethod5" description="Validate that API should should adhere to Response structure as per data model mentioned in API Spec or API Doc.- JSON SCHEMA VALIDATION" data-provider="alldata" finished-at="2024-09-08T21:18:49 IST" duration-ms="3922" status="PASS">
          <params>
            <param index="0">
              <value>
                <![CDATA[1012]]>
              </value>
            </param>
            <param index="1">
              <value>
                <![CDATA[testuser3]]>
              </value>
            </param>
            <param index="2">
              <value>
                <![CDATA[test3]]>
              </value>
            </param>
            <param index="3">
              <value>
                <![CDATA[user3]]>
              </value>
            </param>
            <param index="4">
              <value>
                <![CDATA[test3.user3@gmail.com]]>
              </value>
            </param>
            <param index="5">
              <value>
                <![CDATA[user1Pass3]]>
              </value>
            </param>
            <param index="6">
              <value>
                <![CDATA[8978454680]]>
              </value>
            </param>
            <param index="7">
              <value>
                <![CDATA[0]]>
              </value>
            </param>
          </params>
          <reporter-output>
          </reporter-output>
        </test-method> <!-- PutUserTestMethod5 -->
        <test-method signature="PutUserTestMethod5(java.lang.String,java.lang.String,java.lang.String,java.lang.String,java.lang.String,java.lang.String,java.lang.String,java.lang.String)[pri:1, instance:api.tests.datadriven.users.putTests@6356695f]" started-at="2024-09-08T21:18:49 IST" name="PutUserTestMethod5" description="Validate that API should should adhere to Response structure as per data model mentioned in API Spec or API Doc.- JSON SCHEMA VALIDATION" data-provider="alldata" finished-at="2024-09-08T21:18:52 IST" duration-ms="3137" status="PASS">
          <params>
            <param index="0">
              <value>
                <![CDATA[1013]]>
              </value>
            </param>
            <param index="1">
              <value>
                <![CDATA[testuser4]]>
              </value>
            </param>
            <param index="2">
              <value>
                <![CDATA[test4]]>
              </value>
            </param>
            <param index="3">
              <value>
                <![CDATA[user4]]>
              </value>
            </param>
            <param index="4">
              <value>
                <![CDATA[test4.user4@gmail.com]]>
              </value>
            </param>
            <param index="5">
              <value>
                <![CDATA[user1Pass4]]>
              </value>
            </param>
            <param index="6">
              <value>
                <![CDATA[8978454681]]>
              </value>
            </param>
            <param index="7">
              <value>
                <![CDATA[0]]>
              </value>
            </param>
          </params>
          <reporter-output>
          </reporter-output>
        </test-method> <!-- PutUserTestMethod5 -->
        <test-method signature="PutUserTestMethod5(java.lang.String,java.lang.String,java.lang.String,java.lang.String,java.lang.String,java.lang.String,java.lang.String,java.lang.String)[pri:1, instance:api.tests.datadriven.users.putTests@6356695f]" started-at="2024-09-08T21:18:52 IST" name="PutUserTestMethod5" description="Validate that API should should adhere to Response structure as per data model mentioned in API Spec or API Doc.- JSON SCHEMA VALIDATION" data-provider="alldata" finished-at="2024-09-08T21:18:55 IST" duration-ms="2706" status="PASS">
          <params>
            <param index="0">
              <value>
                <![CDATA[1014]]>
              </value>
            </param>
            <param index="1">
              <value>
                <![CDATA[testuser5]]>
              </value>
            </param>
            <param index="2">
              <value>
                <![CDATA[test5]]>
              </value>
            </param>
            <param index="3">
              <value>
                <![CDATA[user5]]>
              </value>
            </param>
            <param index="4">
              <value>
                <![CDATA[test5.user5@gmail.com]]>
              </value>
            </param>
            <param index="5">
              <value>
                <![CDATA[user1Pass5]]>
              </value>
            </param>
            <param index="6">
              <value>
                <![CDATA[8978454682]]>
              </value>
            </param>
            <param index="7">
              <value>
                <![CDATA[0]]>
              </value>
            </param>
          </params>
          <reporter-output>
          </reporter-output>
        </test-method> <!-- PutUserTestMethod5 -->
        <test-method signature="PutUserTestMethod5(java.lang.String,java.lang.String,java.lang.String,java.lang.String,java.lang.String,java.lang.String,java.lang.String,java.lang.String)[pri:1, instance:api.tests.datadriven.users.putTests@6356695f]" started-at="2024-09-08T21:18:55 IST" name="PutUserTestMethod5" description="Validate that API should should adhere to Response structure as per data model mentioned in API Spec or API Doc.- JSON SCHEMA VALIDATION" data-provider="alldata" finished-at="2024-09-08T21:18:58 IST" duration-ms="2968" status="PASS">
          <params>
            <param index="0">
              <value>
                <![CDATA[1015]]>
              </value>
            </param>
            <param index="1">
              <value>
                <![CDATA[testuser6]]>
              </value>
            </param>
            <param index="2">
              <value>
                <![CDATA[test6]]>
              </value>
            </param>
            <param index="3">
              <value>
                <![CDATA[user6]]>
              </value>
            </param>
            <param index="4">
              <value>
                <![CDATA[test6.user6@gmail.com]]>
              </value>
            </param>
            <param index="5">
              <value>
                <![CDATA[user1Pass6]]>
              </value>
            </param>
            <param index="6">
              <value>
                <![CDATA[8978454683]]>
              </value>
            </param>
            <param index="7">
              <value>
                <![CDATA[0]]>
              </value>
            </param>
          </params>
          <reporter-output>
          </reporter-output>
        </test-method> <!-- PutUserTestMethod5 -->
        <test-method signature="PutUserTestMethod6(java.lang.String,java.lang.String,java.lang.String,java.lang.String,java.lang.String,java.lang.String,java.lang.String,java.lang.String)[pri:1, instance:api.tests.datadriven.users.putTests@6356695f]" started-at="2024-09-08T21:18:58 IST" name="PutUserTestMethod6" description="Valdiate that API should return response body with details of all existing users" data-provider="alldata" finished-at="2024-09-08T21:19:02 IST" duration-ms="3175" status="FAIL">
          <params>
            <param index="0">
              <value>
                <![CDATA[1010]]>
              </value>
            </param>
            <param index="1">
              <value>
                <![CDATA[testuser1]]>
              </value>
            </param>
            <param index="2">
              <value>
                <![CDATA[test1]]>
              </value>
            </param>
            <param index="3">
              <value>
                <![CDATA[user1]]>
              </value>
            </param>
            <param index="4">
              <value>
                <![CDATA[test1.user1@gmail.com]]>
              </value>
            </param>
            <param index="5">
              <value>
                <![CDATA[user1Pass1]]>
              </value>
            </param>
            <param index="6">
              <value>
                <![CDATA[8978454678]]>
              </value>
            </param>
            <param index="7">
              <value>
                <![CDATA[0]]>
              </value>
            </param>
          </params>
          <exception class="java.lang.AssertionError">
            <message>
              <![CDATA[
Expected: is a value equal to or greater than <6>
     but: <4> was less than <6>]]>
            </message>
            <full-stacktrace>
              <![CDATA[java.lang.AssertionError: 
Expected: is a value equal to or greater than <6>
     but: <4> was less than <6>
at org.hamcrest.MatcherAssert.assertThat(MatcherAssert.java:20)
at org.hamcrest.MatcherAssert.assertThat(MatcherAssert.java:6)
at api.tests.datadriven.users.putTests.PutUserTestMethod6(putTests.java:228)
at java.base/jdk.internal.reflect.DirectMethodHandleAccessor.invoke(DirectMethodHandleAccessor.java:103)
at java.base/java.lang.reflect.Method.invoke(Method.java:580)
at org.testng.internal.invokers.MethodInvocationHelper.invokeMethod(MethodInvocationHelper.java:141)
at org.testng.internal.invokers.TestInvoker.invokeMethod(TestInvoker.java:686)
at org.testng.internal.invokers.TestInvoker.invokeTestMethod(TestInvoker.java:230)
at org.testng.internal.invokers.MethodRunner.runInSequence(MethodRunner.java:63)
at org.testng.internal.invokers.TestInvoker$MethodInvocationAgent.invoke(TestInvoker.java:992)
at org.testng.internal.invokers.TestInvoker.invokeTestMethods(TestInvoker.java:203)
at org.testng.internal.invokers.TestMethodWorker.invokeTestMethods(TestMethodWorker.java:154)
at org.testng.internal.invokers.TestMethodWorker.run(TestMethodWorker.java:134)
at java.base/java.util.ArrayList.forEach(ArrayList.java:1596)
at org.testng.TestRunner.privateRun(TestRunner.java:739)
at org.testng.TestRunner.run(TestRunner.java:614)
at org.testng.SuiteRunner.runTest(SuiteRunner.java:421)
at org.testng.SuiteRunner.runSequentially(SuiteRunner.java:413)
at org.testng.SuiteRunner.privateRun(SuiteRunner.java:373)
at org.testng.SuiteRunner.run(SuiteRunner.java:312)
at org.testng.SuiteRunnerWorker.runSuite(SuiteRunnerWorker.java:52)
at org.testng.SuiteRunnerWorker.run(SuiteRunnerWorker.java:95)
at org.testng.TestNG.runSuitesSequentially(TestNG.java:1274)
at org.testng.TestNG.runSuitesLocally(TestNG.java:1208)
at org.testng.TestNG.runSuites(TestNG.java:1112)
at org.testng.TestNG.run(TestNG.java:1079)
at org.apache.maven.surefire.testng.TestNGExecutor.run(TestNGExecutor.java:308)
at org.apache.maven.surefire.testng.TestNGXmlTestSuite.execute(TestNGXmlTestSuite.java:71)
at org.apache.maven.surefire.testng.TestNGProvider.invoke(TestNGProvider.java:113)
at org.apache.maven.surefire.booter.ForkedBooter.runSuitesInProcess(ForkedBooter.java:385)
at org.apache.maven.surefire.booter.ForkedBooter.execute(ForkedBooter.java:162)
at org.apache.maven.surefire.booter.ForkedBooter.run(ForkedBooter.java:507)
at org.apache.maven.surefire.booter.ForkedBooter.main(ForkedBooter.java:495)
]]>
            </full-stacktrace>
          </exception> <!-- java.lang.AssertionError -->
          <reporter-output>
          </reporter-output>
        </test-method> <!-- PutUserTestMethod6 -->
        <test-method signature="PutUserTestMethod6(java.lang.String,java.lang.String,java.lang.String,java.lang.String,java.lang.String,java.lang.String,java.lang.String,java.lang.String)[pri:1, instance:api.tests.datadriven.users.putTests@6356695f]" started-at="2024-09-08T21:19:02 IST" name="PutUserTestMethod6" description="Valdiate that API should return response body with details of all existing users" data-provider="alldata" finished-at="2024-09-08T21:19:05 IST" duration-ms="3710" status="FAIL">
          <params>
            <param index="0">
              <value>
                <![CDATA[1011]]>
              </value>
            </param>
            <param index="1">
              <value>
                <![CDATA[testuser2]]>
              </value>
            </param>
            <param index="2">
              <value>
                <![CDATA[test2]]>
              </value>
            </param>
            <param index="3">
              <value>
                <![CDATA[user2]]>
              </value>
            </param>
            <param index="4">
              <value>
                <![CDATA[test2.user2@gmail.com]]>
              </value>
            </param>
            <param index="5">
              <value>
                <![CDATA[user1Pass2]]>
              </value>
            </param>
            <param index="6">
              <value>
                <![CDATA[8978454679]]>
              </value>
            </param>
            <param index="7">
              <value>
                <![CDATA[0]]>
              </value>
            </param>
          </params>
          <exception class="java.lang.AssertionError">
            <message>
              <![CDATA[
Expected: is a value equal to or greater than <6>
     but: <4> was less than <6>]]>
            </message>
            <full-stacktrace>
              <![CDATA[java.lang.AssertionError: 
Expected: is a value equal to or greater than <6>
     but: <4> was less than <6>
at org.hamcrest.MatcherAssert.assertThat(MatcherAssert.java:20)
at org.hamcrest.MatcherAssert.assertThat(MatcherAssert.java:6)
at api.tests.datadriven.users.putTests.PutUserTestMethod6(putTests.java:228)
at java.base/jdk.internal.reflect.DirectMethodHandleAccessor.invoke(DirectMethodHandleAccessor.java:103)
at java.base/java.lang.reflect.Method.invoke(Method.java:580)
at org.testng.internal.invokers.MethodInvocationHelper.invokeMethod(MethodInvocationHelper.java:141)
at org.testng.internal.invokers.TestInvoker.invokeMethod(TestInvoker.java:686)
at org.testng.internal.invokers.TestInvoker.invokeTestMethod(TestInvoker.java:230)
at org.testng.internal.invokers.MethodRunner.runInSequence(MethodRunner.java:63)
at org.testng.internal.invokers.TestInvoker$MethodInvocationAgent.invoke(TestInvoker.java:992)
at org.testng.internal.invokers.TestInvoker.invokeTestMethods(TestInvoker.java:203)
at org.testng.internal.invokers.TestMethodWorker.invokeTestMethods(TestMethodWorker.java:154)
at org.testng.internal.invokers.TestMethodWorker.run(TestMethodWorker.java:134)
at java.base/java.util.ArrayList.forEach(ArrayList.java:1596)
at org.testng.TestRunner.privateRun(TestRunner.java:739)
at org.testng.TestRunner.run(TestRunner.java:614)
at org.testng.SuiteRunner.runTest(SuiteRunner.java:421)
at org.testng.SuiteRunner.runSequentially(SuiteRunner.java:413)
at org.testng.SuiteRunner.privateRun(SuiteRunner.java:373)
at org.testng.SuiteRunner.run(SuiteRunner.java:312)
at org.testng.SuiteRunnerWorker.runSuite(SuiteRunnerWorker.java:52)
at org.testng.SuiteRunnerWorker.run(SuiteRunnerWorker.java:95)
at org.testng.TestNG.runSuitesSequentially(TestNG.java:1274)
at org.testng.TestNG.runSuitesLocally(TestNG.java:1208)
at org.testng.TestNG.runSuites(TestNG.java:1112)
at org.testng.TestNG.run(TestNG.java:1079)
at org.apache.maven.surefire.testng.TestNGExecutor.run(TestNGExecutor.java:308)
at org.apache.maven.surefire.testng.TestNGXmlTestSuite.execute(TestNGXmlTestSuite.java:71)
at org.apache.maven.surefire.testng.TestNGProvider.invoke(TestNGProvider.java:113)
at org.apache.maven.surefire.booter.ForkedBooter.runSuitesInProcess(ForkedBooter.java:385)
at org.apache.maven.surefire.booter.ForkedBooter.execute(ForkedBooter.java:162)
at org.apache.maven.surefire.booter.ForkedBooter.run(ForkedBooter.java:507)
at org.apache.maven.surefire.booter.ForkedBooter.main(ForkedBooter.java:495)
]]>
            </full-stacktrace>
          </exception> <!-- java.lang.AssertionError -->
          <reporter-output>
          </reporter-output>
        </test-method> <!-- PutUserTestMethod6 -->
        <test-method signature="PutUserTestMethod6(java.lang.String,java.lang.String,java.lang.String,java.lang.String,java.lang.String,java.lang.String,java.lang.String,java.lang.String)[pri:1, instance:api.tests.datadriven.users.putTests@6356695f]" started-at="2024-09-08T21:19:05 IST" name="PutUserTestMethod6" description="Valdiate that API should return response body with details of all existing users" data-provider="alldata" finished-at="2024-09-08T21:19:09 IST" duration-ms="3666" status="FAIL">
          <params>
            <param index="0">
              <value>
                <![CDATA[1012]]>
              </value>
            </param>
            <param index="1">
              <value>
                <![CDATA[testuser3]]>
              </value>
            </param>
            <param index="2">
              <value>
                <![CDATA[test3]]>
              </value>
            </param>
            <param index="3">
              <value>
                <![CDATA[user3]]>
              </value>
            </param>
            <param index="4">
              <value>
                <![CDATA[test3.user3@gmail.com]]>
              </value>
            </param>
            <param index="5">
              <value>
                <![CDATA[user1Pass3]]>
              </value>
            </param>
            <param index="6">
              <value>
                <![CDATA[8978454680]]>
              </value>
            </param>
            <param index="7">
              <value>
                <![CDATA[0]]>
              </value>
            </param>
          </params>
          <exception class="java.lang.AssertionError">
            <message>
              <![CDATA[
Expected: is a value equal to or greater than <6>
     but: <4> was less than <6>]]>
            </message>
            <full-stacktrace>
              <![CDATA[java.lang.AssertionError: 
Expected: is a value equal to or greater than <6>
     but: <4> was less than <6>
at org.hamcrest.MatcherAssert.assertThat(MatcherAssert.java:20)
at org.hamcrest.MatcherAssert.assertThat(MatcherAssert.java:6)
at api.tests.datadriven.users.putTests.PutUserTestMethod6(putTests.java:228)
at java.base/jdk.internal.reflect.DirectMethodHandleAccessor.invoke(DirectMethodHandleAccessor.java:103)
at java.base/java.lang.reflect.Method.invoke(Method.java:580)
at org.testng.internal.invokers.MethodInvocationHelper.invokeMethod(MethodInvocationHelper.java:141)
at org.testng.internal.invokers.TestInvoker.invokeMethod(TestInvoker.java:686)
at org.testng.internal.invokers.TestInvoker.invokeTestMethod(TestInvoker.java:230)
at org.testng.internal.invokers.MethodRunner.runInSequence(MethodRunner.java:63)
at org.testng.internal.invokers.TestInvoker$MethodInvocationAgent.invoke(TestInvoker.java:992)
at org.testng.internal.invokers.TestInvoker.invokeTestMethods(TestInvoker.java:203)
at org.testng.internal.invokers.TestMethodWorker.invokeTestMethods(TestMethodWorker.java:154)
at org.testng.internal.invokers.TestMethodWorker.run(TestMethodWorker.java:134)
at java.base/java.util.ArrayList.forEach(ArrayList.java:1596)
at org.testng.TestRunner.privateRun(TestRunner.java:739)
at org.testng.TestRunner.run(TestRunner.java:614)
at org.testng.SuiteRunner.runTest(SuiteRunner.java:421)
at org.testng.SuiteRunner.runSequentially(SuiteRunner.java:413)
at org.testng.SuiteRunner.privateRun(SuiteRunner.java:373)
at org.testng.SuiteRunner.run(SuiteRunner.java:312)
at org.testng.SuiteRunnerWorker.runSuite(SuiteRunnerWorker.java:52)
at org.testng.SuiteRunnerWorker.run(SuiteRunnerWorker.java:95)
at org.testng.TestNG.runSuitesSequentially(TestNG.java:1274)
at org.testng.TestNG.runSuitesLocally(TestNG.java:1208)
at org.testng.TestNG.runSuites(TestNG.java:1112)
at org.testng.TestNG.run(TestNG.java:1079)
at org.apache.maven.surefire.testng.TestNGExecutor.run(TestNGExecutor.java:308)
at org.apache.maven.surefire.testng.TestNGXmlTestSuite.execute(TestNGXmlTestSuite.java:71)
at org.apache.maven.surefire.testng.TestNGProvider.invoke(TestNGProvider.java:113)
at org.apache.maven.surefire.booter.ForkedBooter.runSuitesInProcess(ForkedBooter.java:385)
at org.apache.maven.surefire.booter.ForkedBooter.execute(ForkedBooter.java:162)
at org.apache.maven.surefire.booter.ForkedBooter.run(ForkedBooter.java:507)
at org.apache.maven.surefire.booter.ForkedBooter.main(ForkedBooter.java:495)
]]>
            </full-stacktrace>
          </exception> <!-- java.lang.AssertionError -->
          <reporter-output>
          </reporter-output>
        </test-method> <!-- PutUserTestMethod6 -->
        <test-method signature="PutUserTestMethod6(java.lang.String,java.lang.String,java.lang.String,java.lang.String,java.lang.String,java.lang.String,java.lang.String,java.lang.String)[pri:1, instance:api.tests.datadriven.users.putTests@6356695f]" started-at="2024-09-08T21:19:09 IST" name="PutUserTestMethod6" description="Valdiate that API should return response body with details of all existing users" data-provider="alldata" finished-at="2024-09-08T21:19:13 IST" duration-ms="3690" status="FAIL">
          <params>
            <param index="0">
              <value>
                <![CDATA[1013]]>
              </value>
            </param>
            <param index="1">
              <value>
                <![CDATA[testuser4]]>
              </value>
            </param>
            <param index="2">
              <value>
                <![CDATA[test4]]>
              </value>
            </param>
            <param index="3">
              <value>
                <![CDATA[user4]]>
              </value>
            </param>
            <param index="4">
              <value>
                <![CDATA[test4.user4@gmail.com]]>
              </value>
            </param>
            <param index="5">
              <value>
                <![CDATA[user1Pass4]]>
              </value>
            </param>
            <param index="6">
              <value>
                <![CDATA[8978454681]]>
              </value>
            </param>
            <param index="7">
              <value>
                <![CDATA[0]]>
              </value>
            </param>
          </params>
          <exception class="java.lang.AssertionError">
            <message>
              <![CDATA[
Expected: is a value equal to or greater than <6>
     but: <4> was less than <6>]]>
            </message>
            <full-stacktrace>
              <![CDATA[java.lang.AssertionError: 
Expected: is a value equal to or greater than <6>
     but: <4> was less than <6>
at org.hamcrest.MatcherAssert.assertThat(MatcherAssert.java:20)
at org.hamcrest.MatcherAssert.assertThat(MatcherAssert.java:6)
at api.tests.datadriven.users.putTests.PutUserTestMethod6(putTests.java:228)
at java.base/jdk.internal.reflect.DirectMethodHandleAccessor.invoke(DirectMethodHandleAccessor.java:103)
at java.base/java.lang.reflect.Method.invoke(Method.java:580)
at org.testng.internal.invokers.MethodInvocationHelper.invokeMethod(MethodInvocationHelper.java:141)
at org.testng.internal.invokers.TestInvoker.invokeMethod(TestInvoker.java:686)
at org.testng.internal.invokers.TestInvoker.invokeTestMethod(TestInvoker.java:230)
at org.testng.internal.invokers.MethodRunner.runInSequence(MethodRunner.java:63)
at org.testng.internal.invokers.TestInvoker$MethodInvocationAgent.invoke(TestInvoker.java:992)
at org.testng.internal.invokers.TestInvoker.invokeTestMethods(TestInvoker.java:203)
at org.testng.internal.invokers.TestMethodWorker.invokeTestMethods(TestMethodWorker.java:154)
at org.testng.internal.invokers.TestMethodWorker.run(TestMethodWorker.java:134)
at java.base/java.util.ArrayList.forEach(ArrayList.java:1596)
at org.testng.TestRunner.privateRun(TestRunner.java:739)
at org.testng.TestRunner.run(TestRunner.java:614)
at org.testng.SuiteRunner.runTest(SuiteRunner.java:421)
at org.testng.SuiteRunner.runSequentially(SuiteRunner.java:413)
at org.testng.SuiteRunner.privateRun(SuiteRunner.java:373)
at org.testng.SuiteRunner.run(SuiteRunner.java:312)
at org.testng.SuiteRunnerWorker.runSuite(SuiteRunnerWorker.java:52)
at org.testng.SuiteRunnerWorker.run(SuiteRunnerWorker.java:95)
at org.testng.TestNG.runSuitesSequentially(TestNG.java:1274)
at org.testng.TestNG.runSuitesLocally(TestNG.java:1208)
at org.testng.TestNG.runSuites(TestNG.java:1112)
at org.testng.TestNG.run(TestNG.java:1079)
at org.apache.maven.surefire.testng.TestNGExecutor.run(TestNGExecutor.java:308)
at org.apache.maven.surefire.testng.TestNGXmlTestSuite.execute(TestNGXmlTestSuite.java:71)
at org.apache.maven.surefire.testng.TestNGProvider.invoke(TestNGProvider.java:113)
at org.apache.maven.surefire.booter.ForkedBooter.runSuitesInProcess(ForkedBooter.java:385)
at org.apache.maven.surefire.booter.ForkedBooter.execute(ForkedBooter.java:162)
at org.apache.maven.surefire.booter.ForkedBooter.run(ForkedBooter.java:507)
at org.apache.maven.surefire.booter.ForkedBooter.main(ForkedBooter.java:495)
]]>
            </full-stacktrace>
          </exception> <!-- java.lang.AssertionError -->
          <reporter-output>
          </reporter-output>
        </test-method> <!-- PutUserTestMethod6 -->
        <test-method signature="PutUserTestMethod6(java.lang.String,java.lang.String,java.lang.String,java.lang.String,java.lang.String,java.lang.String,java.lang.String,java.lang.String)[pri:1, instance:api.tests.datadriven.users.putTests@6356695f]" started-at="2024-09-08T21:19:13 IST" name="PutUserTestMethod6" description="Valdiate that API should return response body with details of all existing users" data-provider="alldata" finished-at="2024-09-08T21:19:16 IST" duration-ms="3471" status="FAIL">
          <params>
            <param index="0">
              <value>
                <![CDATA[1014]]>
              </value>
            </param>
            <param index="1">
              <value>
                <![CDATA[testuser5]]>
              </value>
            </param>
            <param index="2">
              <value>
                <![CDATA[test5]]>
              </value>
            </param>
            <param index="3">
              <value>
                <![CDATA[user5]]>
              </value>
            </param>
            <param index="4">
              <value>
                <![CDATA[test5.user5@gmail.com]]>
              </value>
            </param>
            <param index="5">
              <value>
                <![CDATA[user1Pass5]]>
              </value>
            </param>
            <param index="6">
              <value>
                <![CDATA[8978454682]]>
              </value>
            </param>
            <param index="7">
              <value>
                <![CDATA[0]]>
              </value>
            </param>
          </params>
          <exception class="java.lang.AssertionError">
            <message>
              <![CDATA[
Expected: is a value equal to or greater than <6>
     but: <4> was less than <6>]]>
            </message>
            <full-stacktrace>
              <![CDATA[java.lang.AssertionError: 
Expected: is a value equal to or greater than <6>
     but: <4> was less than <6>
at org.hamcrest.MatcherAssert.assertThat(MatcherAssert.java:20)
at org.hamcrest.MatcherAssert.assertThat(MatcherAssert.java:6)
at api.tests.datadriven.users.putTests.PutUserTestMethod6(putTests.java:228)
at java.base/jdk.internal.reflect.DirectMethodHandleAccessor.invoke(DirectMethodHandleAccessor.java:103)
at java.base/java.lang.reflect.Method.invoke(Method.java:580)
at org.testng.internal.invokers.MethodInvocationHelper.invokeMethod(MethodInvocationHelper.java:141)
at org.testng.internal.invokers.TestInvoker.invokeMethod(TestInvoker.java:686)
at org.testng.internal.invokers.TestInvoker.invokeTestMethod(TestInvoker.java:230)
at org.testng.internal.invokers.MethodRunner.runInSequence(MethodRunner.java:63)
at org.testng.internal.invokers.TestInvoker$MethodInvocationAgent.invoke(TestInvoker.java:992)
at org.testng.internal.invokers.TestInvoker.invokeTestMethods(TestInvoker.java:203)
at org.testng.internal.invokers.TestMethodWorker.invokeTestMethods(TestMethodWorker.java:154)
at org.testng.internal.invokers.TestMethodWorker.run(TestMethodWorker.java:134)
at java.base/java.util.ArrayList.forEach(ArrayList.java:1596)
at org.testng.TestRunner.privateRun(TestRunner.java:739)
at org.testng.TestRunner.run(TestRunner.java:614)
at org.testng.SuiteRunner.runTest(SuiteRunner.java:421)
at org.testng.SuiteRunner.runSequentially(SuiteRunner.java:413)
at org.testng.SuiteRunner.privateRun(SuiteRunner.java:373)
at org.testng.SuiteRunner.run(SuiteRunner.java:312)
at org.testng.SuiteRunnerWorker.runSuite(SuiteRunnerWorker.java:52)
at org.testng.SuiteRunnerWorker.run(SuiteRunnerWorker.java:95)
at org.testng.TestNG.runSuitesSequentially(TestNG.java:1274)
at org.testng.TestNG.runSuitesLocally(TestNG.java:1208)
at org.testng.TestNG.runSuites(TestNG.java:1112)
at org.testng.TestNG.run(TestNG.java:1079)
at org.apache.maven.surefire.testng.TestNGExecutor.run(TestNGExecutor.java:308)
at org.apache.maven.surefire.testng.TestNGXmlTestSuite.execute(TestNGXmlTestSuite.java:71)
at org.apache.maven.surefire.testng.TestNGProvider.invoke(TestNGProvider.java:113)
at org.apache.maven.surefire.booter.ForkedBooter.runSuitesInProcess(ForkedBooter.java:385)
at org.apache.maven.surefire.booter.ForkedBooter.execute(ForkedBooter.java:162)
at org.apache.maven.surefire.booter.ForkedBooter.run(ForkedBooter.java:507)
at org.apache.maven.surefire.booter.ForkedBooter.main(ForkedBooter.java:495)
]]>
            </full-stacktrace>
          </exception> <!-- java.lang.AssertionError -->
          <reporter-output>
          </reporter-output>
        </test-method> <!-- PutUserTestMethod6 -->
        <test-method signature="PutUserTestMethod6(java.lang.String,java.lang.String,java.lang.String,java.lang.String,java.lang.String,java.lang.String,java.lang.String,java.lang.String)[pri:1, instance:api.tests.datadriven.users.putTests@6356695f]" started-at="2024-09-08T21:19:16 IST" name="PutUserTestMethod6" description="Valdiate that API should return response body with details of all existing users" data-provider="alldata" finished-at="2024-09-08T21:19:20 IST" duration-ms="3723" status="FAIL">
          <params>
            <param index="0">
              <value>
                <![CDATA[1015]]>
              </value>
            </param>
            <param index="1">
              <value>
                <![CDATA[testuser6]]>
              </value>
            </param>
            <param index="2">
              <value>
                <![CDATA[test6]]>
              </value>
            </param>
            <param index="3">
              <value>
                <![CDATA[user6]]>
              </value>
            </param>
            <param index="4">
              <value>
                <![CDATA[test6.user6@gmail.com]]>
              </value>
            </param>
            <param index="5">
              <value>
                <![CDATA[user1Pass6]]>
              </value>
            </param>
            <param index="6">
              <value>
                <![CDATA[8978454683]]>
              </value>
            </param>
            <param index="7">
              <value>
                <![CDATA[0]]>
              </value>
            </param>
          </params>
          <exception class="java.lang.AssertionError">
            <message>
              <![CDATA[
Expected: is a value equal to or greater than <6>
     but: <4> was less than <6>]]>
            </message>
            <full-stacktrace>
              <![CDATA[java.lang.AssertionError: 
Expected: is a value equal to or greater than <6>
     but: <4> was less than <6>
at org.hamcrest.MatcherAssert.assertThat(MatcherAssert.java:20)
at org.hamcrest.MatcherAssert.assertThat(MatcherAssert.java:6)
at api.tests.datadriven.users.putTests.PutUserTestMethod6(putTests.java:228)
at java.base/jdk.internal.reflect.DirectMethodHandleAccessor.invoke(DirectMethodHandleAccessor.java:103)
at java.base/java.lang.reflect.Method.invoke(Method.java:580)
at org.testng.internal.invokers.MethodInvocationHelper.invokeMethod(MethodInvocationHelper.java:141)
at org.testng.internal.invokers.TestInvoker.invokeMethod(TestInvoker.java:686)
at org.testng.internal.invokers.TestInvoker.invokeTestMethod(TestInvoker.java:230)
at org.testng.internal.invokers.MethodRunner.runInSequence(MethodRunner.java:63)
[...]
              </value>
            </param>
            <param index="5">
              <value>
                <![CDATA[user1Pass1]]>
              </value>
            </param>
            <param index="6">
              <value>
                <![CDATA[8978454678]]>
              </value>
            </param>
            <param index="7">
              <value>
                <![CDATA[0]]>
              </value>
            </param>
          </params>
          <reporter-output>
          </reporter-output>
        </test-method> <!-- DeleteUserTestMethod6 -->
        <test-method signature="DeleteUserTestMethod6(java.lang.String,java.lang.String,java.lang.String,java.lang.String,java.lang.String,java.lang.String,java.lang.String,java.lang.String)[pri:2, instance:api.tests.datadriven.users.deleteTests@1623b78d]" started-at="2024-09-08T21:21:33 IST" name="DeleteUserTestMethod6" description="Valdiate that API should return response body with details of all existing users" data-provider="alldata" finished-at="2024-09-08T21:21:36 IST" duration-ms="3072" status="PASS">
          <params>
            <param index="0">
              <value>
                <![CDATA[1011]]>
              </value>
            </param>
            <param index="1">
              <value>
                <![CDATA[testuser2]]>
              </value>
            </param>
            <param index="2">
              <value>
                <![CDATA[test2]]>
              </value>
            </param>
            <param index="3">
              <value>
                <![CDATA[user2]]>
              </value>
            </param>
            <param index="4">
              <value>
                <![CDATA[test2.user2@gmail.com]]>
              </value>
            </param>
            <param index="5">
              <value>
                <![CDATA[user1Pass2]]>
              </value>
            </param>
            <param index="6">
              <value>
                <![CDATA[8978454679]]>
              </value>
            </param>
            <param index="7">
              <value>
                <![CDATA[0]]>
              </value>
            </param>
          </params>
          <reporter-output>
          </reporter-output>
        </test-method> <!-- DeleteUserTestMethod6 -->
        <test-method signature="DeleteUserTestMethod6(java.lang.String,java.lang.String,java.lang.String,java.lang.String,java.lang.String,java.lang.String,java.lang.String,java.lang.String)[pri:2, instance:api.tests.datadriven.users.deleteTests@1623b78d]" started-at="2024-09-08T21:21:36 IST" name="DeleteUserTestMethod6" description="Valdiate that API should return response body with details of all existing users" data-provider="alldata" finished-at="2024-09-08T21:21:40 IST" duration-ms="3295" status="PASS">
          <params>
            <param index="0">
              <value>
                <![CDATA[1012]]>
              </value>
            </param>
            <param index="1">
              <value>
                <![CDATA[testuser3]]>
              </value>
            </param>
            <param index="2">
              <value>
                <![CDATA[test3]]>
              </value>
            </param>
            <param index="3">
              <value>
                <![CDATA[user3]]>
              </value>
            </param>
            <param index="4">
              <value>
                <![CDATA[test3.user3@gmail.com]]>
              </value>
            </param>
            <param index="5">
              <value>
                <![CDATA[user1Pass3]]>
              </value>
            </param>
            <param index="6">
              <value>
                <![CDATA[8978454680]]>
              </value>
            </param>
            <param index="7">
              <value>
                <![CDATA[0]]>
              </value>
            </param>
          </params>
          <reporter-output>
          </reporter-output>
        </test-method> <!-- DeleteUserTestMethod6 -->
        <test-method signature="DeleteUserTestMethod6(java.lang.String,java.lang.String,java.lang.String,java.lang.String,java.lang.String,java.lang.String,java.lang.String,java.lang.String)[pri:2, instance:api.tests.datadriven.users.deleteTests@1623b78d]" started-at="2024-09-08T21:21:40 IST" name="DeleteUserTestMethod6" description="Valdiate that API should return response body with details of all existing users" data-provider="alldata" finished-at="2024-09-08T21:21:42 IST" duration-ms="2647" status="PASS">
          <params>
            <param index="0">
              <value>
                <![CDATA[1013]]>
              </value>
            </param>
            <param index="1">
              <value>
                <![CDATA[testuser4]]>
              </value>
            </param>
            <param index="2">
              <value>
                <![CDATA[test4]]>
              </value>
            </param>
            <param index="3">
              <value>
                <![CDATA[user4]]>
              </value>
            </param>
            <param index="4">
              <value>
                <![CDATA[test4.user4@gmail.com]]>
              </value>
            </param>
            <param index="5">
              <value>
                <![CDATA[user1Pass4]]>
              </value>
            </param>
            <param index="6">
              <value>
                <![CDATA[8978454681]]>
              </value>
            </param>
            <param index="7">
              <value>
                <![CDATA[0]]>
              </value>
            </param>
          </params>
          <reporter-output>
          </reporter-output>
        </test-method> <!-- DeleteUserTestMethod6 -->
        <test-method signature="DeleteUserTestMethod6(java.lang.String,java.lang.String,java.lang.String,java.lang.String,java.lang.String,java.lang.String,java.lang.String,java.lang.String)[pri:2, instance:api.tests.datadriven.users.deleteTests@1623b78d]" started-at="2024-09-08T21:21:42 IST" name="DeleteUserTestMethod6" description="Valdiate that API should return response body with details of all existing users" data-provider="alldata" finished-at="2024-09-08T21:21:45 IST" duration-ms="3110" status="PASS">
          <params>
            <param index="0">
              <value>
                <![CDATA[1014]]>
              </value>
            </param>
            <param index="1">
              <value>
                <![CDATA[testuser5]]>
              </value>
            </param>
            <param index="2">
              <value>
                <![CDATA[test5]]>
              </value>
            </param>
            <param index="3">
              <value>
                <![CDATA[user5]]>
              </value>
            </param>
            <param index="4">
              <value>
                <![CDATA[test5.user5@gmail.com]]>
              </value>
            </param>
            <param index="5">
              <value>
                <![CDATA[user1Pass5]]>
              </value>
            </param>
            <param index="6">
              <value>
                <![CDATA[8978454682]]>
              </value>
            </param>
            <param index="7">
              <value>
                <![CDATA[0]]>
              </value>
            </param>
          </params>
          <reporter-output>
          </reporter-output>
        </test-method> <!-- DeleteUserTestMethod6 -->
        <test-method signature="DeleteUserTestMethod6(java.lang.String,java.lang.String,java.lang.String,java.lang.String,java.lang.String,java.lang.String,java.lang.String,java.lang.String)[pri:2, instance:api.tests.datadriven.users.deleteTests@1623b78d]" started-at="2024-09-08T21:21:45 IST" name="DeleteUserTestMethod6" description="Valdiate that API should return response body with details of all existing users" data-provider="alldata" finished-at="2024-09-08T21:21:49 IST" duration-ms="3628" status="PASS">
          <params>
            <param index="0">
              <value>
                <![CDATA[1015]]>
              </value>
            </param>
            <param index="1">
              <value>
                <![CDATA[testuser6]]>
              </value>
            </param>
            <param index="2">
              <value>
                <![CDATA[test6]]>
              </value>
            </param>
            <param index="3">
              <value>
                <![CDATA[user6]]>
              </value>
            </param>
            <param index="4">
              <value>
                <![CDATA[test6.user6@gmail.com]]>
              </value>
            </param>
            <param index="5">
              <value>
                <![CDATA[user1Pass6]]>
              </value>
            </param>
            <param index="6">
              <value>
                <![CDATA[8978454683]]>
              </value>
            </param>
            <param index="7">
              <value>
                <![CDATA[0]]>
              </value>
            </param>
          </params>
          <reporter-output>
          </reporter-output>
        </test-method> <!-- DeleteUserTestMethod6 -->
        <test-method signature="DeleteUserTestMethod7(java.lang.String,java.lang.String,java.lang.String,java.lang.String,java.lang.String,java.lang.String,java.lang.String,java.lang.String)[pri:2, instance:api.tests.datadriven.users.deleteTests@1623b78d]" started-at="2024-09-08T21:21:49 IST" name="DeleteUserTestMethod7" description="Valdiate that API should return response headers as per the spec" data-provider="alldata" finished-at="2024-09-08T21:21:52 IST" duration-ms="2460" status="PASS">
          <params>
            <param index="0">
              <value>
                <![CDATA[1010]]>
              </value>
            </param>
            <param index="1">
              <value>
                <![CDATA[testuser1]]>
              </value>
            </param>
            <param index="2">
              <value>
                <![CDATA[test1]]>
              </value>
            </param>
            <param index="3">
              <value>
                <![CDATA[user1]]>
              </value>
            </param>
            <param index="4">
              <value>
                <![CDATA[test1.user1@gmail.com]]>
              </value>
            </param>
            <param index="5">
              <value>
                <![CDATA[user1Pass1]]>
              </value>
            </param>
            <param index="6">
              <value>
                <![CDATA[8978454678]]>
              </value>
            </param>
            <param index="7">
              <value>
                <![CDATA[0]]>
              </value>
            </param>
          </params>
          <reporter-output>
          </reporter-output>
        </test-method> <!-- DeleteUserTestMethod7 -->
        <test-method signature="DeleteUserTestMethod7(java.lang.String,java.lang.String,java.lang.String,java.lang.String,java.lang.String,java.lang.String,java.lang.String,java.lang.String)[pri:2, instance:api.tests.datadriven.users.deleteTests@1623b78d]" started-at="2024-09-08T21:21:52 IST" name="DeleteUserTestMethod7" description="Valdiate that API should return response headers as per the spec" data-provider="alldata" finished-at="2024-09-08T21:21:54 IST" duration-ms="2402" status="PASS">
          <params>
            <param index="0">
              <value>
                <![CDATA[1011]]>
              </value>
            </param>
            <param index="1">
              <value>
                <![CDATA[testuser2]]>
              </value>
            </param>
            <param index="2">
              <value>
                <![CDATA[test2]]>
              </value>
            </param>
            <param index="3">
              <value>
                <![CDATA[user2]]>
              </value>
            </param>
            <param index="4">
              <value>
                <![CDATA[test2.user2@gmail.com]]>
              </value>
            </param>
            <param index="5">
              <value>
                <![CDATA[user1Pass2]]>
              </value>
            </param>
            <param index="6">
              <value>
                <![CDATA[8978454679]]>
              </value>
            </param>
            <param index="7">
              <value>
                <![CDATA[0]]>
              </value>
            </param>
          </params>
          <reporter-output>
          </reporter-output>
        </test-method> <!-- DeleteUserTestMethod7 -->
        <test-method signature="DeleteUserTestMethod7(java.lang.String,java.lang.String,java.lang.String,java.lang.String,java.lang.String,java.lang.String,java.lang.String,java.lang.String)[pri:2, instance:api.tests.datadriven.users.deleteTests@1623b78d]" started-at="2024-09-08T21:21:54 IST" name="DeleteUserTestMethod7" description="Valdiate that API should return response headers as per the spec" data-provider="alldata" finished-at="2024-09-08T21:21:57 IST" duration-ms="2868" status="PASS">
          <params>
            <param index="0">
              <value>
                <![CDATA[1012]]>
              </value>
            </param>
            <param index="1">
              <value>
                <![CDATA[testuser3]]>
              </value>
            </param>
            <param index="2">
              <value>
                <![CDATA[test3]]>
              </value>
            </param>
            <param index="3">
              <value>
                <![CDATA[user3]]>
              </value>
            </param>
            <param index="4">
              <value>
                <![CDATA[test3.user3@gmail.com]]>
              </value>
            </param>
            <param index="5">
              <value>
                <![CDATA[user1Pass3]]>
              </value>
            </param>
            <param index="6">
              <value>
                <![CDATA[8978454680]]>
              </value>
            </param>
            <param index="7">
              <value>
                <![CDATA[0]]>
              </value>
            </param>
          </params>
          <reporter-output>
          </reporter-output>
        </test-method> <!-- DeleteUserTestMethod7 -->
        <test-method signature="DeleteUserTestMethod7(java.lang.String,java.lang.String,java.lang.String,java.lang.String,java.lang.String,java.lang.String,java.lang.String,java.lang.String)[pri:2, instance:api.tests.datadriven.users.deleteTests@1623b78d]" started-at="2024-09-08T21:21:57 IST" name="DeleteUserTestMethod7" description="Valdiate that API should return response headers as per the spec" data-provider="alldata" finished-at="2024-09-08T21:22:00 IST" duration-ms="3443" status="PASS">
          <params>
            <param index="0">
              <value>
                <![CDATA[1013]]>
              </value>
            </param>
            <param index="1">
              <value>
                <![CDATA[testuser4]]>
              </value>
            </param>
            <param index="2">
              <value>
                <![CDATA[test4]]>
              </value>
            </param>
            <param index="3">
              <value>
                <![CDATA[user4]]>
              </value>
            </param>
            <param index="4">
              <value>
                <![CDATA[test4.user4@gmail.com]]>
              </value>
            </param>
            <param index="5">
              <value>
                <![CDATA[user1Pass4]]>
              </value>
            </param>
            <param index="6">
              <value>
                <![CDATA[8978454681]]>
              </value>
            </param>
            <param index="7">
              <value>
                <![CDATA[0]]>
              </value>
            </param>
          </params>
          <reporter-output>
          </reporter-output>
        </test-method> <!-- DeleteUserTestMethod7 -->
        <test-method signature="DeleteUserTestMethod7(java.lang.String,java.lang.String,java.lang.String,java.lang.String,java.lang.String,java.lang.String,java.lang.String,java.lang.String)[pri:2, instance:api.tests.datadriven.users.deleteTests@1623b78d]" started-at="2024-09-08T21:22:00 IST" name="DeleteUserTestMethod7" description="Valdiate that API should return response headers as per the spec" data-provider="alldata" finished-at="2024-09-08T21:22:03 IST" duration-ms="2457" status="PASS">
          <params>
            <param index="0">
              <value>
                <![CDATA[1014]]>
              </value>
            </param>
            <param index="1">
              <value>
                <![CDATA[testuser5]]>
              </value>
            </param>
            <param index="2">
              <value>
                <![CDATA[test5]]>
              </value>
            </param>
            <param index="3">
              <value>
                <![CDATA[user5]]>
              </value>
            </param>
            <param index="4">
              <value>
                <![CDATA[test5.user5@gmail.com]]>
              </value>
            </param>
            <param index="5">
              <value>
                <![CDATA[user1Pass5]]>
              </value>
            </param>
            <param index="6">
              <value>
                <![CDATA[8978454682]]>
              </value>
            </param>
            <param index="7">
              <value>
                <![CDATA[0]]>
              </value>
            </param>
          </params>
          <reporter-output>
          </reporter-output>
        </test-method> <!-- DeleteUserTestMethod7 -->
        <test-method signature="DeleteUserTestMethod7(java.lang.String,java.lang.String,java.lang.String,java.lang.String,java.lang.String,java.lang.String,java.lang.String,java.lang.String)[pri:2, instance:api.tests.datadriven.users.deleteTests@1623b78d]" started-at="2024-09-08T21:22:03 IST" name="DeleteUserTestMethod7" description="Valdiate that API should return response headers as per the spec" data-provider="alldata" finished-at="2024-09-08T21:22:06 IST" duration-ms="2869" status="PASS">
          <params>
            <param index="0">
              <value>
                <![CDATA[1015]]>
              </value>
            </param>
            <param index="1">
              <value>
                <![CDATA[testuser6]]>
              </value>
            </param>
            <param index="2">
              <value>
                <![CDATA[test6]]>
              </value>
            </param>
            <param index="3">
              <value>
                <![CDATA[user6]]>
              </value>
            </param>
            <param index="4">
              <value>
                <![CDATA[test6.user6@gmail.com]]>
              </value>
            </param>
            <param index="5">
              <value>
                <![CDATA[user1Pass6]]>
              </value>
            </param>
            <param index="6">
              <value>
                <![CDATA[8978454683]]>
              </value>
            </param>
            <param index="7">
              <value>
                <![CDATA[0]]>
              </value>
            </param>
          </params>
          <reporter-output>
          </reporter-output>
        </test-method> <!-- DeleteUserTestMethod7 -->
        <test-method is-config="true" signature="Teardown()[pri:0, instance:api.tests.datadriven.users.deleteTests@1623b78d]" started-at="2024-09-08T21:22:06 IST" name="Teardown" finished-at="2024-09-08T21:22:06 IST" duration-ms="27" status="PASS">
          <reporter-output>
          </reporter-output>
        </test-method> <!-- Teardown -->
      </class> <!-- api.tests.datadriven.users.deleteTests -->
    </test> <!-- Test -->
  </suite> <!-- DataDRIVEN_Suite -->
</testng-results>
