<?xml version="1.0" encoding="UTF-8"?>
<testng-results ignored="0" total="168" passed="156" failed="12" skipped="0">
  <reporter-output>
  </reporter-output>
  <suite started-at="2024-09-08T22:18:59 IST" name="Suite" finished-at="2024-09-08T22:26:40 IST" duration-ms="461156">
    <groups>
      <group name="GET API">
        <method signature="getTests.GetUserTestMethod1(java.lang.String,java.lang.String,java.lang.String,java.lang.String,java.lang.String,java.lang.String,java.lang.String,java.lang.String)[pri:1, instance:api.tests.datadriven.users.getTests@139982de]" name="GetUserTestMethod1" class="api.tests.datadriven.users.getTests"/>
        <method signature="getTests.GetUserTestMethod2(java.lang.String,java.lang.String,java.lang.String,java.lang.String,java.lang.String,java.lang.String,java.lang.String,java.lang.String)[pri:2, instance:api.tests.datadriven.users.getTests@139982de]" name="GetUserTestMethod2" class="api.tests.datadriven.users.getTests"/>
        <method signature="getTests.GetUserTestMethod3(java.lang.String,java.lang.String,java.lang.String,java.lang.String,java.lang.String,java.lang.String,java.lang.String,java.lang.String)[pri:3, instance:api.tests.datadriven.users.getTests@139982de]" name="GetUserTestMethod3" class="api.tests.datadriven.users.getTests"/>
        <method signature="getTests.GetUserTestMethod4(java.lang.String,java.lang.String,java.lang.String,java.lang.String,java.lang.String,java.lang.String,java.lang.String,java.lang.String)[pri:4, instance:api.tests.datadriven.users.getTests@139982de]" name="GetUserTestMethod4" class="api.tests.datadriven.users.getTests"/>
        <method signature="getTests.GetUserTestMethod5(java.lang.String,java.lang.String,java.lang.String,java.lang.String,java.lang.String,java.lang.String,java.lang.String,java.lang.String)[pri:5, instance:api.tests.datadriven.users.getTests@139982de]" name="GetUserTestMethod5" class="api.tests.datadriven.users.getTests"/>
        <method signature="getTests.GetUserTestMethod6(java.lang.String,java.lang.String,java.lang.String,java.lang.String,java.lang.String,java.lang.String,java.lang.String,java.lang.String)[pri:6, instance:api.tests.datadriven.users.getTests@139982de]" name="GetUserTestMethod6" class="api.tests.datadriven.users.getTests"/>
        <method signature="getTests.GetUserTestMethod7(java.lang.String,java.lang.String,java.lang.String,java.lang.String,java.lang.String,java.lang.String,java.lang.String,java.lang.String)[pri:7, instance:api.tests.datadriven.users.getTests@139982de]" name="GetUserTestMethod7" class="api.tests.datadriven.users.getTests"/>
      </group> <!-- GET API -->
    </groups>
    <test started-at="2024-09-08T22:18:59 IST" name="Test" finished-at="2024-09-08T22:26:40 IST" duration-ms="461156">
      <class name="api.tests.datadriven.users.putTests">
        <test-method signature="PutUserTestMethod1(java.lang.String,java.lang.String,java.lang.String,java.lang.String,java.lang.String,java.lang.String,java.lang.String,java.lang.String)[pri:1, instance:api.tests.datadriven.users.putTests@682b2fa]" started-at="2024-09-08T22:22:23 IST" name="PutUserTestMethod1" description="Validate that API should return API status code within 2XX series" data-provider="alldata" finished-at="2024-09-08T22:22:26 IST" duration-ms="3426" status="PASS">
          <params>
            <param index="0">
              <value>
                <![CDATA[1010]]>
              </value>
            </param>
            <param index="1">
              <value>
                <![CDATA[testuser1]]>
              </value>
            </param>
            <param index="2">
              <value>
                <![CDATA[test1]]>
              </value>
            </param>
            <param index="3">
              <value>
                <![CDATA[user1]]>
              </value>
            </param>
            <param index="4">
              <value>
                <![CDATA[test1.user1@gmail.com]]>
              </value>
            </param>
            <param index="5">
              <value>
                <![CDATA[user1Pass1]]>
              </value>
            </param>
            <param index="6">
              <value>
                <![CDATA[8978454678]]>
              </value>
            </param>
            <param index="7">
              <value>
                <![CDATA[0]]>
              </value>
            </param>
          </params>
          <reporter-output>
          </reporter-output>
        </test-method> <!-- PutUserTestMethod1 -->
        <test-method signature="PutUserTestMethod1(java.lang.String,java.lang.String,java.lang.String,java.lang.String,java.lang.String,java.lang.String,java.lang.String,java.lang.String)[pri:1, instance:api.tests.datadriven.users.putTests@682b2fa]" started-at="2024-09-08T22:22:26 IST" name="PutUserTestMethod1" description="Validate that API should return API status code within 2XX series" data-provider="alldata" finished-at="2024-09-08T22:22:29 IST" duration-ms="3436" status="PASS">
          <params>
            <param index="0">
              <value>
                <![CDATA[1011]]>
              </value>
            </param>
            <param index="1">
              <value>
                <![CDATA[testuser2]]>
              </value>
            </param>
            <param index="2">
              <value>
                <![CDATA[test2]]>
              </value>
            </param>
            <param index="3">
              <value>
                <![CDATA[user2]]>
              </value>
            </param>
            <param index="4">
              <value>
                <![CDATA[test2.user2@gmail.com]]>
              </value>
            </param>
            <param index="5">
              <value>
                <![CDATA[user1Pass2]]>
              </value>
            </param>
            <param index="6">
              <value>
                <![CDATA[8978454679]]>
              </value>
            </param>
            <param index="7">
              <value>
                <![CDATA[0]]>
              </value>
            </param>
          </params>
          <reporter-output>
          </reporter-output>
        </test-method> <!-- PutUserTestMethod1 -->
        <test-method signature="PutUserTestMethod1(java.lang.String,java.lang.String,java.lang.String,java.lang.String,java.lang.String,java.lang.String,java.lang.String,java.lang.String)[pri:1, instance:api.tests.datadriven.users.putTests@682b2fa]" started-at="2024-09-08T22:22:29 IST" name="PutUserTestMethod1" description="Validate that API should return API status code within 2XX series" data-provider="alldata" finished-at="2024-09-08T22:22:32 IST" duration-ms="3104" status="PASS">
          <params>
            <param index="0">
              <value>
                <![CDATA[1012]]>
              </value>
            </param>
            <param index="1">
              <value>
                <![CDATA[testuser3]]>
              </value>
            </param>
            <param index="2">
              <value>
                <![CDATA[test3]]>
              </value>
            </param>
            <param index="3">
              <value>
                <![CDATA[user3]]>
              </value>
            </param>
            <param index="4">
              <value>
                <![CDATA[test3.user3@gmail.com]]>
              </value>
            </param>
            <param index="5">
              <value>
                <![CDATA[user1Pass3]]>
              </value>
            </param>
            <param index="6">
              <value>
                <![CDATA[8978454680]]>
              </value>
            </param>
            <param index="7">
              <value>
                <![CDATA[0]]>
              </value>
            </param>
          </params>
          <reporter-output>
          </reporter-output>
        </test-method> <!-- PutUserTestMethod1 -->
        <test-method signature="PutUserTestMethod1(java.lang.String,java.lang.String,java.lang.String,java.lang.String,java.lang.String,java.lang.String,java.lang.String,java.lang.String)[pri:1, instance:api.tests.datadriven.users.putTests@682b2fa]" started-at="2024-09-08T22:22:32 IST" name="PutUserTestMethod1" description="Validate that API should return API status code within 2XX series" data-provider="alldata" finished-at="2024-09-08T22:22:36 IST" duration-ms="3247" status="PASS">
          <params>
            <param index="0">
              <value>
                <![CDATA[1013]]>
              </value>
            </param>
            <param index="1">
              <value>
                <![CDATA[testuser4]]>
              </value>
            </param>
            <param index="2">
              <value>
                <![CDATA[test4]]>
              </value>
            </param>
            <param index="3">
              <value>
                <![CDATA[user4]]>
              </value>
            </param>
            <param index="4">
              <value>
                <![CDATA[test4.user4@gmail.com]]>
              </value>
            </param>
            <param index="5">
              <value>
                <![CDATA[user1Pass4]]>
              </value>
            </param>
            <param index="6">
              <value>
                <![CDATA[8978454681]]>
              </value>
            </param>
            <param index="7">
              <value>
                <![CDATA[0]]>
              </value>
            </param>
          </params>
          <reporter-output>
          </reporter-output>
        </test-method> <!-- PutUserTestMethod1 -->
        <test-method signature="PutUserTestMethod1(java.lang.String,java.lang.String,java.lang.String,java.lang.String,java.lang.String,java.lang.String,java.lang.String,java.lang.String)[pri:1, instance:api.tests.datadriven.users.putTests@682b2fa]" started-at="2024-09-08T22:22:36 IST" name="PutUserTestMethod1" description="Validate that API should return API status code within 2XX series" data-provider="alldata" finished-at="2024-09-08T22:22:39 IST" duration-ms="2848" status="PASS">
          <params>
            <param index="0">
              <value>
                <![CDATA[1014]]>
              </value>
            </param>
            <param index="1">
              <value>
                <![CDATA[testuser5]]>
              </value>
            </param>
            <param index="2">
              <value>
                <![CDATA[test5]]>
              </value>
            </param>
            <param index="3">
              <value>
                <![CDATA[user5]]>
              </value>
            </param>
            <param index="4">
              <value>
                <![CDATA[test5.user5@gmail.com]]>
              </value>
            </param>
            <param index="5">
              <value>
                <![CDATA[user1Pass5]]>
              </value>
            </param>
            <param index="6">
              <value>
                <![CDATA[8978454682]]>
              </value>
            </param>
            <param index="7">
              <value>
                <![CDATA[0]]>
              </value>
            </param>
          </params>
          <reporter-output>
          </reporter-output>
        </test-method> <!-- PutUserTestMethod1 -->
        <test-method signature="PutUserTestMethod1(java.lang.String,java.lang.String,java.lang.String,java.lang.String,java.lang.String,java.lang.String,java.lang.String,java.lang.String)[pri:1, instance:api.tests.datadriven.users.putTests@682b2fa]" started-at="2024-09-08T22:22:39 IST" name="PutUserTestMethod1" description="Validate that API should return API status code within 2XX series" data-provider="alldata" finished-at="2024-09-08T22:22:42 IST" duration-ms="3680" status="PASS">
          <params>
            <param index="0">
              <value>
                <![CDATA[1015]]>
              </value>
            </param>
            <param index="1">
              <value>
                <![CDATA[testuser6]]>
              </value>
            </param>
            <param index="2">
              <value>
                <![CDATA[test6]]>
              </value>
            </param>
            <param index="3">
              <value>
                <![CDATA[user6]]>
              </value>
            </param>
            <param index="4">
              <value>
                <![CDATA[test6.user6@gmail.com]]>
              </value>
            </param>
            <param index="5">
              <value>
                <![CDATA[user1Pass6]]>
              </value>
            </param>
            <param index="6">
              <value>
                <![CDATA[8978454683]]>
              </value>
            </param>
            <param index="7">
              <value>
                <![CDATA[0]]>
              </value>
            </param>
          </params>
          <reporter-output>
          </reporter-output>
        </test-method> <!-- PutUserTestMethod1 -->
        <test-method signature="PutUserTestMethod2(java.lang.String,java.lang.String,java.lang.String,java.lang.String,java.lang.String,java.lang.String,java.lang.String,java.lang.String)[pri:1, instance:api.tests.datadriven.users.putTests@682b2fa]" started-at="2024-09-08T22:22:43 IST" name="PutUserTestMethod2" description="Validate that API should return API status code as 200" data-provider="alldata" finished-at="2024-09-08T22:22:47 IST" duration-ms="3667" status="PASS">
          <params>
            <param index="0">
              <value>
                <![CDATA[1010]]>
              </value>
            </param>
            <param index="1">
              <value>
                <![CDATA[testuser1]]>
              </value>
            </param>
            <param index="2">
              <value>
                <![CDATA[test1]]>
              </value>
            </param>
            <param index="3">
              <value>
                <![CDATA[user1]]>
              </value>
            </param>
            <param index="4">
              <value>
                <![CDATA[test1.user1@gmail.com]]>
              </value>
            </param>
            <param index="5">
              <value>
                <![CDATA[user1Pass1]]>
              </value>
            </param>
            <param index="6">
              <value>
                <![CDATA[8978454678]]>
              </value>
            </param>
            <param index="7">
              <value>
                <![CDATA[0]]>
              </value>
            </param>
          </params>
          <reporter-output>
          </reporter-output>
        </test-method> <!-- PutUserTestMethod2 -->
        <test-method signature="PutUserTestMethod2(java.lang.String,java.lang.String,java.lang.String,java.lang.String,java.lang.String,java.lang.String,java.lang.String,java.lang.String)[pri:1, instance:api.tests.datadriven.users.putTests@682b2fa]" started-at="2024-09-08T22:22:47 IST" name="PutUserTestMethod2" description="Validate that API should return API status code as 200" data-provider="alldata" finished-at="2024-09-08T22:22:50 IST" duration-ms="3072" status="PASS">
          <params>
            <param index="0">
              <value>
                <![CDATA[1011]]>
              </value>
            </param>
            <param index="1">
              <value>
                <![CDATA[testuser2]]>
              </value>
            </param>
            <param index="2">
              <value>
                <![CDATA[test2]]>
              </value>
            </param>
            <param index="3">
              <value>
                <![CDATA[user2]]>
              </value>
            </param>
            <param index="4">
              <value>
                <![CDATA[test2.user2@gmail.com]]>
              </value>
            </param>
            <param index="5">
              <value>
                <![CDATA[user1Pass2]]>
              </value>
            </param>
            <param index="6">
              <value>
                <![CDATA[8978454679]]>
              </value>
            </param>
            <param index="7">
              <value>
                <![CDATA[0]]>
              </value>
            </param>
          </params>
          <reporter-output>
          </reporter-output>
        </test-method> <!-- PutUserTestMethod2 -->
        <test-method signature="PutUserTestMethod2(java.lang.String,java.lang.String,java.lang.String,java.lang.String,java.lang.String,java.lang.String,java.lang.String,java.lang.String)[pri:1, instance:api.tests.datadriven.users.putTests@682b2fa]" started-at="2024-09-08T22:22:50 IST" name="PutUserTestMethod2" description="Validate that API should return API status code as 200" data-provider="alldata" finished-at="2024-09-08T22:22:53 IST" duration-ms="3112" status="PASS">
          <params>
            <param index="0">
              <value>
                <![CDATA[1012]]>
              </value>
            </param>
            <param index="1">
              <value>
                <![CDATA[testuser3]]>
              </value>
            </param>
            <param index="2">
              <value>
                <![CDATA[test3]]>
              </value>
            </param>
            <param index="3">
              <value>
                <![CDATA[user3]]>
              </value>
            </param>
            <param index="4">
              <value>
                <![CDATA[test3.user3@gmail.com]]>
              </value>
            </param>
            <param index="5">
              <value>
                <![CDATA[user1Pass3]]>
              </value>
            </param>
            <param index="6">
              <value>
                <![CDATA[8978454680]]>
              </value>
            </param>
            <param index="7">
              <value>
                <![CDATA[0]]>
              </value>
            </param>
          </params>
          <reporter-output>
          </reporter-output>
        </test-method> <!-- PutUserTestMethod2 -->
        <test-method signature="PutUserTestMethod2(java.lang.String,java.lang.String,java.lang.String,java.lang.String,java.lang.String,java.lang.String,java.lang.String,java.lang.String)[pri:1, instance:api.tests.datadriven.users.putTests@682b2fa]" started-at="2024-09-08T22:22:53 IST" name="PutUserTestMethod2" description="Validate that API should return API status code as 200" data-provider="alldata" finished-at="2024-09-08T22:22:55 IST" duration-ms="2541" status="PASS">
          <params>
            <param index="0">
              <value>
                <![CDATA[1013]]>
              </value>
            </param>
            <param index="1">
              <value>
                <![CDATA[testuser4]]>
              </value>
            </param>
            <param index="2">
              <value>
                <![CDATA[test4]]>
              </value>
            </param>
            <param index="3">
              <value>
                <![CDATA[user4]]>
              </value>
            </param>
            <param index="4">
              <value>
                <![CDATA[test4.user4@gmail.com]]>
              </value>
            </param>
            <param index="5">
              <value>
                <![CDATA[user1Pass4]]>
              </value>
            </param>
            <param index="6">
              <value>
                <![CDATA[8978454681]]>
              </value>
            </param>
            <param index="7">
              <value>
                <![CDATA[0]]>
              </value>
            </param>
          </params>
          <reporter-output>
          </reporter-output>
        </test-method> <!-- PutUserTestMethod2 -->
        <test-method signature="PutUserTestMethod2(java.lang.String,java.lang.String,java.lang.String,java.lang.String,java.lang.String,java.lang.String,java.lang.String,java.lang.String)[pri:1, instance:api.tests.datadriven.users.putTests@682b2fa]" started-at="2024-09-08T22:22:55 IST" name="PutUserTestMethod2" description="Validate that API should return API status code as 200" data-provider="alldata" finished-at="2024-09-08T22:22:58 IST" duration-ms="2450" status="PASS">
          <params>
            <param index="0">
              <value>
                <![CDATA[1014]]>
              </value>
            </param>
            <param index="1">
              <value>
                <![CDATA[testuser5]]>
              </value>
            </param>
            <param index="2">
              <value>
                <![CDATA[test5]]>
              </value>
            </param>
            <param index="3">
              <value>
                <![CDATA[user5]]>
              </value>
            </param>
            <param index="4">
              <value>
                <![CDATA[test5.user5@gmail.com]]>
              </value>
            </param>
            <param index="5">
              <value>
                <![CDATA[user1Pass5]]>
              </value>
            </param>
            <param index="6">
              <value>
                <![CDATA[8978454682]]>
              </value>
            </param>
            <param index="7">
              <value>
                <![CDATA[0]]>
              </value>
            </param>
          </params>
          <reporter-output>
          </reporter-output>
        </test-method> <!-- PutUserTestMethod2 -->
        <test-method signature="PutUserTestMethod2(java.lang.String,java.lang.String,java.lang.String,java.lang.String,java.lang.String,java.lang.String,java.lang.String,java.lang.String)[pri:1, instance:api.tests.datadriven.users.putTests@682b2fa]" started-at="2024-09-08T22:22:58 IST" name="PutUserTestMethod2" description="Validate that API should return API status code as 200" data-provider="alldata" finished-at="2024-09-08T22:23:00 IST" duration-ms="2376" status="PASS">
          <params>
            <param index="0">
              <value>
                <![CDATA[1015]]>
              </value>
            </param>
            <param index="1">
              <value>
                <![CDATA[testuser6]]>
              </value>
            </param>
            <param index="2">
              <value>
                <![CDATA[test6]]>
              </value>
            </param>
            <param index="3">
              <value>
                <![CDATA[user6]]>
              </value>
            </param>
            <param index="4">
              <value>
                <![CDATA[test6.user6@gmail.com]]>
              </value>
            </param>
            <param index="5">
              <value>
                <![CDATA[user1Pass6]]>
              </value>
            </param>
            <param index="6">
              <value>
                <![CDATA[8978454683]]>
              </value>
            </param>
            <param index="7">
              <value>
                <![CDATA[0]]>
              </value>
            </param>
          </params>
          <reporter-output>
          </reporter-output>
        </test-method> <!-- PutUserTestMethod2 -->
        <test-method signature="PutUserTestMethod3(java.lang.String,java.lang.String,java.lang.String,java.lang.String,java.lang.String,java.lang.String,java.lang.String,java.lang.String)[pri:1, instance:api.tests.datadriven.users.putTests@682b2fa]" started-at="2024-09-08T22:23:01 IST" name="PutUserTestMethod3" description="Validate that API should return a response payload ie. Non-empty response body and response header" data-provider="alldata" finished-at="2024-09-08T22:23:04 IST" duration-ms="2589" status="PASS">
          <params>
            <param index="0">
              <value>
                <![CDATA[1010]]>
              </value>
            </param>
            <param index="1">
              <value>
                <![CDATA[testuser1]]>
              </value>
            </param>
            <param index="2">
              <value>
                <![CDATA[test1]]>
              </value>
            </param>
            <param index="3">
              <value>
                <![CDATA[user1]]>
              </value>
            </param>
            <param index="4">
              <value>
                <![CDATA[test1.user1@gmail.com]]>
              </value>
            </param>
            <param index="5">
              <value>
                <![CDATA[user1Pass1]]>
              </value>
            </param>
            <param index="6">
              <value>
                <![CDATA[8978454678]]>
              </value>
            </param>
            <param index="7">
              <value>
                <![CDATA[0]]>
              </value>
            </param>
          </params>
          <reporter-output>
          </reporter-output>
        </test-method> <!-- PutUserTestMethod3 -->
        <test-method signature="PutUserTestMethod3(java.lang.String,java.lang.String,java.lang.String,java.lang.String,java.lang.String,java.lang.String,java.lang.String,java.lang.String)[pri:1, instance:api.tests.datadriven.users.putTests@682b2fa]" started-at="2024-09-08T22:23:04 IST" name="PutUserTestMethod3" description="Validate that API should return a response payload ie. Non-empty response body and response header" data-provider="alldata" finished-at="2024-09-08T22:23:06 IST" duration-ms="2538" status="PASS">
          <params>
            <param index="0">
              <value>
                <![CDATA[1011]]>
              </value>
            </param>
            <param index="1">
              <value>
                <![CDATA[testuser2]]>
              </value>
            </param>
            <param index="2">
              <value>
                <![CDATA[test2]]>
              </value>
            </param>
            <param index="3">
              <value>
                <![CDATA[user2]]>
              </value>
            </param>
            <param index="4">
              <value>
                <![CDATA[test2.user2@gmail.com]]>
              </value>
            </param>
            <param index="5">
              <value>
                <![CDATA[user1Pass2]]>
              </value>
            </param>
            <param index="6">
              <value>
                <![CDATA[8978454679]]>
              </value>
            </param>
            <param index="7">
              <value>
                <![CDATA[0]]>
              </value>
            </param>
          </params>
          <reporter-output>
          </reporter-output>
        </test-method> <!-- PutUserTestMethod3 -->
        <test-method signature="PutUserTestMethod3(java.lang.String,java.lang.String,java.lang.String,java.lang.String,java.lang.String,java.lang.String,java.lang.String,java.lang.String)[pri:1, instance:api.tests.datadriven.users.putTests@682b2fa]" started-at="2024-09-08T22:23:06 IST" name="PutUserTestMethod3" description="Validate that API should return a response payload ie. Non-empty response body and response header" data-provider="alldata" finished-at="2024-09-08T22:23:09 IST" duration-ms="3121" status="PASS">
          <params>
            <param index="0">
              <value>
                <![CDATA[1012]]>
              </value>
            </param>
            <param index="1">
              <value>
                <![CDATA[testuser3]]>
              </value>
            </param>
            <param index="2">
              <value>
                <![CDATA[test3]]>
              </value>
            </param>
            <param index="3">
              <value>
                <![CDATA[user3]]>
              </value>
            </param>
            <param index="4">
              <value>
                <![CDATA[test3.user3@gmail.com]]>
              </value>
            </param>
            <param index="5">
              <value>
                <![CDATA[user1Pass3]]>
              </value>
            </param>
            <param index="6">
              <value>
                <![CDATA[8978454680]]>
              </value>
            </param>
            <param index="7">
              <value>
                <![CDATA[0]]>
              </value>
            </param>
          </params>
          <reporter-output>
          </reporter-output>
        </test-method> <!-- PutUserTestMethod3 -->
        <test-method signature="PutUserTestMethod3(java.lang.String,java.lang.String,java.lang.String,java.lang.String,java.lang.String,java.lang.String,java.lang.String,java.lang.String)[pri:1, instance:api.tests.datadriven.users.putTests@682b2fa]" started-at="2024-09-08T22:23:09 IST" name="PutUserTestMethod3" description="Validate that API should return a response payload ie. Non-empty response body and response header" data-provider="alldata" finished-at="2024-09-08T22:23:12 IST" duration-ms="2630" status="PASS">
          <params>
            <param index="0">
              <value>
                <![CDATA[1013]]>
              </value>
            </param>
            <param index="1">
              <value>
                <![CDATA[testuser4]]>
              </value>
            </param>
            <param index="2">
              <value>
                <![CDATA[test4]]>
              </value>
            </param>
            <param index="3">
              <value>
                <![CDATA[user4]]>
              </value>
            </param>
            <param index="4">
              <value>
                <![CDATA[test4.user4@gmail.com]]>
              </value>
            </param>
            <param index="5">
              <value>
                <![CDATA[user1Pass4]]>
              </value>
            </param>
            <param index="6">
              <value>
                <![CDATA[8978454681]]>
              </value>
            </param>
            <param index="7">
              <value>
                <![CDATA[0]]>
              </value>
            </param>
          </params>
          <reporter-output>
          </reporter-output>
        </test-method> <!-- PutUserTestMethod3 -->
        <test-method signature="PutUserTestMethod3(java.lang.String,java.lang.String,java.lang.String,java.lang.String,java.lang.String,java.lang.String,java.lang.String,java.lang.String)[pri:1, instance:api.tests.datadriven.users.putTests@682b2fa]" started-at="2024-09-08T22:23:12 IST" name="PutUserTestMethod3" description="Validate that API should return a response payload ie. Non-empty response body and response header" data-provider="alldata" finished-at="2024-09-08T22:23:15 IST" duration-ms="2923" status="PASS">
          <params>
            <param index="0">
              <value>
                <![CDATA[1014]]>
              </value>
            </param>
            <param index="1">
              <value>
                <![CDATA[testuser5]]>
              </value>
            </param>
            <param index="2">
              <value>
                <![CDATA[test5]]>
              </value>
            </param>
            <param index="3">
              <value>
                <![CDATA[user5]]>
              </value>
            </param>
            <param index="4">
              <value>
                <![CDATA[test5.user5@gmail.com]]>
              </value>
            </param>
            <param index="5">
              <value>
                <![CDATA[user1Pass5]]>
              </value>
            </param>
            <param index="6">
              <value>
                <![CDATA[8978454682]]>
              </value>
            </param>
            <param index="7">
              <value>
                <![CDATA[0]]>
              </value>
            </param>
          </params>
          <reporter-output>
          </reporter-output>
        </test-method> <!-- PutUserTestMethod3 -->
        <test-method signature="PutUserTestMethod3(java.lang.String,java.lang.String,java.lang.String,java.lang.String,java.lang.String,java.lang.String,java.lang.String,java.lang.String)[pri:1, instance:api.tests.datadriven.users.putTests@682b2fa]" started-at="2024-09-08T22:23:15 IST" name="PutUserTestMethod3" description="Validate that API should return a response payload ie. Non-empty response body and response header" data-provider="alldata" finished-at="2024-09-08T22:23:18 IST" duration-ms="3636" status="PASS">
          <params>
            <param index="0">
              <value>
                <![CDATA[1015]]>
              </value>
            </param>
            <param index="1">
              <value>
                <![CDATA[testuser6]]>
              </value>
            </param>
            <param index="2">
              <value>
                <![CDATA[test6]]>
              </value>
            </param>
            <param index="3">
              <value>
                <![CDATA[user6]]>
              </value>
            </param>
            <param index="4">
              <value>
                <![CDATA[test6.user6@gmail.com]]>
              </value>
            </param>
            <param index="5">
              <value>
                <![CDATA[user1Pass6]]>
              </value>
            </param>
            <param index="6">
              <value>
                <![CDATA[8978454683]]>
              </value>
            </param>
            <param index="7">
              <value>
                <![CDATA[0]]>
              </value>
            </param>
          </params>
          <reporter-output>
          </reporter-output>
        </test-method> <!-- PutUserTestMethod3 -->
        <test-method signature="PutUserTestMethod4(java.lang.String,java.lang.String,java.lang.String,java.lang.String,java.lang.String,java.lang.String,java.lang.String,java.lang.String)[pri:1, instance:api.tests.datadriven.users.putTests@682b2fa]" started-at="2024-09-08T22:23:19 IST" name="PutUserTestMethod4" description="Validate that API should return response of type = JSON" data-provider="alldata" finished-at="2024-09-08T22:23:22 IST" duration-ms="2455" status="PASS">
          <params>
            <param index="0">
              <value>
                <![CDATA[1010]]>
              </value>
            </param>
            <param index="1">
              <value>
                <![CDATA[testuser1]]>
              </value>
            </param>
            <param index="2">
              <value>
                <![CDATA[test1]]>
              </value>
            </param>
            <param index="3">
              <value>
                <![CDATA[user1]]>
              </value>
            </param>
            <param index="4">
              <value>
                <![CDATA[test1.user1@gmail.com]]>
              </value>
            </param>
            <param index="5">
              <value>
                <![CDATA[user1Pass1]]>
              </value>
            </param>
            <param index="6">
              <value>
                <![CDATA[8978454678]]>
              </value>
            </param>
            <param index="7">
              <value>
                <![CDATA[0]]>
              </value>
            </param>
          </params>
          <reporter-output>
          </reporter-output>
        </test-method> <!-- PutUserTestMethod4 -->
        <test-method signature="PutUserTestMethod4(java.lang.String,java.lang.String,java.lang.String,java.lang.String,java.lang.String,java.lang.String,java.lang.String,java.lang.String)[pri:1, instance:api.tests.datadriven.users.putTests@682b2fa]" started-at="2024-09-08T22:23:22 IST" name="PutUserTestMethod4" description="Validate that API should return response of type = JSON" data-provider="alldata" finished-at="2024-09-08T22:23:24 IST" duration-ms="2390" status="PASS">
          <params>
            <param index="0">
              <value>
                <![CDATA[1011]]>
              </value>
            </param>
            <param index="1">
              <value>
                <![CDATA[testuser2]]>
              </value>
            </param>
            <param index="2">
              <value>
                <![CDATA[test2]]>
              </value>
            </param>
            <param index="3">
              <value>
                <![CDATA[user2]]>
              </value>
            </param>
            <param index="4">
              <value>
                <![CDATA[test2.user2@gmail.com]]>
              </value>
            </param>
            <param index="5">
              <value>
                <![CDATA[user1Pass2]]>
              </value>
            </param>
            <param index="6">
              <value>
                <![CDATA[8978454679]]>
              </value>
            </param>
            <param index="7">
              <value>
                <![CDATA[0]]>
              </value>
            </param>
          </params>
          <reporter-output>
          </reporter-output>
        </test-method> <!-- PutUserTestMethod4 -->
        <test-method signature="PutUserTestMethod4(java.lang.String,java.lang.String,java.lang.String,java.lang.String,java.lang.String,java.lang.String,java.lang.String,java.lang.String)[pri:1, instance:api.tests.datadriven.users.putTests@682b2fa]" started-at="2024-09-08T22:23:24 IST" name="PutUserTestMethod4" description="Validate that API should return response of type = JSON" data-provider="alldata" finished-at="2024-09-08T22:23:26 IST" duration-ms="2478" status="PASS">
          <params>
            <param index="0">
              <value>
                <![CDATA[1012]]>
              </value>
            </param>
            <param index="1">
              <value>
                <![CDATA[testuser3]]>
              </value>
            </param>
            <param index="2">
              <value>
                <![CDATA[test3]]>
              </value>
            </param>
            <param index="3">
              <value>
                <![CDATA[user3]]>
              </value>
            </param>
            <param index="4">
              <value>
                <![CDATA[test3.user3@gmail.com]]>
              </value>
            </param>
            <param index="5">
              <value>
                <![CDATA[user1Pass3]]>
              </value>
            </param>
            <param index="6">
              <value>
                <![CDATA[8978454680]]>
              </value>
            </param>
            <param index="7">
              <value>
                <![CDATA[0]]>
              </value>
            </param>
          </params>
          <reporter-output>
          </reporter-output>
        </test-method> <!-- PutUserTestMethod4 -->
        <test-method signature="PutUserTestMethod4(java.lang.String,java.lang.String,java.lang.String,java.lang.String,java.lang.String,java.lang.String,java.lang.String,java.lang.String)[pri:1, instance:api.tests.datadriven.users.putTests@682b2fa]" started-at="2024-09-08T22:23:26 IST" name="PutUserTestMethod4" description="Validate that API should return response of type = JSON" data-provider="alldata" finished-at="2024-09-08T22:23:29 IST" duration-ms="2476" status="PASS">
          <params>
            <param index="0">
              <value>
                <![CDATA[1013]]>
              </value>
            </param>
            <param index="1">
              <value>
                <![CDATA[testuser4]]>
              </value>
            </param>
            <param index="2">
              <value>
                <![CDATA[test4]]>
              </value>
            </param>
            <param index="3">
              <value>
                <![CDATA[user4]]>
              </value>
            </param>
            <param index="4">
              <value>
                <![CDATA[test4.user4@gmail.com]]>
              </value>
            </param>
            <param index="5">
              <value>
                <![CDATA[user1Pass4]]>
              </value>
            </param>
            <param index="6">
              <value>
                <![CDATA[8978454681]]>
              </value>
            </param>
            <param index="7">
              <value>
                <![CDATA[0]]>
              </value>
            </param>
          </params>
          <reporter-output>
          </reporter-output>
        </test-method> <!-- PutUserTestMethod4 -->
        <test-method signature="PutUserTestMethod4(java.lang.String,java.lang.String,java.lang.String,java.lang.String,java.lang.String,java.lang.String,java.lang.String,java.lang.String)[pri:1, instance:api.tests.datadriven.users.putTests@682b2fa]" started-at="2024-09-08T22:23:29 IST" name="PutUserTestMethod4" description="Validate that API should return response of type = JSON" data-provider="alldata" finished-at="2024-09-08T22:23:32 IST" duration-ms="2756" status="PASS">
          <params>
            <param index="0">
              <value>
                <![CDATA[1014]]>
              </value>
            </param>
            <param index="1">
              <value>
                <![CDATA[testuser5]]>
              </value>
            </param>
            <param index="2">
              <value>
                <![CDATA[test5]]>
              </value>
            </param>
            <param index="3">
              <value>
                <![CDATA[user5]]>
              </value>
            </param>
            <param index="4">
              <value>
                <![CDATA[test5.user5@gmail.com]]>
              </value>
            </param>
            <param index="5">
              <value>
                <![CDATA[user1Pass5]]>
              </value>
            </param>
            <param index="6">
              <value>
                <![CDATA[8978454682]]>
              </value>
            </param>
            <param index="7">
              <value>
                <![CDATA[0]]>
              </value>
            </param>
          </params>
          <reporter-output>
          </reporter-output>
        </test-method> <!-- PutUserTestMethod4 -->
        <test-method signature="PutUserTestMethod4(java.lang.String,java.lang.String,java.lang.String,java.lang.String,java.lang.String,java.lang.String,java.lang.String,java.lang.String)[pri:1, instance:api.tests.datadriven.users.putTests@682b2fa]" started-at="2024-09-08T22:23:32 IST" name="PutUserTestMethod4" description="Validate that API should return response of type = JSON" data-provider="alldata" finished-at="2024-09-08T22:23:34 IST" duration-ms="2705" status="PASS">
          <params>
            <param index="0">
              <value>
                <![CDATA[1015]]>
              </value>
            </param>
            <param index="1">
              <value>
                <![CDATA[testuser6]]>
              </value>
            </param>
            <param index="2">
              <value>
                <![CDATA[test6]]>
              </value>
            </param>
            <param index="3">
              <value>
                <![CDATA[user6]]>
              </value>
            </param>
            <param index="4">
              <value>
                <![CDATA[test6.user6@gmail.com]]>
              </value>
            </param>
            <param index="5">
              <value>
                <![CDATA[user1Pass6]]>
              </value>
            </param>
            <param index="6">
              <value>
                <![CDATA[8978454683]]>
              </value>
            </param>
            <param index="7">
              <value>
                <![CDATA[0]]>
              </value>
            </param>
          </params>
          <reporter-output>
          </reporter-output>
        </test-method> <!-- PutUserTestMethod4 -->
        <test-method signature="PutUserTestMethod5(java.lang.String,java.lang.String,java.lang.String,java.lang.String,java.lang.String,java.lang.String,java.lang.String,java.lang.String)[pri:1, instance:api.tests.datadriven.users.putTests@682b2fa]" started-at="2024-09-08T22:23:35 IST" name="PutUserTestMethod5" description="Validate that API should should adhere to Response structure as per data model mentioned in API Spec or API Doc.- JSON SCHEMA VALIDATION" data-provider="alldata" finished-at="2024-09-08T22:23:38 IST" duration-ms="3256" status="PASS">
          <params>
            <param index="0">
              <value>
                <![CDATA[1010]]>
              </value>
            </param>
            <param index="1">
              <value>
                <![CDATA[testuser1]]>
              </value>
            </param>
            <param index="2">
              <value>
                <![CDATA[test1]]>
              </value>
            </param>
            <param index="3">
              <value>
                <![CDATA[user1]]>
              </value>
            </param>
            <param index="4">
              <value>
                <![CDATA[test1.user1@gmail.com]]>
              </value>
            </param>
            <param index="5">
              <value>
                <![CDATA[user1Pass1]]>
              </value>
            </param>
            <param index="6">
              <value>
                <![CDATA[8978454678]]>
              </value>
            </param>
            <param index="7">
              <value>
                <![CDATA[0]]>
              </value>
            </param>
          </params>
          <reporter-output>
          </reporter-output>
        </test-method> <!-- PutUserTestMethod5 -->
        <test-method signature="PutUserTestMethod5(java.lang.String,java.lang.String,java.lang.String,java.lang.String,java.lang.String,java.lang.String,java.lang.String,java.lang.String)[pri:1, instance:api.tests.datadriven.users.putTests@682b2fa]" started-at="2024-09-08T22:23:38 IST" name="PutUserTestMethod5" description="Validate that API should should adhere to Response structure as per data model mentioned in API Spec or API Doc.- JSON SCHEMA VALIDATION" data-provider="alldata" finished-at="2024-09-08T22:23:41 IST" duration-ms="2878" status="PASS">
          <params>
            <param index="0">
              <value>
                <![CDATA[1011]]>
              </value>
            </param>
            <param index="1">
              <value>
                <![CDATA[testuser2]]>
              </value>
            </param>
            <param index="2">
              <value>
                <![CDATA[test2]]>
              </value>
            </param>
            <param index="3">
              <value>
                <![CDATA[user2]]>
              </value>
            </param>
            <param index="4">
              <value>
                <![CDATA[test2.user2@gmail.com]]>
              </value>
            </param>
            <param index="5">
              <value>
                <![CDATA[user1Pass2]]>
              </value>
            </param>
            <param index="6">
              <value>
                <![CDATA[8978454679]]>
              </value>
            </param>
            <param index="7">
              <value>
                <![CDATA[0]]>
              </value>
            </param>
          </params>
          <reporter-output>
          </reporter-output>
        </test-method> <!-- PutUserTestMethod5 -->
        <test-method signature="PutUserTestMethod5(java.lang.String,java.lang.String,java.lang.String,java.lang.String,java.lang.String,java.lang.String,java.lang.String,java.lang.String)[pri:1, instance:api.tests.datadriven.users.putTests@682b2fa]" started-at="2024-09-08T22:23:41 IST" name="PutUserTestMethod5" description="Validate that API should should adhere to Response structure as per data model mentioned in API Spec or API Doc.- JSON SCHEMA VALIDATION" data-provider="alldata" finished-at="2024-09-08T22:23:45 IST" duration-ms="3464" status="PASS">
          <params>
            <param index="0">
              <value>
                <![CDATA[1012]]>
              </value>
            </param>
            <param index="1">
              <value>
                <![CDATA[testuser3]]>
              </value>
            </param>
            <param index="2">
              <value>
                <![CDATA[test3]]>
              </value>
            </param>
            <param index="3">
              <value>
                <![CDATA[user3]]>
              </value>
            </param>
            <param index="4">
              <value>
                <![CDATA[test3.user3@gmail.com]]>
              </value>
            </param>
            <param index="5">
              <value>
                <![CDATA[user1Pass3]]>
              </value>
            </param>
            <param index="6">
              <value>
                <![CDATA[8978454680]]>
              </value>
            </param>
            <param index="7">
              <value>
                <![CDATA[0]]>
              </value>
            </param>
          </params>
          <reporter-output>
          </reporter-output>
        </test-method> <!-- PutUserTestMethod5 -->
        <test-method signature="PutUserTestMethod5(java.lang.String,java.lang.String,java.lang.String,java.lang.String,java.lang.String,java.lang.String,java.lang.String,java.lang.String)[pri:1, instance:api.tests.datadriven.users.putTests@682b2fa]" started-at="2024-09-08T22:23:45 IST" name="PutUserTestMethod5" description="Validate that API should should adhere to Response structure as per data model mentioned in API Spec or API Doc.- JSON SCHEMA VALIDATION" data-provider="alldata" finished-at="2024-09-08T22:23:48 IST" duration-ms="3270" status="PASS">
          <params>
            <param index="0">
              <value>
                <![CDATA[1013]]>
              </value>
            </param>
            <param index="1">
              <value>
                <![CDATA[testuser4]]>
              </value>
            </param>
            <param index="2">
              <value>
                <![CDATA[test4]]>
              </value>
            </param>
            <param index="3">
              <value>
                <![CDATA[user4]]>
              </value>
            </param>
            <param index="4">
              <value>
                <![CDATA[test4.user4@gmail.com]]>
              </value>
            </param>
            <param index="5">
              <value>
                <![CDATA[user1Pass4]]>
              </value>
            </param>
            <param index="6">
              <value>
                <![CDATA[8978454681]]>
              </value>
            </param>
            <param index="7">
              <value>
                <![CDATA[0]]>
              </value>
            </param>
          </params>
          <reporter-output>
          </reporter-output>
        </test-method> <!-- PutUserTestMethod5 -->
        <test-method signature="PutUserTestMethod5(java.lang.String,java.lang.String,java.lang.String,java.lang.String,java.lang.String,java.lang.String,java.lang.String,java.lang.String)[pri:1, instance:api.tests.datadriven.users.putTests@682b2fa]" started-at="2024-09-08T22:23:48 IST" name="PutUserTestMethod5" description="Validate that API should should adhere to Response structure as per data model mentioned in API Spec or API Doc.- JSON SCHEMA VALIDATION" data-provider="alldata" finished-at="2024-09-08T22:23:51 IST" duration-ms="3042" status="PASS">
          <params>
            <param index="0">
              <value>
                <![CDATA[1014]]>
              </value>
            </param>
            <param index="1">
              <value>
                <![CDATA[testuser5]]>
              </value>
            </param>
            <param index="2">
              <value>
                <![CDATA[test5]]>
              </value>
            </param>
            <param index="3">
              <value>
                <![CDATA[user5]]>
              </value>
            </param>
            <param index="4">
              <value>
                <![CDATA[test5.user5@gmail.com]]>
              </value>
            </param>
            <param index="5">
              <value>
                <![CDATA[user1Pass5]]>
              </value>
            </param>
            <param index="6">
              <value>
                <![CDATA[8978454682]]>
              </value>
            </param>
            <param index="7">
              <value>
                <![CDATA[0]]>
              </value>
            </param>
          </params>
          <reporter-output>
          </reporter-output>
        </test-method> <!-- PutUserTestMethod5 -->
        <test-method signature="PutUserTestMethod5(java.lang.String,java.lang.String,java.lang.String,java.lang.String,java.lang.String,java.lang.String,java.lang.String,java.lang.String)[pri:1, instance:api.tests.datadriven.users.putTests@682b2fa]" started-at="2024-09-08T22:23:51 IST" name="PutUserTestMethod5" description="Validate that API should should adhere to Response structure as per data model mentioned in API Spec or API Doc.- JSON SCHEMA VALIDATION" data-provider="alldata" finished-at="2024-09-08T22:23:54 IST" duration-ms="3099" status="PASS">
          <params>
            <param index="0">
              <value>
                <![CDATA[1015]]>
              </value>
            </param>
            <param index="1">
              <value>
                <![CDATA[testuser6]]>
              </value>
            </param>
            <param index="2">
              <value>
                <![CDATA[test6]]>
              </value>
            </param>
            <param index="3">
              <value>
                <![CDATA[user6]]>
              </value>
            </param>
            <param index="4">
              <value>
                <![CDATA[test6.user6@gmail.com]]>
              </value>
            </param>
            <param index="5">
              <value>
                <![CDATA[user1Pass6]]>
              </value>
            </param>
            <param index="6">
              <value>
                <![CDATA[8978454683]]>
              </value>
            </param>
            <param index="7">
              <value>
                <![CDATA[0]]>
              </value>
            </param>
          </params>
          <reporter-output>
          </reporter-output>
        </test-method> <!-- PutUserTestMethod5 -->
        <test-method signature="PutUserTestMethod6(java.lang.String,java.lang.String,java.lang.String,java.lang.String,java.lang.String,java.lang.String,java.lang.String,java.lang.String)[pri:1, instance:api.tests.datadriven.users.putTests@682b2fa]" started-at="2024-09-08T22:23:55 IST" name="PutUserTestMethod6" description="Valdiate that API should return response body with details of all existing users" data-provider="alldata" finished-at="2024-09-08T22:23:58 IST" duration-ms="3090" status="FAIL">
          <params>
            <param index="0">
              <value>
                <![CDATA[1010]]>
              </value>
            </param>
            <param index="1">
              <value>
                <![CDATA[testuser1]]>
              </value>
            </param>
            <param index="2">
              <value>
                <![CDATA[test1]]>
              </value>
            </param>
            <param index="3">
              <value>
                <![CDATA[user1]]>
              </value>
            </param>
            <param index="4">
              <value>
                <![CDATA[test1.user1@gmail.com]]>
              </value>
            </param>
            <param index="5">
              <value>
                <![CDATA[user1Pass1]]>
              </value>
            </param>
            <param index="6">
              <value>
                <![CDATA[8978454678]]>
              </value>
            </param>
            <param index="7">
              <value>
                <![CDATA[0]]>
              </value>
            </param>
          </params>
          <exception class="java.lang.AssertionError">
            <message>
              <![CDATA[
Expected: is a value equal to or greater than <6>
     but: <4> was less than <6>]]>
            </message>
            <full-stacktrace>
              <![CDATA[java.lang.AssertionError: 
Expected: is a value equal to or greater than <6>
     but: <4> was less than <6>
at org.hamcrest.MatcherAssert.assertThat(MatcherAssert.java:20)
at org.hamcrest.MatcherAssert.assertThat(MatcherAssert.java:6)
at api.tests.datadriven.users.putTests.PutUserTestMethod6(putTests.java:228)
at java.base/jdk.internal.reflect.DirectMethodHandleAccessor.invoke(DirectMethodHandleAccessor.java:103)
at java.base/java.lang.reflect.Method.invoke(Method.java:580)
at org.testng.internal.invokers.MethodInvocationHelper.invokeMethod(MethodInvocationHelper.java:141)
at org.testng.internal.invokers.TestInvoker.invokeMethod(TestInvoker.java:686)
at org.testng.internal.invokers.TestInvoker.invokeTestMethod(TestInvoker.java:230)
at org.testng.internal.invokers.MethodRunner.runInSequence(MethodRunner.java:63)
at org.testng.internal.invokers.TestInvoker$MethodInvocationAgent.invoke(TestInvoker.java:992)
at org.testng.internal.invokers.TestInvoker.invokeTestMethods(TestInvoker.java:203)
at org.testng.internal.invokers.TestMethodWorker.invokeTestMethods(TestMethodWorker.java:154)
at org.testng.internal.invokers.TestMethodWorker.run(TestMethodWorker.java:134)
at java.base/java.util.ArrayList.forEach(ArrayList.java:1597)
at org.testng.TestRunner.privateRun(TestRunner.java:739)
at org.testng.TestRunner.run(TestRunner.java:614)
at org.testng.SuiteRunner.runTest(SuiteRunner.java:421)
at org.testng.SuiteRunner.runSequentially(SuiteRunner.java:413)
at org.testng.SuiteRunner.privateRun(SuiteRunner.java:373)
at org.testng.SuiteRunner.run(SuiteRunner.java:312)
at org.testng.SuiteRunnerWorker.runSuite(SuiteRunnerWorker.java:52)
at org.testng.SuiteRunnerWorker.run(SuiteRunnerWorker.java:95)
at org.testng.TestNG.runSuitesSequentially(TestNG.java:1274)
at org.testng.TestNG.runSuitesLocally(TestNG.java:1208)
at org.testng.TestNG.runSuites(TestNG.java:1112)
at org.testng.TestNG.run(TestNG.java:1079)
at org.testng.remote.AbstractRemoteTestNG.run(AbstractRemoteTestNG.java:115)
at org.testng.remote.RemoteTestNG.initAndRun(RemoteTestNG.java:293)
at org.testng.remote.RemoteTestNG.main(RemoteTestNG.java:91)
]]>
            </full-stacktrace>
          </exception> <!-- java.lang.AssertionError -->
          <reporter-output>
          </reporter-output>
        </test-method> <!-- PutUserTestMethod6 -->
        <test-method signature="PutUserTestMethod6(java.lang.String,java.lang.String,java.lang.String,java.lang.String,java.lang.String,java.lang.String,java.lang.String,java.lang.String)[pri:1, instance:api.tests.datadriven.users.putTests@682b2fa]" started-at="2024-09-08T22:23:58 IST" name="PutUserTestMethod6" description="Valdiate that API should return response body with details of all existing users" data-provider="alldata" finished-at="2024-09-08T22:24:01 IST" duration-ms="3156" status="FAIL">
          <params>
            <param index="0">
              <value>
                <![CDATA[1011]]>
              </value>
            </param>
            <param index="1">
              <value>
                <![CDATA[testuser2]]>
              </value>
            </param>
            <param index="2">
              <value>
                <![CDATA[test2]]>
              </value>
            </param>
            <param index="3">
              <value>
                <![CDATA[user2]]>
              </value>
            </param>
            <param index="4">
              <value>
                <![CDATA[test2.user2@gmail.com]]>
              </value>
            </param>
            <param index="5">
              <value>
                <![CDATA[user1Pass2]]>
              </value>
            </param>
            <param index="6">
              <value>
                <![CDATA[8978454679]]>
              </value>
            </param>
            <param index="7">
              <value>
                <![CDATA[0]]>
              </value>
            </param>
          </params>
          <exception class="java.lang.AssertionError">
            <message>
              <![CDATA[
Expected: is a value equal to or greater than <6>
     but: <4> was less than <6>]]>
            </message>
            <full-stacktrace>
              <![CDATA[java.lang.AssertionError: 
Expected: is a value equal to or greater than <6>
     but: <4> was less than <6>
at org.hamcrest.MatcherAssert.assertThat(MatcherAssert.java:20)
at org.hamcrest.MatcherAssert.assertThat(MatcherAssert.java:6)
at api.tests.datadriven.users.putTests.PutUserTestMethod6(putTests.java:228)
at java.base/jdk.internal.reflect.DirectMethodHandleAccessor.invoke(DirectMethodHandleAccessor.java:103)
at java.base/java.lang.reflect.Method.invoke(Method.java:580)
at org.testng.internal.invokers.MethodInvocationHelper.invokeMethod(MethodInvocationHelper.java:141)
at org.testng.internal.invokers.TestInvoker.invokeMethod(TestInvoker.java:686)
at org.testng.internal.invokers.TestInvoker.invokeTestMethod(TestInvoker.java:230)
at org.testng.internal.invokers.MethodRunner.runInSequence(MethodRunner.java:63)
at org.testng.internal.invokers.TestInvoker$MethodInvocationAgent.invoke(TestInvoker.java:992)
at org.testng.internal.invokers.TestInvoker.invokeTestMethods(TestInvoker.java:203)
at org.testng.internal.invokers.TestMethodWorker.invokeTestMethods(TestMethodWorker.java:154)
at org.testng.internal.invokers.TestMethodWorker.run(TestMethodWorker.java:134)
at java.base/java.util.ArrayList.forEach(ArrayList.java:1597)
at org.testng.TestRunner.privateRun(TestRunner.java:739)
at org.testng.TestRunner.run(TestRunner.java:614)
at org.testng.SuiteRunner.runTest(SuiteRunner.java:421)
at org.testng.SuiteRunner.runSequentially(SuiteRunner.java:413)
at org.testng.SuiteRunner.privateRun(SuiteRunner.java:373)
at org.testng.SuiteRunner.run(SuiteRunner.java:312)
at org.testng.SuiteRunnerWorker.runSuite(SuiteRunnerWorker.java:52)
at org.testng.SuiteRunnerWorker.run(SuiteRunnerWorker.java:95)
at org.testng.TestNG.runSuitesSequentially(TestNG.java:1274)
at org.testng.TestNG.runSuitesLocally(TestNG.java:1208)
at org.testng.TestNG.runSuites(TestNG.java:1112)
at org.testng.TestNG.run(TestNG.java:1079)
at org.testng.remote.AbstractRemoteTestNG.run(AbstractRemoteTestNG.java:115)
at org.testng.remote.RemoteTestNG.initAndRun(RemoteTestNG.java:293)
at org.testng.remote.RemoteTestNG.main(RemoteTestNG.java:91)
]]>
            </full-stacktrace>
          </exception> <!-- java.lang.AssertionError -->
          <reporter-output>
          </reporter-output>
        </test-method> <!-- PutUserTestMethod6 -->
        <test-method signature="PutUserTestMethod6(java.lang.String,java.lang.String,java.lang.String,java.lang.String,java.lang.String,java.lang.String,java.lang.String,java.lang.String)[pri:1, instance:api.tests.datadriven.users.putTests@682b2fa]" started-at="2024-09-08T22:24:01 IST" name="PutUserTestMethod6" description="Valdiate that API should return response body with details of all existing users" data-provider="alldata" finished-at="2024-09-08T22:24:03 IST" duration-ms="2552" status="FAIL">
          <params>
            <param index="0">
              <value>
                <![CDATA[1012]]>
              </value>
            </param>
            <param index="1">
              <value>
                <![CDATA[testuser3]]>
              </value>
            </param>
            <param index="2">
              <value>
                <![CDATA[test3]]>
              </value>
            </param>
            <param index="3">
              <value>
                <![CDATA[user3]]>
              </value>
            </param>
            <param index="4">
              <value>
                <![CDATA[test3.user3@gmail.com]]>
              </value>
            </param>
            <param index="5">
              <value>
                <![CDATA[user1Pass3]]>
              </value>
            </param>
            <param index="6">
              <value>
                <![CDATA[8978454680]]>
              </value>
            </param>
            <param index="7">
              <value>
                <![CDATA[0]]>
              </value>
            </param>
          </params>
          <exception class="java.lang.AssertionError">
            <message>
              <![CDATA[
Expected: is a value equal to or greater than <6>
     but: <4> was less than <6>]]>
            </message>
            <full-stacktrace>
              <![CDATA[java.lang.AssertionError: 
Expected: is a value equal to or greater than <6>
     but: <4> was less than <6>
at org.hamcrest.MatcherAssert.assertThat(MatcherAssert.java:20)
at org.hamcrest.MatcherAssert.assertThat(MatcherAssert.java:6)
at api.tests.datadriven.users.putTests.PutUserTestMethod6(putTests.java:228)
at java.base/jdk.internal.reflect.DirectMethodHandleAccessor.invoke(DirectMethodHandleAccessor.java:103)
at java.base/java.lang.reflect.Method.invoke(Method.java:580)
at org.testng.internal.invokers.MethodInvocationHelper.invokeMethod(MethodInvocationHelper.java:141)
at org.testng.internal.invokers.TestInvoker.invokeMethod(TestInvoker.java:686)
at org.testng.internal.invokers.TestInvoker.invokeTestMethod(TestInvoker.java:230)
at org.testng.internal.invokers.MethodRunner.runInSequence(MethodRunner.java:63)
at org.testng.internal.invokers.TestInvoker$MethodInvocationAgent.invoke(TestInvoker.java:992)
at org.testng.internal.invokers.TestInvoker.invokeTestMethods(TestInvoker.java:203)
at org.testng.internal.invokers.TestMethodWorker.invokeTestMethods(TestMethodWorker.java:154)
at org.testng.internal.invokers.TestMethodWorker.run(TestMethodWorker.java:134)
at java.base/java.util.ArrayList.forEach(ArrayList.java:1597)
at org.testng.TestRunner.privateRun(TestRunner.java:739)
at org.testng.TestRunner.run(TestRunner.java:614)
at org.testng.SuiteRunner.runTest(SuiteRunner.java:421)
at org.testng.SuiteRunner.runSequentially(SuiteRunner.java:413)
at org.testng.SuiteRunner.privateRun(SuiteRunner.java:373)
at org.testng.SuiteRunner.run(SuiteRunner.java:312)
at org.testng.SuiteRunnerWorker.runSuite(SuiteRunnerWorker.java:52)
at org.testng.SuiteRunnerWorker.run(SuiteRunnerWorker.java:95)
at org.testng.TestNG.runSuitesSequentially(TestNG.java:1274)
at org.testng.TestNG.runSuitesLocally(TestNG.java:1208)
at org.testng.TestNG.runSuites(TestNG.java:1112)
at org.testng.TestNG.run(TestNG.java:1079)
at org.testng.remote.AbstractRemoteTestNG.run(AbstractRemoteTestNG.java:115)
at org.testng.remote.RemoteTestNG.initAndRun(RemoteTestNG.java:293)
at org.testng.remote.RemoteTestNG.main(RemoteTestNG.java:91)
]]>
            </full-stacktrace>
          </exception> <!-- java.lang.AssertionError -->
          <reporter-output>
          </reporter-output>
        </test-method> <!-- PutUserTestMethod6 -->
        <test-method signature="PutUserTestMethod6(java.lang.String,java.lang.String,java.lang.String,java.lang.String,java.lang.String,java.lang.String,java.lang.String,java.lang.String)[pri:1, instance:api.tests.datadriven.users.putTests@682b2fa]" started-at="2024-09-08T22:24:03 IST" name="PutUserTestMethod6" description="Valdiate that API should return response body with details of all existing users" data-provider="alldata" finished-at="2024-09-08T22:24:07 IST" duration-ms="3572" status="FAIL">
          <params>
            <param index="0">
              <value>
                <![CDATA[1013]]>
              </value>
            </param>
            <param index="1">
              <value>
                <![CDATA[testuser4]]>
              </value>
            </param>
            <param index="2">
              <value>
                <![CDATA[test4]]>
              </value>
            </param>
            <param index="3">
              <value>
                <![CDATA[user4]]>
              </value>
            </param>
            <param index="4">
              <value>
                <![CDATA[test4.user4@gmail.com]]>
              </value>
            </param>
            <param index="5">
              <value>
                <![CDATA[user1Pass4]]>
              </value>
            </param>
            <param index="6">
              <value>
                <![CDATA[8978454681]]>
              </value>
            </param>
            <param index="7">
              <value>
                <![CDATA[0]]>
              </value>
            </param>
          </params>
          <exception class="java.lang.AssertionError">
            <message>
              <![CDATA[
Expected: is a value equal to or greater than <6>
     but: <4> was less than <6>]]>
            </message>
            <full-stacktrace>
              <![CDATA[java.lang.AssertionError: 
Expected: is a value equal to or greater than <6>
     but: <4> was less than <6>
at org.hamcrest.MatcherAssert.assertThat(MatcherAssert.java:20)
at org.hamcrest.MatcherAssert.assertThat(MatcherAssert.java:6)
at api.tests.datadriven.users.putTests.PutUserTestMethod6(putTests.java:228)
at java.base/jdk.internal.reflect.DirectMethodHandleAccessor.invoke(DirectMethodHandleAccessor.java:103)
at java.base/java.lang.reflect.Method.invoke(Method.java:580)
at org.testng.internal.invokers.MethodInvocationHelper.invokeMethod(MethodInvocationHelper.java:141)
at org.testng.internal.invokers.TestInvoker.invokeMethod(TestInvoker.java:686)
at org.testng.internal.invokers.TestInvoker.invokeTestMethod(TestInvoker.java:230)
at org.testng.internal.invokers.MethodRunner.runInSequence(MethodRunner.java:63)
at org.testng.internal.invokers.TestInvoker$MethodInvocationAgent.invoke(TestInvoker.java:992)
at org.testng.internal.invokers.TestInvoker.invokeTestMethods(TestInvoker.java:203)
at org.testng.internal.invokers.TestMethodWorker.invokeTestMethods(TestMethodWorker.java:154)
at org.testng.internal.invokers.TestMethodWorker.run(TestMethodWorker.java:134)
at java.base/java.util.ArrayList.forEach(ArrayList.java:1597)
at org.testng.TestRunner.privateRun(TestRunner.java:739)
at org.testng.TestRunner.run(TestRunner.java:614)
at org.testng.SuiteRunner.runTest(SuiteRunner.java:421)
at org.testng.SuiteRunner.runSequentially(SuiteRunner.java:413)
at org.testng.SuiteRunner.privateRun(SuiteRunner.java:373)
at org.testng.SuiteRunner.run(SuiteRunner.java:312)
at org.testng.SuiteRunnerWorker.runSuite(SuiteRunnerWorker.java:52)
at org.testng.SuiteRunnerWorker.run(SuiteRunnerWorker.java:95)
at org.testng.TestNG.runSuitesSequentially(TestNG.java:1274)
at org.testng.TestNG.runSuitesLocally(TestNG.java:1208)
at org.testng.TestNG.runSuites(TestNG.java:1112)
at org.testng.TestNG.run(TestNG.java:1079)
at org.testng.remote.AbstractRemoteTestNG.run(AbstractRemoteTestNG.java:115)
at org.testng.remote.RemoteTestNG.initAndRun(RemoteTestNG.java:293)
at org.testng.remote.RemoteTestNG.main(RemoteTestNG.java:91)
]]>
            </full-stacktrace>
          </exception> <!-- java.lang.AssertionError -->
          <reporter-output>
          </reporter-output>
        </test-method> <!-- PutUserTestMethod6 -->
        <test-method signature="PutUserTestMethod6(java.lang.String,java.lang.String,java.lang.String,java.lang.String,java.lang.String,java.lang.String,java.lang.String,java.lang.String)[pri:1, instance:api.tests.datadriven.users.putTests@682b2fa]" started-at="2024-09-08T22:24:07 IST" name="PutUserTestMethod6" description="Valdiate that API should return response body with details of all existing users" data-provider="alldata" finished-at="2024-09-08T22:24:10 IST" duration-ms="2718" status="FAIL">
          <params>
            <param index="0">
              <value>
                <![CDATA[1014]]>
              </value>
            </param>
            <param index="1">
              <value>
                <![CDATA[testuser5]]>
              </value>
            </param>
            <param index="2">
              <value>
                <![CDATA[test5]]>
              </value>
            </param>
            <param index="3">
              <value>
                <![CDATA[user5]]>
              </value>
            </param>
            <param index="4">
              <value>
                <![CDATA[test5.user5@gmail.com]]>
              </value>
            </param>
            <param index="5">
              <value>
                <![CDATA[user1Pass5]]>
              </value>
            </param>
            <param index="6">
              <value>
                <![CDATA[8978454682]]>
              </value>
            </param>
            <param index="7">
              <value>
                <![CDATA[0]]>
              </value>
            </param>
          </params>
          <exception class="java.lang.AssertionError">
            <message>
              <![CDATA[
Expected: is a value equal to or greater than <6>
     but: <4> was less than <6>]]>
            </message>
            <full-stacktrace>
              <![CDATA[java.lang.AssertionError: 
Expected: is a value equal to or greater than <6>
     but: <4> was less than <6>
at org.hamcrest.MatcherAssert.assertThat(MatcherAssert.java:20)
at org.hamcrest.MatcherAssert.assertThat(MatcherAssert.java:6)
at api.tests.datadriven.users.putTests.PutUserTestMethod6(putTests.java:228)
at java.base/jdk.internal.reflect.DirectMethodHandleAccessor.invoke(DirectMethodHandleAccessor.java:103)
at java.base/java.lang.reflect.Method.invoke(Method.java:580)
at org.testng.internal.invokers.MethodInvocationHelper.invokeMethod(MethodInvocationHelper.java:141)
at org.testng.internal.invokers.TestInvoker.invokeMethod(TestInvoker.java:686)
at org.testng.internal.invokers.TestInvoker.invokeTestMethod(TestInvoker.java:230)
at org.testng.internal.invokers.MethodRunner.runInSequence(MethodRunner.java:63)
at org.testng.internal.invokers.TestInvoker$MethodInvocationAgent.invoke(TestInvoker.java:992)
at org.testng.internal.invokers.TestInvoker.invokeTestMethods(TestInvoker.java:203)
at org.testng.internal.invokers.TestMethodWorker.invokeTestMethods(TestMethodWorker.java:154)
at org.testng.internal.invokers.TestMethodWorker.run(TestMethodWorker.java:134)
at java.base/java.util.ArrayList.forEach(ArrayList.java:1597)
at org.testng.TestRunner.privateRun(TestRunner.java:739)
at org.testng.TestRunner.run(TestRunner.java:614)
at org.testng.SuiteRunner.runTest(SuiteRunner.java:421)
at org.testng.SuiteRunner.runSequentially(SuiteRunner.java:413)
at org.testng.SuiteRunner.privateRun(SuiteRunner.java:373)
at org.testng.SuiteRunner.run(SuiteRunner.java:312)
at org.testng.SuiteRunnerWorker.runSuite(SuiteRunnerWorker.java:52)
at org.testng.SuiteRunnerWorker.run(SuiteRunnerWorker.java:95)
at org.testng.TestNG.runSuitesSequentially(TestNG.java:1274)
at org.testng.TestNG.runSuitesLocally(TestNG.java:1208)
at org.testng.TestNG.runSuites(TestNG.java:1112)
at org.testng.TestNG.run(TestNG.java:1079)
at org.testng.remote.AbstractRemoteTestNG.run(AbstractRemoteTestNG.java:115)
at org.testng.remote.RemoteTestNG.initAndRun(RemoteTestNG.java:293)
at org.testng.remote.RemoteTestNG.main(RemoteTestNG.java:91)
]]>
            </full-stacktrace>
          </exception> <!-- java.lang.AssertionError -->
          <reporter-output>
          </reporter-output>
        </test-method> <!-- PutUserTestMethod6 -->
        <test-method signature="PutUserTestMethod6(java.lang.String,java.lang.String,java.lang.String,java.lang.String,java.lang.String,java.lang.String,java.lang.String,java.lang.String)[pri:1, instance:api.tests.datadriven.users.putTests@682b2fa]" started-at="2024-09-08T22:24:10 IST" name="PutUserTestMethod6" description="Valdiate that API should return response body with details of all existing users" data-provider="alldata" finished-at="2024-09-08T22:24:12 IST" duration-ms="2852" status="FAIL">
          <params>
            <param index="0">
              <value>
                <![CDATA[1015]]>
              </value>
            </param>
            <param index="1">
              <value>
                <![CDATA[testuser6]]>
              </value>
            </param>
            <param index="2">
              <value>
                <![CDATA[test6]]>
              </value>
            </param>
            <param index="3">
              <value>
                <![CDATA[user6]]>
              </value>
            </param>
            <param index="4">
              <value>
                <![CDATA[test6.user6@gmail.com]]>
              </value>
            </param>
            <param index="5">
              <value>
                <![CDATA[user1Pass6]]>
              </value>
            </param>
            <param index="6">
              <value>
                <![CDATA[8978454683]]>
              </value>
            </param>
            <param index="7">
              <value>
                <![CDATA[0]]>
              </value>
            </param>
          </params>
          <exception class="java.lang.AssertionError">
            <message>
              <![CDATA[
Expected: is a value equal to or greater than <6>
     but: <4> was less than <6>]]>
            </message>
            <full-stacktrace>
              <![CDATA[java.lang.AssertionError: 
Expected: is a value equal to or greater than <6>
     but: <4> was less than <6>
at org.hamcrest.MatcherAssert.assertThat(MatcherAssert.java:20)
at org.hamcrest.MatcherAssert.assertThat(MatcherAssert.java:6)
at api.tests.datadriven.users.putTests.PutUserTestMethod6(putTests.java:228)
at java.base/jdk.internal.reflect.DirectMethodHandleAccessor.invoke(DirectMethodHandleAccessor.java:103)
at java.base/java.lang.reflect.Method.invoke(Method.java:580)
at org.testng.internal.invokers.MethodInvocationHelper.invokeMethod(MethodInvocationHelper.java:141)
at org.testng.internal.invokers.TestInvoker.invokeMethod(TestInvoker.java:686)
at org.testng.internal.invokers.TestInvoker.invokeTestMethod(TestInvoker.java:230)
at org.testng.internal.invokers.MethodRunner.runInSequence(MethodRunner.java:63)
at org.testng.internal.invokers.TestInvoker$MethodInvocationAgent.invoke(TestInvoker.java:992)
at org.testng.internal.invokers.TestInvoker.invokeTestMethods(TestInvoker.java:203)
at org.testng.internal.invokers.TestMethodWorker.invokeTestMethods(TestMethodWorker.java:154)
at org.testng.internal.invokers.TestMethodWorker.run(TestMethodWorker.java:134)
at java.base/java.util.ArrayList.forEach(ArrayList.java:1597)
at org.testng.TestRunner.privateRun(TestRunner.java:739)
at org.testng.TestRunner.run(TestRunner.java:614)
at org.testng.SuiteRunner.runTest(SuiteRunner.java:421)
at org.testng.SuiteRunner.runSequentially(SuiteRunner.java:413)
at org.testng.SuiteRunner.privateRun(SuiteRunner.java:373)
at org.testng.SuiteRunner.run(SuiteRunner.java:312)
at org.testng.SuiteRunnerWorker.runSuite(SuiteRunnerWorker.java:52)
at org.testng.SuiteRunnerWorker.run(SuiteRunnerWorker.java:95)
at org.testng.TestNG.runSuitesSequentially(TestNG.java:1274)
at org.testng.TestNG.runSuitesLocally(TestNG.java:1208)
at org.testng.TestNG.runSuites(TestNG.java:1112)
at org.testng.TestNG.run(TestNG.java:1079)
at org.testng.remote.AbstractRemoteTestNG.run(AbstractRemoteTestNG.java:115)
at org.testng.remote.RemoteTestNG.initAndRun(RemoteTestNG.java:293)
at org.testng.remote.RemoteTestNG.main(RemoteTestNG.java:91)
]]>
            </full-stacktrace>
          </exception> <!-- java.lang.AssertionError -->
          <reporter-output>
          </reporter-output>
        </test-method> <!-- PutUserTestMethod6 -->
[...]
              </value>
            </param>
            <param index="5">
              <value>
                <![CDATA[user1Pass1]]>
              </value>
            </param>
            <param index="6">
              <value>
                <![CDATA[8978454678]]>
              </value>
            </param>
            <param index="7">
              <value>
                <![CDATA[0]]>
              </value>
            </param>
          </params>
          <reporter-output>
          </reporter-output>
        </test-method> <!-- DeleteUserTestMethod6 -->
        <test-method signature="DeleteUserTestMethod6(java.lang.String,java.lang.String,java.lang.String,java.lang.String,java.lang.String,java.lang.String,java.lang.String,java.lang.String)[pri:2, instance:api.tests.datadriven.users.deleteTests@6ad82709]" started-at="2024-09-08T22:26:03 IST" name="DeleteUserTestMethod6" description="Valdiate that API should return response body with details of all existing users" data-provider="alldata" finished-at="2024-09-08T22:26:06 IST" duration-ms="2798" status="PASS">
          <params>
            <param index="0">
              <value>
                <![CDATA[1011]]>
              </value>
            </param>
            <param index="1">
              <value>
                <![CDATA[testuser2]]>
              </value>
            </param>
            <param index="2">
              <value>
                <![CDATA[test2]]>
              </value>
            </param>
            <param index="3">
              <value>
                <![CDATA[user2]]>
              </value>
            </param>
            <param index="4">
              <value>
                <![CDATA[test2.user2@gmail.com]]>
              </value>
            </param>
            <param index="5">
              <value>
                <![CDATA[user1Pass2]]>
              </value>
            </param>
            <param index="6">
              <value>
                <![CDATA[8978454679]]>
              </value>
            </param>
            <param index="7">
              <value>
                <![CDATA[0]]>
              </value>
            </param>
          </params>
          <reporter-output>
          </reporter-output>
        </test-method> <!-- DeleteUserTestMethod6 -->
        <test-method signature="DeleteUserTestMethod6(java.lang.String,java.lang.String,java.lang.String,java.lang.String,java.lang.String,java.lang.String,java.lang.String,java.lang.String)[pri:2, instance:api.tests.datadriven.users.deleteTests@6ad82709]" started-at="2024-09-08T22:26:06 IST" name="DeleteUserTestMethod6" description="Valdiate that API should return response body with details of all existing users" data-provider="alldata" finished-at="2024-09-08T22:26:09 IST" duration-ms="3185" status="PASS">
          <params>
            <param index="0">
              <value>
                <![CDATA[1012]]>
              </value>
            </param>
            <param index="1">
              <value>
                <![CDATA[testuser3]]>
              </value>
            </param>
            <param index="2">
              <value>
                <![CDATA[test3]]>
              </value>
            </param>
            <param index="3">
              <value>
                <![CDATA[user3]]>
              </value>
            </param>
            <param index="4">
              <value>
                <![CDATA[test3.user3@gmail.com]]>
              </value>
            </param>
            <param index="5">
              <value>
                <![CDATA[user1Pass3]]>
              </value>
            </param>
            <param index="6">
              <value>
                <![CDATA[8978454680]]>
              </value>
            </param>
            <param index="7">
              <value>
                <![CDATA[0]]>
              </value>
            </param>
          </params>
          <reporter-output>
          </reporter-output>
        </test-method> <!-- DeleteUserTestMethod6 -->
        <test-method signature="DeleteUserTestMethod6(java.lang.String,java.lang.String,java.lang.String,java.lang.String,java.lang.String,java.lang.String,java.lang.String,java.lang.String)[pri:2, instance:api.tests.datadriven.users.deleteTests@6ad82709]" started-at="2024-09-08T22:26:09 IST" name="DeleteUserTestMethod6" description="Valdiate that API should return response body with details of all existing users" data-provider="alldata" finished-at="2024-09-08T22:26:12 IST" duration-ms="2945" status="PASS">
          <params>
            <param index="0">
              <value>
                <![CDATA[1013]]>
              </value>
            </param>
            <param index="1">
              <value>
                <![CDATA[testuser4]]>
              </value>
            </param>
            <param index="2">
              <value>
                <![CDATA[test4]]>
              </value>
            </param>
            <param index="3">
              <value>
                <![CDATA[user4]]>
              </value>
            </param>
            <param index="4">
              <value>
                <![CDATA[test4.user4@gmail.com]]>
              </value>
            </param>
            <param index="5">
              <value>
                <![CDATA[user1Pass4]]>
              </value>
            </param>
            <param index="6">
              <value>
                <![CDATA[8978454681]]>
              </value>
            </param>
            <param index="7">
              <value>
                <![CDATA[0]]>
              </value>
            </param>
          </params>
          <reporter-output>
          </reporter-output>
        </test-method> <!-- DeleteUserTestMethod6 -->
        <test-method signature="DeleteUserTestMethod6(java.lang.String,java.lang.String,java.lang.String,java.lang.String,java.lang.String,java.lang.String,java.lang.String,java.lang.String)[pri:2, instance:api.tests.datadriven.users.deleteTests@6ad82709]" started-at="2024-09-08T22:26:12 IST" name="DeleteUserTestMethod6" description="Valdiate that API should return response body with details of all existing users" data-provider="alldata" finished-at="2024-09-08T22:26:15 IST" duration-ms="2768" status="PASS">
          <params>
            <param index="0">
              <value>
                <![CDATA[1014]]>
              </value>
            </param>
            <param index="1">
              <value>
                <![CDATA[testuser5]]>
              </value>
            </param>
            <param index="2">
              <value>
                <![CDATA[test5]]>
              </value>
            </param>
            <param index="3">
              <value>
                <![CDATA[user5]]>
              </value>
            </param>
            <param index="4">
              <value>
                <![CDATA[test5.user5@gmail.com]]>
              </value>
            </param>
            <param index="5">
              <value>
                <![CDATA[user1Pass5]]>
              </value>
            </param>
            <param index="6">
              <value>
                <![CDATA[8978454682]]>
              </value>
            </param>
            <param index="7">
              <value>
                <![CDATA[0]]>
              </value>
            </param>
          </params>
          <reporter-output>
          </reporter-output>
        </test-method> <!-- DeleteUserTestMethod6 -->
        <test-method signature="DeleteUserTestMethod6(java.lang.String,java.lang.String,java.lang.String,java.lang.String,java.lang.String,java.lang.String,java.lang.String,java.lang.String)[pri:2, instance:api.tests.datadriven.users.deleteTests@6ad82709]" started-at="2024-09-08T22:26:15 IST" name="DeleteUserTestMethod6" description="Valdiate that API should return response body with details of all existing users" data-provider="alldata" finished-at="2024-09-08T22:26:18 IST" duration-ms="2916" status="PASS">
          <params>
            <param index="0">
              <value>
                <![CDATA[1015]]>
              </value>
            </param>
            <param index="1">
              <value>
                <![CDATA[testuser6]]>
              </value>
            </param>
            <param index="2">
              <value>
                <![CDATA[test6]]>
              </value>
            </param>
            <param index="3">
              <value>
                <![CDATA[user6]]>
              </value>
            </param>
            <param index="4">
              <value>
                <![CDATA[test6.user6@gmail.com]]>
              </value>
            </param>
            <param index="5">
              <value>
                <![CDATA[user1Pass6]]>
              </value>
            </param>
            <param index="6">
              <value>
                <![CDATA[8978454683]]>
              </value>
            </param>
            <param index="7">
              <value>
                <![CDATA[0]]>
              </value>
            </param>
          </params>
          <reporter-output>
          </reporter-output>
        </test-method> <!-- DeleteUserTestMethod6 -->
        <test-method signature="DeleteUserTestMethod7(java.lang.String,java.lang.String,java.lang.String,java.lang.String,java.lang.String,java.lang.String,java.lang.String,java.lang.String)[pri:2, instance:api.tests.datadriven.users.deleteTests@6ad82709]" started-at="2024-09-08T22:26:18 IST" name="DeleteUserTestMethod7" description="Valdiate that API should return response headers as per the spec" data-provider="alldata" finished-at="2024-09-08T22:26:21 IST" duration-ms="2870" status="PASS">
          <params>
            <param index="0">
              <value>
                <![CDATA[1010]]>
              </value>
            </param>
            <param index="1">
              <value>
                <![CDATA[testuser1]]>
              </value>
            </param>
            <param index="2">
              <value>
                <![CDATA[test1]]>
              </value>
            </param>
            <param index="3">
              <value>
                <![CDATA[user1]]>
              </value>
            </param>
            <param index="4">
              <value>
                <![CDATA[test1.user1@gmail.com]]>
              </value>
            </param>
            <param index="5">
              <value>
                <![CDATA[user1Pass1]]>
              </value>
            </param>
            <param index="6">
              <value>
                <![CDATA[8978454678]]>
              </value>
            </param>
            <param index="7">
              <value>
                <![CDATA[0]]>
              </value>
            </param>
          </params>
          <reporter-output>
          </reporter-output>
        </test-method> <!-- DeleteUserTestMethod7 -->
        <test-method signature="DeleteUserTestMethod7(java.lang.String,java.lang.String,java.lang.String,java.lang.String,java.lang.String,java.lang.String,java.lang.String,java.lang.String)[pri:2, instance:api.tests.datadriven.users.deleteTests@6ad82709]" started-at="2024-09-08T22:26:21 IST" name="DeleteUserTestMethod7" description="Valdiate that API should return response headers as per the spec" data-provider="alldata" finished-at="2024-09-08T22:26:25 IST" duration-ms="4102" status="PASS">
          <params>
            <param index="0">
              <value>
                <![CDATA[1011]]>
              </value>
            </param>
            <param index="1">
              <value>
                <![CDATA[testuser2]]>
              </value>
            </param>
            <param index="2">
              <value>
                <![CDATA[test2]]>
              </value>
            </param>
            <param index="3">
              <value>
                <![CDATA[user2]]>
              </value>
            </param>
            <param index="4">
              <value>
                <![CDATA[test2.user2@gmail.com]]>
              </value>
            </param>
            <param index="5">
              <value>
                <![CDATA[user1Pass2]]>
              </value>
            </param>
            <param index="6">
              <value>
                <![CDATA[8978454679]]>
              </value>
            </param>
            <param index="7">
              <value>
                <![CDATA[0]]>
              </value>
            </param>
          </params>
          <reporter-output>
          </reporter-output>
        </test-method> <!-- DeleteUserTestMethod7 -->
        <test-method signature="DeleteUserTestMethod7(java.lang.String,java.lang.String,java.lang.String,java.lang.String,java.lang.String,java.lang.String,java.lang.String,java.lang.String)[pri:2, instance:api.tests.datadriven.users.deleteTests@6ad82709]" started-at="2024-09-08T22:26:25 IST" name="DeleteUserTestMethod7" description="Valdiate that API should return response headers as per the spec" data-provider="alldata" finished-at="2024-09-08T22:26:29 IST" duration-ms="3890" status="PASS">
          <params>
            <param index="0">
              <value>
                <![CDATA[1012]]>
              </value>
            </param>
            <param index="1">
              <value>
                <![CDATA[testuser3]]>
              </value>
            </param>
            <param index="2">
              <value>
                <![CDATA[test3]]>
              </value>
            </param>
            <param index="3">
              <value>
                <![CDATA[user3]]>
              </value>
            </param>
            <param index="4">
              <value>
                <![CDATA[test3.user3@gmail.com]]>
              </value>
            </param>
            <param index="5">
              <value>
                <![CDATA[user1Pass3]]>
              </value>
            </param>
            <param index="6">
              <value>
                <![CDATA[8978454680]]>
              </value>
            </param>
            <param index="7">
              <value>
                <![CDATA[0]]>
              </value>
            </param>
          </params>
          <reporter-output>
          </reporter-output>
        </test-method> <!-- DeleteUserTestMethod7 -->
        <test-method signature="DeleteUserTestMethod7(java.lang.String,java.lang.String,java.lang.String,java.lang.String,java.lang.String,java.lang.String,java.lang.String,java.lang.String)[pri:2, instance:api.tests.datadriven.users.deleteTests@6ad82709]" started-at="2024-09-08T22:26:29 IST" name="DeleteUserTestMethod7" description="Valdiate that API should return response headers as per the spec" data-provider="alldata" finished-at="2024-09-08T22:26:32 IST" duration-ms="3273" status="PASS">
          <params>
            <param index="0">
              <value>
                <![CDATA[1013]]>
              </value>
            </param>
            <param index="1">
              <value>
                <![CDATA[testuser4]]>
              </value>
            </param>
            <param index="2">
              <value>
                <![CDATA[test4]]>
              </value>
            </param>
            <param index="3">
              <value>
                <![CDATA[user4]]>
              </value>
            </param>
            <param index="4">
              <value>
                <![CDATA[test4.user4@gmail.com]]>
              </value>
            </param>
            <param index="5">
              <value>
                <![CDATA[user1Pass4]]>
              </value>
            </param>
            <param index="6">
              <value>
                <![CDATA[8978454681]]>
              </value>
            </param>
            <param index="7">
              <value>
                <![CDATA[0]]>
              </value>
            </param>
          </params>
          <reporter-output>
          </reporter-output>
        </test-method> <!-- DeleteUserTestMethod7 -->
        <test-method signature="DeleteUserTestMethod7(java.lang.String,java.lang.String,java.lang.String,java.lang.String,java.lang.String,java.lang.String,java.lang.String,java.lang.String)[pri:2, instance:api.tests.datadriven.users.deleteTests@6ad82709]" started-at="2024-09-08T22:26:32 IST" name="DeleteUserTestMethod7" description="Valdiate that API should return response headers as per the spec" data-provider="alldata" finished-at="2024-09-08T22:26:36 IST" duration-ms="3476" status="PASS">
          <params>
            <param index="0">
              <value>
                <![CDATA[1014]]>
              </value>
            </param>
            <param index="1">
              <value>
                <![CDATA[testuser5]]>
              </value>
            </param>
            <param index="2">
              <value>
                <![CDATA[test5]]>
              </value>
            </param>
            <param index="3">
              <value>
                <![CDATA[user5]]>
              </value>
            </param>
            <param index="4">
              <value>
                <![CDATA[test5.user5@gmail.com]]>
              </value>
            </param>
            <param index="5">
              <value>
                <![CDATA[user1Pass5]]>
              </value>
            </param>
            <param index="6">
              <value>
                <![CDATA[8978454682]]>
              </value>
            </param>
            <param index="7">
              <value>
                <![CDATA[0]]>
              </value>
            </param>
          </params>
          <reporter-output>
          </reporter-output>
        </test-method> <!-- DeleteUserTestMethod7 -->
        <test-method signature="DeleteUserTestMethod7(java.lang.String,java.lang.String,java.lang.String,java.lang.String,java.lang.String,java.lang.String,java.lang.String,java.lang.String)[pri:2, instance:api.tests.datadriven.users.deleteTests@6ad82709]" started-at="2024-09-08T22:26:36 IST" name="DeleteUserTestMethod7" description="Valdiate that API should return response headers as per the spec" data-provider="alldata" finished-at="2024-09-08T22:26:40 IST" duration-ms="3893" status="PASS">
          <params>
            <param index="0">
              <value>
                <![CDATA[1015]]>
              </value>
            </param>
            <param index="1">
              <value>
                <![CDATA[testuser6]]>
              </value>
            </param>
            <param index="2">
              <value>
                <![CDATA[test6]]>
              </value>
            </param>
            <param index="3">
              <value>
                <![CDATA[user6]]>
              </value>
            </param>
            <param index="4">
              <value>
                <![CDATA[test6.user6@gmail.com]]>
              </value>
            </param>
            <param index="5">
              <value>
                <![CDATA[user1Pass6]]>
              </value>
            </param>
            <param index="6">
              <value>
                <![CDATA[8978454683]]>
              </value>
            </param>
            <param index="7">
              <value>
                <![CDATA[0]]>
              </value>
            </param>
          </params>
          <reporter-output>
          </reporter-output>
        </test-method> <!-- DeleteUserTestMethod7 -->
        <test-method is-config="true" signature="Teardown()[pri:0, instance:api.tests.datadriven.users.deleteTests@6ad82709]" started-at="2024-09-08T22:26:40 IST" name="Teardown" finished-at="2024-09-08T22:26:40 IST" duration-ms="17" status="PASS">
          <reporter-output>
          </reporter-output>
        </test-method> <!-- Teardown -->
      </class> <!-- api.tests.datadriven.users.deleteTests -->
    </test> <!-- Test -->
  </suite> <!-- Suite -->
</testng-results>
